Analysis & Synthesis report for sig
Thu Sep 19 12:11:18 2019
Quartus II Version 9.1 Build 222 10/21/2009 SJ Web Edition


---------------------
; Table of Contents ;
---------------------
  1. Legal Notice
  2. Analysis & Synthesis Summary
  3. Analysis & Synthesis Settings
  4. Parallel Compilation
  5. Analysis & Synthesis Source Files Read
  6. Analysis & Synthesis Resource Usage Summary
  7. Analysis & Synthesis Resource Utilization by Entity
  8. General Register Statistics
  9. Source assignments for Block1:inst|lpm_counter_16:inst|lpm_counter:lpm_counter_component
 10. Source assignments for Block2:inst1|lpm_counter_to_9:inst1|lpm_counter:lpm_counter_component
 11. Source assignments for Block2:inst1|lpm_counter_to_9:inst10|lpm_counter:lpm_counter_component
 12. Source assignments for Block3:inst2|lpm_counter_to16:inst|lpm_counter:lpm_counter_component
 13. Parameter Settings for User Entity Instance: Block1:inst|lpm_compare_signal:inst2|lpm_compare:lpm_compare_component
 14. Parameter Settings for User Entity Instance: Block1:inst|lpm_counter_16:inst|lpm_counter:lpm_counter_component
 15. Parameter Settings for User Entity Instance: Block1:inst|lpm_compare_reset:inst1|lpm_compare:lpm_compare_component
 16. Parameter Settings for User Entity Instance: Block1:inst|lpm_sub_one:inst14|lpm_add_sub:lpm_add_sub_component
 17. Parameter Settings for User Entity Instance: Block1:inst|lpm_add_m_plus_n:inst3|lpm_add_sub:lpm_add_sub_component
 18. Parameter Settings for User Entity Instance: Block1:inst|lpm_and_zero_check:inst16|lpm_and:lpm_and_component
 19. Parameter Settings for User Entity Instance: Block1:inst|lpm_inv_4:inst15|lpm_inv:lpm_inv_component
 20. Parameter Settings for User Entity Instance: Block2:inst1|lpm_and_zero_check:inst8|lpm_and:lpm_and_component
 21. Parameter Settings for User Entity Instance: Block2:inst1|lpm_inv_4:inst|lpm_inv:lpm_inv_component
 22. Parameter Settings for User Entity Instance: Block2:inst1|lpm_counter_to_9:inst1|lpm_counter:lpm_counter_component
 23. Parameter Settings for User Entity Instance: Block2:inst1|lpm_compare_to3:inst3|lpm_compare:lpm_compare_component
 24. Parameter Settings for User Entity Instance: Block2:inst1|lpm_compare_to2:inst7|lpm_compare:lpm_compare_component
 25. Parameter Settings for User Entity Instance: Block2:inst1|lpm_counter_to_9:inst10|lpm_counter:lpm_counter_component
 26. Parameter Settings for User Entity Instance: Block2:inst1|lpm_compare_to2:inst2|lpm_compare:lpm_compare_component
 27. Parameter Settings for User Entity Instance: Block3:inst2|lpm_decode_to16:inst1|lpm_decode:lpm_decode_component
 28. Parameter Settings for User Entity Instance: Block3:inst2|lpm_counter_to16:inst|lpm_counter:lpm_counter_component
 29. Analysis & Synthesis Messages



----------------
; Legal Notice ;
----------------
Copyright (C) 1991-2009 Altera Corporation
Your use of Altera Corporation's design tools, logic functions 
and other software and tools, and its AMPP partner logic 
functions, and any output files from any of the foregoing 
(including device programming or simulation files), and any 
associated documentation or information are expressly subject 
to the terms and conditions of the Altera Program License 
Subscription Agreement, Altera MegaCore Function License 
Agreement, or other applicable license agreement, including, 
without limitation, that your use is for the sole purpose of 
programming logic devices manufactured by Altera and sold by 
Altera or its authorized distributors.  Please refer to the 
applicable agreement for further details.



+-------------------------------------------------------------------------+
; Analysis & Synthesis Summary                                            ;
+-------------------------------+-----------------------------------------+
; Analysis & Synthesis Status   ; Successful - Thu Sep 19 12:11:18 2019   ;
; Quartus II Version            ; 9.1 Build 222 10/21/2009 SJ Web Edition ;
; Revision Name                 ; sig                                     ;
; Top-level Entity Name         ; Block_result                            ;
; Family                        ; Stratix II                              ;
; Logic utilization             ; N/A                                     ;
;     Combinational ALUTs       ; 49                                      ;
;     Dedicated logic registers ; 16                                      ;
; Total registers               ; 16                                      ;
; Total pins                    ; 27                                      ;
; Total virtual pins            ; 0                                       ;
; Total block memory bits       ; 0                                       ;
; DSP block 9-bit elements      ; 0                                       ;
; Total PLLs                    ; 0                                       ;
; Total DLLs                    ; 0                                       ;
+-------------------------------+-----------------------------------------+


+----------------------------------------------------------------------------------------------------------------------+
; Analysis & Synthesis Settings                                                                                        ;
+----------------------------------------------------------------------------+--------------------+--------------------+
; Option                                                                     ; Setting            ; Default Value      ;
+----------------------------------------------------------------------------+--------------------+--------------------+
; Top-level entity name                                                      ; Block_result       ; sig                ;
; Family name                                                                ; Stratix II         ; Stratix II         ;
; Use Generated Physical Constraints File                                    ; Off                ;                    ;
; Use smart compilation                                                      ; Off                ; Off                ;
; Enable parallel Assembler and TimeQuest Timing Analyzer during compilation ; On                 ; On                 ;
; Enable compact report table                                                ; Off                ; Off                ;
; Restructure Multiplexers                                                   ; Auto               ; Auto               ;
; Create Debugging Nodes for IP Cores                                        ; Off                ; Off                ;
; Preserve fewer node names                                                  ; On                 ; On                 ;
; Disable OpenCore Plus hardware evaluation                                  ; Off                ; Off                ;
; Verilog Version                                                            ; Verilog_2001       ; Verilog_2001       ;
; VHDL Version                                                               ; VHDL_1993          ; VHDL_1993          ;
; State Machine Processing                                                   ; Auto               ; Auto               ;
; Safe State Machine                                                         ; Off                ; Off                ;
; Extract Verilog State Machines                                             ; On                 ; On                 ;
; Extract VHDL State Machines                                                ; On                 ; On                 ;
; Ignore Verilog initial constructs                                          ; Off                ; Off                ;
; Iteration limit for constant Verilog loops                                 ; 5000               ; 5000               ;
; Iteration limit for non-constant Verilog loops                             ; 250                ; 250                ;
; Add Pass-Through Logic to Inferred RAMs                                    ; On                 ; On                 ;
; Parallel Synthesis                                                         ; On                 ; On                 ;
; DSP Block Balancing                                                        ; Auto               ; Auto               ;
; NOT Gate Push-Back                                                         ; On                 ; On                 ;
; Power-Up Don't Care                                                        ; On                 ; On                 ;
; Remove Redundant Logic Cells                                               ; Off                ; Off                ;
; Remove Duplicate Registers                                                 ; On                 ; On                 ;
; Ignore CARRY Buffers                                                       ; Off                ; Off                ;
; Ignore CASCADE Buffers                                                     ; Off                ; Off                ;
; Ignore GLOBAL Buffers                                                      ; Off                ; Off                ;
; Ignore ROW GLOBAL Buffers                                                  ; Off                ; Off                ;
; Ignore LCELL Buffers                                                       ; Off                ; Off                ;
; Ignore SOFT Buffers                                                        ; On                 ; On                 ;
; Limit AHDL Integers to 32 Bits                                             ; Off                ; Off                ;
; Optimization Technique                                                     ; Balanced           ; Balanced           ;
; Carry Chain Length                                                         ; 70                 ; 70                 ;
; Auto Carry Chains                                                          ; On                 ; On                 ;
; Auto Open-Drain Pins                                                       ; On                 ; On                 ;
; Perform WYSIWYG Primitive Resynthesis                                      ; Off                ; Off                ;
; Auto ROM Replacement                                                       ; On                 ; On                 ;
; Auto RAM Replacement                                                       ; On                 ; On                 ;
; Auto DSP Block Replacement                                                 ; On                 ; On                 ;
; Auto Shift Register Replacement                                            ; Auto               ; Auto               ;
; Auto Clock Enable Replacement                                              ; On                 ; On                 ;
; Strict RAM Replacement                                                     ; Off                ; Off                ;
; Allow Synchronous Control Signals                                          ; On                 ; On                 ;
; Force Use of Synchronous Clear Signals                                     ; Off                ; Off                ;
; Auto RAM Block Balancing                                                   ; On                 ; On                 ;
; Auto RAM to Logic Cell Conversion                                          ; Off                ; Off                ;
; Auto Resource Sharing                                                      ; Off                ; Off                ;
; Allow Any RAM Size For Recognition                                         ; Off                ; Off                ;
; Allow Any ROM Size For Recognition                                         ; Off                ; Off                ;
; Allow Any Shift Register Size For Recognition                              ; Off                ; Off                ;
; Use LogicLock Constraints during Resource Balancing                        ; On                 ; On                 ;
; Ignore translate_off and synthesis_off directives                          ; Off                ; Off                ;
; Timing-Driven Synthesis                                                    ; Off                ; Off                ;
; Show Parameter Settings Tables in Synthesis Report                         ; On                 ; On                 ;
; Ignore Maximum Fan-Out Assignments                                         ; Off                ; Off                ;
; Synchronization Register Chain Length                                      ; 2                  ; 2                  ;
; PowerPlay Power Optimization                                               ; Normal compilation ; Normal compilation ;
; HDL message level                                                          ; Level2             ; Level2             ;
; Suppress Register Optimization Related Messages                            ; Off                ; Off                ;
; Number of Removed Registers Reported in Synthesis Report                   ; 100                ; 100                ;
; Number of Inverted Registers Reported in Synthesis Report                  ; 100                ; 100                ;
; Clock MUX Protection                                                       ; On                 ; On                 ;
; Auto Gated Clock Conversion                                                ; Off                ; Off                ;
; Block Design Naming                                                        ; Auto               ; Auto               ;
; SDC constraint protection                                                  ; Off                ; Off                ;
; Synthesis Effort                                                           ; Auto               ; Auto               ;
; Shift Register Replacement - Allow Asynchronous Clear Signal               ; On                 ; On                 ;
; Analysis & Synthesis Message Level                                         ; Medium             ; Medium             ;
; Disable Register Merging Across Hierarchies                                ; Auto               ; Auto               ;
; Resource Aware Inference For Block RAM                                     ; On                 ; On                 ;
+----------------------------------------------------------------------------+--------------------+--------------------+


Parallel compilation was disabled, but you have multiple processors available. Enable parallel compilation to reduce compilation time.
+-------------------------------------+
; Parallel Compilation                ;
+----------------------------+--------+
; Processors                 ; Number ;
+----------------------------+--------+
; Number detected on machine ; 4      ;
; Maximum allowed            ; 1      ;
+----------------------------+--------+


+-----------------------------------------------------------------------------------------------------------------------------------------------------+
; Analysis & Synthesis Source Files Read                                                                                                              ;
+----------------------------------+-----------------+------------------------------------+-----------------------------------------------------------+
; File Name with User-Entered Path ; Used in Netlist ; File Type                          ; File Name with Absolute Path                              ;
+----------------------------------+-----------------+------------------------------------+-----------------------------------------------------------+
; Block2.bdf                       ; yes             ; User Block Diagram/Schematic File  ; d:/altera/quartus/lab2_5/Block2.bdf                       ;
; Block3.bdf                       ; yes             ; User Block Diagram/Schematic File  ; d:/altera/quartus/lab2_5/Block3.bdf                       ;
; Block1.bdf                       ; yes             ; User Block Diagram/Schematic File  ; d:/altera/quartus/lab2_5/Block1.bdf                       ;
; Block_result.bdf                 ; yes             ; User Block Diagram/Schematic File  ; d:/altera/quartus/lab2_5/Block_result.bdf                 ;
; lpm_compare_signal.tdf           ; yes             ; Auto-Found Wizard-Generated File   ; d:/altera/quartus/lab2_5/lpm_compare_signal.tdf           ;
; lpm_compare.inc                  ; yes             ; Megafunction                       ; d:/altera/quartus/libraries/megafunctions/lpm_compare.inc ;
; lpm_compare.tdf                  ; yes             ; Megafunction                       ; d:/altera/quartus/libraries/megafunctions/lpm_compare.tdf ;
; db/cmpr_nlg.tdf                  ; yes             ; Auto-Generated Megafunction        ; d:/altera/quartus/lab2_5/db/cmpr_nlg.tdf                  ;
; lpm_counter_16.tdf               ; yes             ; Auto-Found Wizard-Generated File   ; d:/altera/quartus/lab2_5/lpm_counter_16.tdf               ;
; lpm_counter.inc                  ; yes             ; Megafunction                       ; d:/altera/quartus/libraries/megafunctions/lpm_counter.inc ;
; lpm_counter.tdf                  ; yes             ; Megafunction                       ; d:/altera/quartus/libraries/megafunctions/lpm_counter.tdf ;
; lpm_decode.inc                   ; yes             ; Megafunction                       ; d:/altera/quartus/libraries/megafunctions/lpm_decode.inc  ;
; lpm_add_sub.inc                  ; yes             ; Megafunction                       ; d:/altera/quartus/libraries/megafunctions/lpm_add_sub.inc ;
; db/cntr_e4i.tdf                  ; yes             ; Auto-Generated Megafunction        ; d:/altera/quartus/lab2_5/db/cntr_e4i.tdf                  ;
; lpm_compare_reset.tdf            ; yes             ; Auto-Found Wizard-Generated File   ; d:/altera/quartus/lab2_5/lpm_compare_reset.tdf            ;
; db/cmpr_ilg.tdf                  ; yes             ; Auto-Generated Megafunction        ; d:/altera/quartus/lab2_5/db/cmpr_ilg.tdf                  ;
; lpm_sub_one.tdf                  ; yes             ; Auto-Found Wizard-Generated File   ; d:/altera/quartus/lab2_5/lpm_sub_one.tdf                  ;
; lpm_add_sub.tdf                  ; yes             ; Megafunction                       ; d:/altera/quartus/libraries/megafunctions/lpm_add_sub.tdf ;
; db/add_sub_vph.tdf               ; yes             ; Auto-Generated Megafunction        ; d:/altera/quartus/lab2_5/db/add_sub_vph.tdf               ;
; lpm_add_m_plus_n.tdf             ; yes             ; Auto-Found Wizard-Generated File   ; d:/altera/quartus/lab2_5/lpm_add_m_plus_n.tdf             ;
; db/add_sub_alh.tdf               ; yes             ; Auto-Generated Megafunction        ; d:/altera/quartus/lab2_5/db/add_sub_alh.tdf               ;
; lpm_and_zero_check.tdf           ; yes             ; Auto-Found Wizard-Generated File   ; d:/altera/quartus/lab2_5/lpm_and_zero_check.tdf           ;
; lpm_and.inc                      ; yes             ; Auto-Found AHDL File               ; d:/altera/quartus/libraries/megafunctions/lpm_and.inc     ;
; lpm_and.tdf                      ; yes             ; Megafunction                       ; d:/altera/quartus/libraries/megafunctions/lpm_and.tdf     ;
; lpm_inv_4.tdf                    ; yes             ; Auto-Found Wizard-Generated File   ; d:/altera/quartus/lab2_5/lpm_inv_4.tdf                    ;
; lpm_inv.inc                      ; yes             ; Auto-Found AHDL File               ; d:/altera/quartus/libraries/megafunctions/lpm_inv.inc     ;
; lpm_inv.tdf                      ; yes             ; Megafunction                       ; d:/altera/quartus/libraries/megafunctions/lpm_inv.tdf     ;
; lpm_counter_to_9.tdf             ; yes             ; Auto-Found Wizard-Generated File   ; d:/altera/quartus/lab2_5/lpm_counter_to_9.tdf             ;
; db/cntr_10j.tdf                  ; yes             ; Auto-Generated Megafunction        ; d:/altera/quartus/lab2_5/db/cntr_10j.tdf                  ;
; db/cmpr_adc.tdf                  ; yes             ; Auto-Generated Megafunction        ; d:/altera/quartus/lab2_5/db/cmpr_adc.tdf                  ;
; lpm_compare_to3.tdf              ; yes             ; Auto-Found Wizard-Generated File   ; d:/altera/quartus/lab2_5/lpm_compare_to3.tdf              ;
; db/cmpr_i8j.tdf                  ; yes             ; Auto-Generated Megafunction        ; d:/altera/quartus/lab2_5/db/cmpr_i8j.tdf                  ;
; lpm_compare_to2.tdf              ; yes             ; Auto-Found Wizard-Generated File   ; d:/altera/quartus/lab2_5/lpm_compare_to2.tdf              ;
; db/cmpr_ubj.tdf                  ; yes             ; Auto-Generated Megafunction        ; d:/altera/quartus/lab2_5/db/cmpr_ubj.tdf                  ;
; lpm_decode_to16.tdf              ; yes             ; Auto-Found Wizard-Generated File   ; d:/altera/quartus/lab2_5/lpm_decode_to16.tdf              ;
; lpm_decode.tdf                   ; yes             ; Megafunction                       ; d:/altera/quartus/libraries/megafunctions/lpm_decode.tdf  ;
; db/decode_e9f.tdf                ; yes             ; Auto-Generated Megafunction        ; d:/altera/quartus/lab2_5/db/decode_e9f.tdf                ;
; lpm_counter_to16.tdf             ; yes             ; Auto-Found Wizard-Generated File   ; d:/altera/quartus/lab2_5/lpm_counter_to16.tdf             ;
; db/cntr_qlh.tdf                  ; yes             ; Auto-Generated Megafunction        ; d:/altera/quartus/lab2_5/db/cntr_qlh.tdf                  ;
+----------------------------------+-----------------+------------------------------------+-----------------------------------------------------------+


+--------------------------------------------------------------------------------------------------------------------------------------------------------+
; Analysis & Synthesis Resource Usage Summary                                                                                                            ;
+-----------------------------------------------+--------------------------------------------------------------------------------------------------------+
; Resource                                      ; Usage                                                                                                  ;
+-----------------------------------------------+--------------------------------------------------------------------------------------------------------+
; Estimated ALUTs Used                          ; 49                                                                                                     ;
; Dedicated logic registers                     ; 16                                                                                                     ;
;                                               ;                                                                                                        ;
; Estimated ALUTs Unavailable                   ; 3                                                                                                      ;
;                                               ;                                                                                                        ;
; Total combinational functions                 ; 49                                                                                                     ;
; Combinational ALUT usage by number of inputs  ;                                                                                                        ;
;     -- 7 input functions                      ; 0                                                                                                      ;
;     -- 6 input functions                      ; 3                                                                                                      ;
;     -- 5 input functions                      ; 4                                                                                                      ;
;     -- 4 input functions                      ; 19                                                                                                     ;
;     -- <=3 input functions                    ; 23                                                                                                     ;
;                                               ;                                                                                                        ;
; Combinational ALUTs by mode                   ;                                                                                                        ;
;     -- normal mode                            ; 27                                                                                                     ;
;     -- extended LUT mode                      ; 0                                                                                                      ;
;     -- arithmetic mode                        ; 22                                                                                                     ;
;     -- shared arithmetic mode                 ; 0                                                                                                      ;
;                                               ;                                                                                                        ;
; Estimated ALUT/register pairs used            ; 52                                                                                                     ;
;                                               ;                                                                                                        ;
; Total registers                               ; 16                                                                                                     ;
;     -- Dedicated logic registers              ; 16                                                                                                     ;
;     -- I/O registers                          ; 0                                                                                                      ;
;                                               ;                                                                                                        ;
; Estimated ALMs:  partially or completely used ; 26                                                                                                     ;
;                                               ;                                                                                                        ;
; I/O pins                                      ; 27                                                                                                     ;
; Maximum fan-out node                          ; Block3:inst2|lpm_counter_to16:inst|lpm_counter:lpm_counter_component|cntr_qlh:auto_generated|safe_q[0] ;
; Maximum fan-out                               ; 17                                                                                                     ;
; Total fan-out                                 ; 225                                                                                                    ;
; Average fan-out                               ; 2.45                                                                                                   ;
+-----------------------------------------------+--------------------------------------------------------------------------------------------------------+


+-----------------------------------------------------------------------------------------------------------------------------------------------------------------------------------------------------------------------------------------------------------------------------------------------------------+
; Analysis & Synthesis Resource Utilization by Entity                                                                                                                                                                                                                                                       ;
+----------------------------------------------+-------------------+--------------+-------------------+--------------+---------+-----------+-----------+------+--------------+---------------------------------------------------------------------------------------------------------------+--------------+
; Compilation Hierarchy Node                   ; LC Combinationals ; LC Registers ; Block Memory Bits ; DSP Elements ; DSP 9x9 ; DSP 18x18 ; DSP 36x36 ; Pins ; Virtual Pins ; Full Hierarchy Name                                                                                           ; Library Name ;
+----------------------------------------------+-------------------+--------------+-------------------+--------------+---------+-----------+-----------+------+--------------+---------------------------------------------------------------------------------------------------------------+--------------+
; |Block_result                                ; 49 (1)            ; 16 (0)       ; 0                 ; 0            ; 0       ; 0         ; 0         ; 27   ; 0            ; |Block_result                                                                                                 ; work         ;
;    |Block1:inst|                             ; 14 (2)            ; 4 (0)        ; 0                 ; 0            ; 0       ; 0         ; 0         ; 0    ; 0            ; |Block_result|Block1:inst                                                                                     ;              ;
;       |lpm_add_m_plus_n:inst3|               ; 4 (0)             ; 0 (0)        ; 0                 ; 0            ; 0       ; 0         ; 0         ; 0    ; 0            ; |Block_result|Block1:inst|lpm_add_m_plus_n:inst3                                                              ; work         ;
;          |lpm_add_sub:lpm_add_sub_component| ; 4 (0)             ; 0 (0)        ; 0                 ; 0            ; 0       ; 0         ; 0         ; 0    ; 0            ; |Block_result|Block1:inst|lpm_add_m_plus_n:inst3|lpm_add_sub:lpm_add_sub_component                            ; work         ;
;             |add_sub_alh:auto_generated|     ; 4 (4)             ; 0 (0)        ; 0                 ; 0            ; 0       ; 0         ; 0         ; 0    ; 0            ; |Block_result|Block1:inst|lpm_add_m_plus_n:inst3|lpm_add_sub:lpm_add_sub_component|add_sub_alh:auto_generated ; work         ;
;       |lpm_and_zero_check:inst16|            ; 1 (0)             ; 0 (0)        ; 0                 ; 0            ; 0       ; 0         ; 0         ; 0    ; 0            ; |Block_result|Block1:inst|lpm_and_zero_check:inst16                                                           ; work         ;
;          |lpm_and:lpm_and_component|         ; 1 (1)             ; 0 (0)        ; 0                 ; 0            ; 0       ; 0         ; 0         ; 0    ; 0            ; |Block_result|Block1:inst|lpm_and_zero_check:inst16|lpm_and:lpm_and_component                                 ; work         ;
;       |lpm_compare_reset:inst1|              ; 3 (0)             ; 0 (0)        ; 0                 ; 0            ; 0       ; 0         ; 0         ; 0    ; 0            ; |Block_result|Block1:inst|lpm_compare_reset:inst1                                                             ; work         ;
;          |lpm_compare:lpm_compare_component| ; 3 (0)             ; 0 (0)        ; 0                 ; 0            ; 0       ; 0         ; 0         ; 0    ; 0            ; |Block_result|Block1:inst|lpm_compare_reset:inst1|lpm_compare:lpm_compare_component                           ; work         ;
;             |cmpr_ilg:auto_generated|        ; 3 (3)             ; 0 (0)        ; 0                 ; 0            ; 0       ; 0         ; 0         ; 0    ; 0            ; |Block_result|Block1:inst|lpm_compare_reset:inst1|lpm_compare:lpm_compare_component|cmpr_ilg:auto_generated   ; work         ;
;       |lpm_counter_16:inst|                  ; 4 (0)             ; 4 (0)        ; 0                 ; 0            ; 0       ; 0         ; 0         ; 0    ; 0            ; |Block_result|Block1:inst|lpm_counter_16:inst                                                                 ; work         ;
;          |lpm_counter:lpm_counter_component| ; 4 (0)             ; 4 (0)        ; 0                 ; 0            ; 0       ; 0         ; 0         ; 0    ; 0            ; |Block_result|Block1:inst|lpm_counter_16:inst|lpm_counter:lpm_counter_component                               ; work         ;
;             |cntr_e4i:auto_generated|        ; 4 (4)             ; 4 (4)        ; 0                 ; 0            ; 0       ; 0         ; 0         ; 0    ; 0            ; |Block_result|Block1:inst|lpm_counter_16:inst|lpm_counter:lpm_counter_component|cntr_e4i:auto_generated       ; work         ;
;    |Block2:inst1|                            ; 14 (2)            ; 8 (0)        ; 0                 ; 0            ; 0       ; 0         ; 0         ; 0    ; 0            ; |Block_result|Block2:inst1                                                                                    ; work         ;
;       |lpm_counter_to_9:inst10|              ; 6 (0)             ; 4 (0)        ; 0                 ; 0            ; 0       ; 0         ; 0         ; 0    ; 0            ; |Block_result|Block2:inst1|lpm_counter_to_9:inst10                                                            ; work         ;
;          |lpm_counter:lpm_counter_component| ; 6 (0)             ; 4 (0)        ; 0                 ; 0            ; 0       ; 0         ; 0         ; 0    ; 0            ; |Block_result|Block2:inst1|lpm_counter_to_9:inst10|lpm_counter:lpm_counter_component                          ; work         ;
;             |cntr_10j:auto_generated|        ; 6 (6)             ; 4 (4)        ; 0                 ; 0            ; 0       ; 0         ; 0         ; 0    ; 0            ; |Block_result|Block2:inst1|lpm_counter_to_9:inst10|lpm_counter:lpm_counter_component|cntr_10j:auto_generated  ; work         ;
;       |lpm_counter_to_9:inst1|               ; 6 (0)             ; 4 (0)        ; 0                 ; 0            ; 0       ; 0         ; 0         ; 0    ; 0            ; |Block_result|Block2:inst1|lpm_counter_to_9:inst1                                                             ; work         ;
;          |lpm_counter:lpm_counter_component| ; 6 (0)             ; 4 (0)        ; 0                 ; 0            ; 0       ; 0         ; 0         ; 0    ; 0            ; |Block_result|Block2:inst1|lpm_counter_to_9:inst1|lpm_counter:lpm_counter_component                           ; work         ;
;             |cntr_10j:auto_generated|        ; 6 (6)             ; 4 (4)        ; 0                 ; 0            ; 0       ; 0         ; 0         ; 0    ; 0            ; |Block_result|Block2:inst1|lpm_counter_to_9:inst1|lpm_counter:lpm_counter_component|cntr_10j:auto_generated   ; work         ;
;    |Block3:inst2|                            ; 20 (0)            ; 4 (0)        ; 0                 ; 0            ; 0       ; 0         ; 0         ; 0    ; 0            ; |Block_result|Block3:inst2                                                                                    ; work         ;
;       |lpm_counter_to16:inst|                ; 4 (0)             ; 4 (0)        ; 0                 ; 0            ; 0       ; 0         ; 0         ; 0    ; 0            ; |Block_result|Block3:inst2|lpm_counter_to16:inst                                                              ; work         ;
;          |lpm_counter:lpm_counter_component| ; 4 (0)             ; 4 (0)        ; 0                 ; 0            ; 0       ; 0         ; 0         ; 0    ; 0            ; |Block_result|Block3:inst2|lpm_counter_to16:inst|lpm_counter:lpm_counter_component                            ; work         ;
;             |cntr_qlh:auto_generated|        ; 4 (4)             ; 4 (4)        ; 0                 ; 0            ; 0       ; 0         ; 0         ; 0    ; 0            ; |Block_result|Block3:inst2|lpm_counter_to16:inst|lpm_counter:lpm_counter_component|cntr_qlh:auto_generated    ; work         ;
;       |lpm_decode_to16:inst1|                ; 16 (0)            ; 0 (0)        ; 0                 ; 0            ; 0       ; 0         ; 0         ; 0    ; 0            ; |Block_result|Block3:inst2|lpm_decode_to16:inst1                                                              ; work         ;
;          |lpm_decode:lpm_decode_component|   ; 16 (0)            ; 0 (0)        ; 0                 ; 0            ; 0       ; 0         ; 0         ; 0    ; 0            ; |Block_result|Block3:inst2|lpm_decode_to16:inst1|lpm_decode:lpm_decode_component                              ; work         ;
;             |decode_e9f:auto_generated|      ; 16 (16)           ; 0 (0)        ; 0                 ; 0            ; 0       ; 0         ; 0         ; 0    ; 0            ; |Block_result|Block3:inst2|lpm_decode_to16:inst1|lpm_decode:lpm_decode_component|decode_e9f:auto_generated    ; work         ;
+----------------------------------------------+-------------------+--------------+-------------------+--------------+---------+-----------+-----------+------+--------------+---------------------------------------------------------------------------------------------------------------+--------------+
Note: For table entries with two numbers listed, the numbers in parentheses indicate the number of resources of the given type used by the specific entity alone. The numbers listed outside of parentheses indicate the total resources of the given type used by the specific entity and all of its sub-entities in the hierarchy.


+------------------------------------------------------+
; General Register Statistics                          ;
+----------------------------------------------+-------+
; Statistic                                    ; Value ;
+----------------------------------------------+-------+
; Total registers                              ; 16    ;
; Number of registers using Synchronous Clear  ; 4     ;
; Number of registers using Synchronous Load   ; 8     ;
; Number of registers using Asynchronous Clear ; 0     ;
; Number of registers using Asynchronous Load  ; 0     ;
; Number of registers using Clock Enable       ; 0     ;
; Number of registers using Preset             ; 0     ;
+----------------------------------------------+-------+


+------------------------------------------------------------------------------------------+
; Source assignments for Block1:inst|lpm_counter_16:inst|lpm_counter:lpm_counter_component ;
+---------------------------+-------+------+-----------------------------------------------+
; Assignment                ; Value ; From ; To                                            ;
+---------------------------+-------+------+-----------------------------------------------+
; SUPPRESS_DA_RULE_INTERNAL ; a101  ; -    ; -                                             ;
; SUPPRESS_DA_RULE_INTERNAL ; s102  ; -    ; -                                             ;
; SUPPRESS_DA_RULE_INTERNAL ; s103  ; -    ; -                                             ;
+---------------------------+-------+------+-----------------------------------------------+


+----------------------------------------------------------------------------------------------+
; Source assignments for Block2:inst1|lpm_counter_to_9:inst1|lpm_counter:lpm_counter_component ;
+---------------------------+-------+------+---------------------------------------------------+
; Assignment                ; Value ; From ; To                                                ;
+---------------------------+-------+------+---------------------------------------------------+
; SUPPRESS_DA_RULE_INTERNAL ; a101  ; -    ; -                                                 ;
; SUPPRESS_DA_RULE_INTERNAL ; s102  ; -    ; -                                                 ;
; SUPPRESS_DA_RULE_INTERNAL ; s103  ; -    ; -                                                 ;
+---------------------------+-------+------+---------------------------------------------------+


+-----------------------------------------------------------------------------------------------+
; Source assignments for Block2:inst1|lpm_counter_to_9:inst10|lpm_counter:lpm_counter_component ;
+---------------------------+-------+------+----------------------------------------------------+
; Assignment                ; Value ; From ; To                                                 ;
+---------------------------+-------+------+----------------------------------------------------+
; SUPPRESS_DA_RULE_INTERNAL ; a101  ; -    ; -                                                  ;
; SUPPRESS_DA_RULE_INTERNAL ; s102  ; -    ; -                                                  ;
; SUPPRESS_DA_RULE_INTERNAL ; s103  ; -    ; -                                                  ;
+---------------------------+-------+------+----------------------------------------------------+


+---------------------------------------------------------------------------------------------+
; Source assignments for Block3:inst2|lpm_counter_to16:inst|lpm_counter:lpm_counter_component ;
+---------------------------+-------+------+--------------------------------------------------+
; Assignment                ; Value ; From ; To                                               ;
+---------------------------+-------+------+--------------------------------------------------+
; SUPPRESS_DA_RULE_INTERNAL ; a101  ; -    ; -                                                ;
; SUPPRESS_DA_RULE_INTERNAL ; s102  ; -    ; -                                                ;
; SUPPRESS_DA_RULE_INTERNAL ; s103  ; -    ; -                                                ;
+---------------------------+-------+------+--------------------------------------------------+


+---------------------------------------------------------------------------------------------------------------------+
; Parameter Settings for User Entity Instance: Block1:inst|lpm_compare_signal:inst2|lpm_compare:lpm_compare_component ;
+------------------------+------------+-------------------------------------------------------------------------------+
; Parameter Name         ; Value      ; Type                                                                          ;
+------------------------+------------+-------------------------------------------------------------------------------+
; lpm_width              ; 4          ; Untyped                                                                       ;
; LPM_REPRESENTATION     ; UNSIGNED   ; Untyped                                                                       ;
; LPM_PIPELINE           ; 0          ; Untyped                                                                       ;
; CHAIN_SIZE             ; 8          ; Untyped                                                                       ;
; ONE_INPUT_IS_CONSTANT  ; NO         ; Untyped                                                                       ;
; CARRY_CHAIN            ; MANUAL     ; Untyped                                                                       ;
; CASCADE_CHAIN          ; MANUAL     ; Untyped                                                                       ;
; CARRY_CHAIN_LENGTH     ; 48         ; CARRY_CHAIN_LENGTH                                                            ;
; CASCADE_CHAIN_LENGTH   ; 2          ; CASCADE_CHAIN_LENGTH                                                          ;
; DEVICE_FAMILY          ; Stratix II ; Untyped                                                                       ;
; CBXI_PARAMETER         ; cmpr_nlg   ; Untyped                                                                       ;
; AUTO_CARRY_CHAINS      ; ON         ; AUTO_CARRY                                                                    ;
; IGNORE_CARRY_BUFFERS   ; OFF        ; IGNORE_CARRY                                                                  ;
; AUTO_CASCADE_CHAINS    ; ON         ; AUTO_CASCADE                                                                  ;
; IGNORE_CASCADE_BUFFERS ; OFF        ; IGNORE_CASCADE                                                                ;
+------------------------+------------+-------------------------------------------------------------------------------+
Note: In order to hide this table in the UI and the text report file, please set the "Show Parameter Settings Tables in Synthesis Report" option in "Analysis and Synthesis Settings -> More Settings" to "Off".


+----------------------------------------------------------------------------------------------------------------+
; Parameter Settings for User Entity Instance: Block1:inst|lpm_counter_16:inst|lpm_counter:lpm_counter_component ;
+------------------------+-------------+-------------------------------------------------------------------------+
; Parameter Name         ; Value       ; Type                                                                    ;
+------------------------+-------------+-------------------------------------------------------------------------+
; AUTO_CARRY_CHAINS      ; ON          ; AUTO_CARRY                                                              ;
; IGNORE_CARRY_BUFFERS   ; OFF         ; IGNORE_CARRY                                                            ;
; AUTO_CASCADE_CHAINS    ; ON          ; AUTO_CASCADE                                                            ;
; IGNORE_CASCADE_BUFFERS ; OFF         ; IGNORE_CASCADE                                                          ;
; LPM_WIDTH              ; 4           ; Untyped                                                                 ;
; LPM_DIRECTION          ; UP          ; Untyped                                                                 ;
; LPM_MODULUS            ; 0           ; Untyped                                                                 ;
; LPM_AVALUE             ; UNUSED      ; Untyped                                                                 ;
; LPM_SVALUE             ; UNUSED      ; Untyped                                                                 ;
; LPM_PORT_UPDOWN        ; PORT_UNUSED ; Untyped                                                                 ;
; DEVICE_FAMILY          ; Stratix II  ; Untyped                                                                 ;
; CARRY_CHAIN            ; MANUAL      ; Untyped                                                                 ;
; CARRY_CHAIN_LENGTH     ; 48          ; CARRY_CHAIN_LENGTH                                                      ;
; NOT_GATE_PUSH_BACK     ; ON          ; NOT_GATE_PUSH_BACK                                                      ;
; CARRY_CNT_EN           ; SMART       ; Untyped                                                                 ;
; LABWIDE_SCLR           ; ON          ; Untyped                                                                 ;
; USE_NEW_VERSION        ; TRUE        ; Untyped                                                                 ;
; CBXI_PARAMETER         ; cntr_e4i    ; Untyped                                                                 ;
+------------------------+-------------+-------------------------------------------------------------------------+
Note: In order to hide this table in the UI and the text report file, please set the "Show Parameter Settings Tables in Synthesis Report" option in "Analysis and Synthesis Settings -> More Settings" to "Off".


+--------------------------------------------------------------------------------------------------------------------+
; Parameter Settings for User Entity Instance: Block1:inst|lpm_compare_reset:inst1|lpm_compare:lpm_compare_component ;
+------------------------+------------+------------------------------------------------------------------------------+
; Parameter Name         ; Value      ; Type                                                                         ;
+------------------------+------------+------------------------------------------------------------------------------+
; lpm_width              ; 4          ; Untyped                                                                      ;
; LPM_REPRESENTATION     ; UNSIGNED   ; Untyped                                                                      ;
; LPM_PIPELINE           ; 0          ; Untyped                                                                      ;
; CHAIN_SIZE             ; 8          ; Untyped                                                                      ;
; ONE_INPUT_IS_CONSTANT  ; NO         ; Untyped                                                                      ;
; CARRY_CHAIN            ; MANUAL     ; Untyped                                                                      ;
; CASCADE_CHAIN          ; MANUAL     ; Untyped                                                                      ;
; CARRY_CHAIN_LENGTH     ; 48         ; CARRY_CHAIN_LENGTH                                                           ;
; CASCADE_CHAIN_LENGTH   ; 2          ; CASCADE_CHAIN_LENGTH                                                         ;
; DEVICE_FAMILY          ; Stratix II ; Untyped                                                                      ;
; CBXI_PARAMETER         ; cmpr_ilg   ; Untyped                                                                      ;
; AUTO_CARRY_CHAINS      ; ON         ; AUTO_CARRY                                                                   ;
; IGNORE_CARRY_BUFFERS   ; OFF        ; IGNORE_CARRY                                                                 ;
; AUTO_CASCADE_CHAINS    ; ON         ; AUTO_CASCADE                                                                 ;
; IGNORE_CASCADE_BUFFERS ; OFF        ; IGNORE_CASCADE                                                               ;
+------------------------+------------+------------------------------------------------------------------------------+
Note: In order to hide this table in the UI and the text report file, please set the "Show Parameter Settings Tables in Synthesis Report" option in "Analysis and Synthesis Settings -> More Settings" to "Off".


+---------------------------------------------------------------------------------------------------------------+
; Parameter Settings for User Entity Instance: Block1:inst|lpm_sub_one:inst14|lpm_add_sub:lpm_add_sub_component ;
+------------------------+-------------+------------------------------------------------------------------------+
; Parameter Name         ; Value       ; Type                                                                   ;
+------------------------+-------------+------------------------------------------------------------------------+
; LPM_WIDTH              ; 4           ; Untyped                                                                ;
; LPM_REPRESENTATION     ; UNSIGNED    ; Untyped                                                                ;
; LPM_DIRECTION          ; SUB         ; Untyped                                                                ;
; ONE_INPUT_IS_CONSTANT  ; YES         ; Untyped                                                                ;
; LPM_PIPELINE           ; 0           ; Untyped                                                                ;
; MAXIMIZE_SPEED         ; 5           ; Untyped                                                                ;
; REGISTERED_AT_END      ; 0           ; Untyped                                                                ;
; OPTIMIZE_FOR_SPEED     ; 5           ; Untyped                                                                ;
; USE_CS_BUFFERS         ; 1           ; Untyped                                                                ;
; CARRY_CHAIN            ; MANUAL      ; Untyped                                                                ;
; CARRY_CHAIN_LENGTH     ; 48          ; CARRY_CHAIN_LENGTH                                                     ;
; DEVICE_FAMILY          ; Stratix II  ; Untyped                                                                ;
; USE_WYS                ; OFF         ; Untyped                                                                ;
; STYLE                  ; FAST        ; Untyped                                                                ;
; CBXI_PARAMETER         ; add_sub_vph ; Untyped                                                                ;
; AUTO_CARRY_CHAINS      ; ON          ; AUTO_CARRY                                                             ;
; IGNORE_CARRY_BUFFERS   ; OFF         ; IGNORE_CARRY                                                           ;
; AUTO_CASCADE_CHAINS    ; ON          ; AUTO_CASCADE                                                           ;
; IGNORE_CASCADE_BUFFERS ; OFF         ; IGNORE_CASCADE                                                         ;
+------------------------+-------------+------------------------------------------------------------------------+
Note: In order to hide this table in the UI and the text report file, please set the "Show Parameter Settings Tables in Synthesis Report" option in "Analysis and Synthesis Settings -> More Settings" to "Off".


+-------------------------------------------------------------------------------------------------------------------+
; Parameter Settings for User Entity Instance: Block1:inst|lpm_add_m_plus_n:inst3|lpm_add_sub:lpm_add_sub_component ;
+------------------------+-------------+----------------------------------------------------------------------------+
; Parameter Name         ; Value       ; Type                                                                       ;
+------------------------+-------------+----------------------------------------------------------------------------+
; LPM_WIDTH              ; 4           ; Untyped                                                                    ;
; LPM_REPRESENTATION     ; UNSIGNED    ; Untyped                                                                    ;
; LPM_DIRECTION          ; ADD         ; Untyped                                                                    ;
; ONE_INPUT_IS_CONSTANT  ; NO          ; Untyped                                                                    ;
; LPM_PIPELINE           ; 0           ; Untyped                                                                    ;
; MAXIMIZE_SPEED         ; 5           ; Untyped                                                                    ;
; REGISTERED_AT_END      ; 0           ; Untyped                                                                    ;
; OPTIMIZE_FOR_SPEED     ; 5           ; Untyped                                                                    ;
; USE_CS_BUFFERS         ; 1           ; Untyped                                                                    ;
; CARRY_CHAIN            ; MANUAL      ; Untyped                                                                    ;
; CARRY_CHAIN_LENGTH     ; 48          ; CARRY_CHAIN_LENGTH                                                         ;
; DEVICE_FAMILY          ; Stratix II  ; Untyped                                                                    ;
; USE_WYS                ; OFF         ; Untyped                                                                    ;
; STYLE                  ; FAST        ; Untyped                                                                    ;
; CBXI_PARAMETER         ; add_sub_alh ; Untyped                                                                    ;
; AUTO_CARRY_CHAINS      ; ON          ; AUTO_CARRY                                                                 ;
; IGNORE_CARRY_BUFFERS   ; OFF         ; IGNORE_CARRY                                                               ;
; AUTO_CASCADE_CHAINS    ; ON          ; AUTO_CASCADE                                                               ;
; IGNORE_CASCADE_BUFFERS ; OFF         ; IGNORE_CASCADE                                                             ;
+------------------------+-------------+----------------------------------------------------------------------------+
Note: In order to hide this table in the UI and the text report file, please set the "Show Parameter Settings Tables in Synthesis Report" option in "Analysis and Synthesis Settings -> More Settings" to "Off".


+--------------------------------------------------------------------------------------------------------------+
; Parameter Settings for User Entity Instance: Block1:inst|lpm_and_zero_check:inst16|lpm_and:lpm_and_component ;
+------------------------+------------+------------------------------------------------------------------------+
; Parameter Name         ; Value      ; Type                                                                   ;
+------------------------+------------+------------------------------------------------------------------------+
; AUTO_CARRY_CHAINS      ; ON         ; AUTO_CARRY                                                             ;
; IGNORE_CARRY_BUFFERS   ; OFF        ; IGNORE_CARRY                                                           ;
; AUTO_CASCADE_CHAINS    ; ON         ; AUTO_CASCADE                                                           ;
; IGNORE_CASCADE_BUFFERS ; OFF        ; IGNORE_CASCADE                                                         ;
; LPM_WIDTH              ; 1          ; Untyped                                                                ;
; LPM_SIZE               ; 4          ; Untyped                                                                ;
; CARRY_CHAIN_LENGTH     ; 48         ; CARRY_CHAIN_LENGTH                                                     ;
; CARRY_CHAIN            ; MANUAL     ; Untyped                                                                ;
; CASCADE_CHAIN          ; MANUAL     ; Untyped                                                                ;
; DEVICE_FAMILY          ; Stratix II ; Untyped                                                                ;
+------------------------+------------+------------------------------------------------------------------------+
Note: In order to hide this table in the UI and the text report file, please set the "Show Parameter Settings Tables in Synthesis Report" option in "Analysis and Synthesis Settings -> More Settings" to "Off".


+-----------------------------------------------------------------------------------------------------+
; Parameter Settings for User Entity Instance: Block1:inst|lpm_inv_4:inst15|lpm_inv:lpm_inv_component ;
+----------------+-------+----------------------------------------------------------------------------+
; Parameter Name ; Value ; Type                                                                       ;
+----------------+-------+----------------------------------------------------------------------------+
; LPM_WIDTH      ; 4     ; Untyped                                                                    ;
+----------------+-------+----------------------------------------------------------------------------+
Note: In order to hide this table in the UI and the text report file, please set the "Show Parameter Settings Tables in Synthesis Report" option in "Analysis and Synthesis Settings -> More Settings" to "Off".


+--------------------------------------------------------------------------------------------------------------+
; Parameter Settings for User Entity Instance: Block2:inst1|lpm_and_zero_check:inst8|lpm_and:lpm_and_component ;
+------------------------+------------+------------------------------------------------------------------------+
; Parameter Name         ; Value      ; Type                                                                   ;
+------------------------+------------+------------------------------------------------------------------------+
; AUTO_CARRY_CHAINS      ; ON         ; AUTO_CARRY                                                             ;
; IGNORE_CARRY_BUFFERS   ; OFF        ; IGNORE_CARRY                                                           ;
; AUTO_CASCADE_CHAINS    ; ON         ; AUTO_CASCADE                                                           ;
; IGNORE_CASCADE_BUFFERS ; OFF        ; IGNORE_CASCADE                                                         ;
; LPM_WIDTH              ; 1          ; Untyped                                                                ;
; LPM_SIZE               ; 4          ; Untyped                                                                ;
; CARRY_CHAIN_LENGTH     ; 48         ; CARRY_CHAIN_LENGTH                                                     ;
; CARRY_CHAIN            ; MANUAL     ; Untyped                                                                ;
; CASCADE_CHAIN          ; MANUAL     ; Untyped                                                                ;
; DEVICE_FAMILY          ; Stratix II ; Untyped                                                                ;
+------------------------+------------+------------------------------------------------------------------------+
Note: In order to hide this table in the UI and the text report file, please set the "Show Parameter Settings Tables in Synthesis Report" option in "Analysis and Synthesis Settings -> More Settings" to "Off".


+----------------------------------------------------------------------------------------------------+
; Parameter Settings for User Entity Instance: Block2:inst1|lpm_inv_4:inst|lpm_inv:lpm_inv_component ;
+----------------+-------+---------------------------------------------------------------------------+
; Parameter Name ; Value ; Type                                                                      ;
+----------------+-------+---------------------------------------------------------------------------+
; LPM_WIDTH      ; 4     ; Untyped                                                                   ;
+----------------+-------+---------------------------------------------------------------------------+
Note: In order to hide this table in the UI and the text report file, please set the "Show Parameter Settings Tables in Synthesis Report" option in "Analysis and Synthesis Settings -> More Settings" to "Off".


+--------------------------------------------------------------------------------------------------------------------+
; Parameter Settings for User Entity Instance: Block2:inst1|lpm_counter_to_9:inst1|lpm_counter:lpm_counter_component ;
+------------------------+-------------+-----------------------------------------------------------------------------+
; Parameter Name         ; Value       ; Type                                                                        ;
+------------------------+-------------+-----------------------------------------------------------------------------+
; AUTO_CARRY_CHAINS      ; ON          ; AUTO_CARRY                                                                  ;
; IGNORE_CARRY_BUFFERS   ; OFF         ; IGNORE_CARRY                                                                ;
; AUTO_CASCADE_CHAINS    ; ON          ; AUTO_CASCADE                                                                ;
; IGNORE_CASCADE_BUFFERS ; OFF         ; IGNORE_CASCADE                                                              ;
; LPM_WIDTH              ; 4           ; Untyped                                                                     ;
; LPM_DIRECTION          ; UP          ; Untyped                                                                     ;
; LPM_MODULUS            ; 9           ; Untyped                                                                     ;
; LPM_AVALUE             ; UNUSED      ; Untyped                                                                     ;
; LPM_SVALUE             ; UNUSED      ; Untyped                                                                     ;
; LPM_PORT_UPDOWN        ; PORT_UNUSED ; Untyped                                                                     ;
; DEVICE_FAMILY          ; Stratix II  ; Untyped                                                                     ;
; CARRY_CHAIN            ; MANUAL      ; Untyped                                                                     ;
; CARRY_CHAIN_LENGTH     ; 48          ; CARRY_CHAIN_LENGTH                                                          ;
; NOT_GATE_PUSH_BACK     ; ON          ; NOT_GATE_PUSH_BACK                                                          ;
; CARRY_CNT_EN           ; SMART       ; Untyped                                                                     ;
; LABWIDE_SCLR           ; ON          ; Untyped                                                                     ;
; USE_NEW_VERSION        ; TRUE        ; Untyped                                                                     ;
; CBXI_PARAMETER         ; cntr_10j    ; Untyped                                                                     ;
+------------------------+-------------+-----------------------------------------------------------------------------+
Note: In order to hide this table in the UI and the text report file, please set the "Show Parameter Settings Tables in Synthesis Report" option in "Analysis and Synthesis Settings -> More Settings" to "Off".


+-------------------------------------------------------------------------------------------------------------------+
; Parameter Settings for User Entity Instance: Block2:inst1|lpm_compare_to3:inst3|lpm_compare:lpm_compare_component ;
+------------------------+------------+-----------------------------------------------------------------------------+
; Parameter Name         ; Value      ; Type                                                                        ;
+------------------------+------------+-----------------------------------------------------------------------------+
; lpm_width              ; 4          ; Untyped                                                                     ;
; LPM_REPRESENTATION     ; UNSIGNED   ; Untyped                                                                     ;
; LPM_PIPELINE           ; 0          ; Untyped                                                                     ;
; CHAIN_SIZE             ; 8          ; Untyped                                                                     ;
; ONE_INPUT_IS_CONSTANT  ; YES        ; Untyped                                                                     ;
; CARRY_CHAIN            ; MANUAL     ; Untyped                                                                     ;
; CASCADE_CHAIN          ; MANUAL     ; Untyped                                                                     ;
; CARRY_CHAIN_LENGTH     ; 48         ; CARRY_CHAIN_LENGTH                                                          ;
; CASCADE_CHAIN_LENGTH   ; 2          ; CASCADE_CHAIN_LENGTH                                                        ;
; DEVICE_FAMILY          ; Stratix II ; Untyped                                                                     ;
; CBXI_PARAMETER         ; cmpr_i8j   ; Untyped                                                                     ;
; AUTO_CARRY_CHAINS      ; ON         ; AUTO_CARRY                                                                  ;
; IGNORE_CARRY_BUFFERS   ; OFF        ; IGNORE_CARRY                                                                ;
; AUTO_CASCADE_CHAINS    ; ON         ; AUTO_CASCADE                                                                ;
; IGNORE_CASCADE_BUFFERS ; OFF        ; IGNORE_CASCADE                                                              ;
+------------------------+------------+-----------------------------------------------------------------------------+
Note: In order to hide this table in the UI and the text report file, please set the "Show Parameter Settings Tables in Synthesis Report" option in "Analysis and Synthesis Settings -> More Settings" to "Off".


+-------------------------------------------------------------------------------------------------------------------+
; Parameter Settings for User Entity Instance: Block2:inst1|lpm_compare_to2:inst7|lpm_compare:lpm_compare_component ;
+------------------------+------------+-----------------------------------------------------------------------------+
; Parameter Name         ; Value      ; Type                                                                        ;
+------------------------+------------+-----------------------------------------------------------------------------+
; lpm_width              ; 4          ; Untyped                                                                     ;
; LPM_REPRESENTATION     ; UNSIGNED   ; Untyped                                                                     ;
; LPM_PIPELINE           ; 0          ; Untyped                                                                     ;
; CHAIN_SIZE             ; 8          ; Untyped                                                                     ;
; ONE_INPUT_IS_CONSTANT  ; YES        ; Untyped                                                                     ;
; CARRY_CHAIN            ; MANUAL     ; Untyped                                                                     ;
; CASCADE_CHAIN          ; MANUAL     ; Untyped                                                                     ;
; CARRY_CHAIN_LENGTH     ; 48         ; CARRY_CHAIN_LENGTH                                                          ;
; CASCADE_CHAIN_LENGTH   ; 2          ; CASCADE_CHAIN_LENGTH                                                        ;
; DEVICE_FAMILY          ; Stratix II ; Untyped                                                                     ;
; CBXI_PARAMETER         ; cmpr_ubj   ; Untyped                                                                     ;
; AUTO_CARRY_CHAINS      ; ON         ; AUTO_CARRY                                                                  ;
; IGNORE_CARRY_BUFFERS   ; OFF        ; IGNORE_CARRY                                                                ;
; AUTO_CASCADE_CHAINS    ; ON         ; AUTO_CASCADE                                                                ;
; IGNORE_CASCADE_BUFFERS ; OFF        ; IGNORE_CASCADE                                                              ;
+------------------------+------------+-----------------------------------------------------------------------------+
Note: In order to hide this table in the UI and the text report file, please set the "Show Parameter Settings Tables in Synthesis Report" option in "Analysis and Synthesis Settings -> More Settings" to "Off".


+---------------------------------------------------------------------------------------------------------------------+
; Parameter Settings for User Entity Instance: Block2:inst1|lpm_counter_to_9:inst10|lpm_counter:lpm_counter_component ;
+------------------------+-------------+------------------------------------------------------------------------------+
; Parameter Name         ; Value       ; Type                                                                         ;
+------------------------+-------------+------------------------------------------------------------------------------+
; AUTO_CARRY_CHAINS      ; ON          ; AUTO_CARRY                                                                   ;
; IGNORE_CARRY_BUFFERS   ; OFF         ; IGNORE_CARRY                                                                 ;
; AUTO_CASCADE_CHAINS    ; ON          ; AUTO_CASCADE                                                                 ;
; IGNORE_CASCADE_BUFFERS ; OFF         ; IGNORE_CASCADE                                                               ;
; LPM_WIDTH              ; 4           ; Untyped                                                                      ;
; LPM_DIRECTION          ; UP          ; Untyped                                                                      ;
; LPM_MODULUS            ; 9           ; Untyped                                                                      ;
; LPM_AVALUE             ; UNUSED      ; Untyped                                                                      ;
; LPM_SVALUE             ; UNUSED      ; Untyped                                                                      ;
; LPM_PORT_UPDOWN        ; PORT_UNUSED ; Untyped                                                                      ;
; DEVICE_FAMILY          ; Stratix II  ; Untyped                                                                      ;
; CARRY_CHAIN            ; MANUAL      ; Untyped                                                                      ;
; CARRY_CHAIN_LENGTH     ; 48          ; CARRY_CHAIN_LENGTH                                                           ;
; NOT_GATE_PUSH_BACK     ; ON          ; NOT_GATE_PUSH_BACK                                                           ;
; CARRY_CNT_EN           ; SMART       ; Untyped                                                                      ;
; LABWIDE_SCLR           ; ON          ; Untyped                                                                      ;
; USE_NEW_VERSION        ; TRUE        ; Untyped                                                                      ;
; CBXI_PARAMETER         ; cntr_10j    ; Untyped                                                                      ;
+------------------------+-------------+------------------------------------------------------------------------------+
Note: In order to hide this table in the UI and the text report file, please set the "Show Parameter Settings Tables in Synthesis Report" option in "Analysis and Synthesis Settings -> More Settings" to "Off".


+-------------------------------------------------------------------------------------------------------------------+
; Parameter Settings for User Entity Instance: Block2:inst1|lpm_compare_to2:inst2|lpm_compare:lpm_compare_component ;
+------------------------+------------+-----------------------------------------------------------------------------+
; Parameter Name         ; Value      ; Type                                                                        ;
+------------------------+------------+-----------------------------------------------------------------------------+
; lpm_width              ; 4          ; Untyped                                                                     ;
; LPM_REPRESENTATION     ; UNSIGNED   ; Untyped                                                                     ;
; LPM_PIPELINE           ; 0          ; Untyped                                                                     ;
; CHAIN_SIZE             ; 8          ; Untyped                                                                     ;
; ONE_INPUT_IS_CONSTANT  ; YES        ; Untyped                                                                     ;
; CARRY_CHAIN            ; MANUAL     ; Untyped                                                                     ;
; CASCADE_CHAIN          ; MANUAL     ; Untyped                                                                     ;
; CARRY_CHAIN_LENGTH     ; 48         ; CARRY_CHAIN_LENGTH                                                          ;
; CASCADE_CHAIN_LENGTH   ; 2          ; CASCADE_CHAIN_LENGTH                                                        ;
; DEVICE_FAMILY          ; Stratix II ; Untyped                                                                     ;
; CBXI_PARAMETER         ; cmpr_ubj   ; Untyped                                                                     ;
; AUTO_CARRY_CHAINS      ; ON         ; AUTO_CARRY                                                                  ;
; IGNORE_CARRY_BUFFERS   ; OFF        ; IGNORE_CARRY                                                                ;
; AUTO_CASCADE_CHAINS    ; ON         ; AUTO_CASCADE                                                                ;
; IGNORE_CASCADE_BUFFERS ; OFF        ; IGNORE_CASCADE                                                              ;
+------------------------+------------+-----------------------------------------------------------------------------+
Note: In order to hide this table in the UI and the text report file, please set the "Show Parameter Settings Tables in Synthesis Report" option in "Analysis and Synthesis Settings -> More Settings" to "Off".


+-----------------------------------------------------------------------------------------------------------------+
; Parameter Settings for User Entity Instance: Block3:inst2|lpm_decode_to16:inst1|lpm_decode:lpm_decode_component ;
+------------------------+------------+---------------------------------------------------------------------------+
; Parameter Name         ; Value      ; Type                                                                      ;
+------------------------+------------+---------------------------------------------------------------------------+
; LPM_WIDTH              ; 4          ; Untyped                                                                   ;
; LPM_DECODES            ; 16         ; Untyped                                                                   ;
; LPM_PIPELINE           ; 0          ; Untyped                                                                   ;
; CASCADE_CHAIN          ; MANUAL     ; Untyped                                                                   ;
; DEVICE_FAMILY          ; Stratix II ; Untyped                                                                   ;
; CBXI_PARAMETER         ; decode_e9f ; Untyped                                                                   ;
; AUTO_CARRY_CHAINS      ; ON         ; AUTO_CARRY                                                                ;
; IGNORE_CARRY_BUFFERS   ; OFF        ; IGNORE_CARRY                                                              ;
; AUTO_CASCADE_CHAINS    ; ON         ; AUTO_CASCADE                                                              ;
; IGNORE_CASCADE_BUFFERS ; OFF        ; IGNORE_CASCADE                                                            ;
+------------------------+------------+---------------------------------------------------------------------------+
Note: In order to hide this table in the UI and the text report file, please set the "Show Parameter Settings Tables in Synthesis Report" option in "Analysis and Synthesis Settings -> More Settings" to "Off".


+-------------------------------------------------------------------------------------------------------------------+
; Parameter Settings for User Entity Instance: Block3:inst2|lpm_counter_to16:inst|lpm_counter:lpm_counter_component ;
+------------------------+-------------+----------------------------------------------------------------------------+
; Parameter Name         ; Value       ; Type                                                                       ;
+------------------------+-------------+----------------------------------------------------------------------------+
; AUTO_CARRY_CHAINS      ; ON          ; AUTO_CARRY                                                                 ;
; IGNORE_CARRY_BUFFERS   ; OFF         ; IGNORE_CARRY                                                               ;
; AUTO_CASCADE_CHAINS    ; ON          ; AUTO_CASCADE                                                               ;
; IGNORE_CASCADE_BUFFERS ; OFF         ; IGNORE_CASCADE                                                             ;
; LPM_WIDTH              ; 4           ; Untyped                                                                    ;
; LPM_DIRECTION          ; UP          ; Untyped                                                                    ;
; LPM_MODULUS            ; 0           ; Untyped                                                                    ;
; LPM_AVALUE             ; UNUSED      ; Untyped                                                                    ;
; LPM_SVALUE             ; UNUSED      ; Untyped                                                                    ;
; LPM_PORT_UPDOWN        ; PORT_UNUSED ; Untyped                                                                    ;
; DEVICE_FAMILY          ; Stratix II  ; Untyped                                                                    ;
; CARRY_CHAIN            ; MANUAL      ; Untyped                                                                    ;
; CARRY_CHAIN_LENGTH     ; 48          ; CARRY_CHAIN_LENGTH                                                         ;
; NOT_GATE_PUSH_BACK     ; ON          ; NOT_GATE_PUSH_BACK                                                         ;
; CARRY_CNT_EN           ; SMART       ; Untyped                                                                    ;
; LABWIDE_SCLR           ; ON          ; Untyped                                                                    ;
; USE_NEW_VERSION        ; TRUE        ; Untyped                                                                    ;
; CBXI_PARAMETER         ; cntr_qlh    ; Untyped                                                                    ;
+------------------------+-------------+----------------------------------------------------------------------------+
Note: In order to hide this table in the UI and the text report file, please set the "Show Parameter Settings Tables in Synthesis Report" option in "Analysis and Synthesis Settings -> More Settings" to "Off".


+-------------------------------+
; Analysis & Synthesis Messages ;
+-------------------------------+
Info: *******************************************************************
Info: Running Quartus II Analysis & Synthesis
    Info: Version 9.1 Build 222 10/21/2009 SJ Web Edition
    Info: Processing started: Thu Sep 19 12:11:16 2019
Info: Command: quartus_map --read_settings_files=on --write_settings_files=off sig -c sig
Info: Found 1 design units, including 1 entities, in source file sig.bdf
    Info: Found entity 1: sig
Info: Found 1 design units, including 1 entities, in source file block2.bdf
    Info: Found entity 1: Block2
Info: Found 1 design units, including 1 entities, in source file block3.bdf
    Info: Found entity 1: Block3
Info: Found 1 design units, including 1 entities, in source file block1.bdf
    Info: Found entity 1: Block1
Info: Found 1 design units, including 1 entities, in source file block_result.bdf
    Info: Found entity 1: Block_result
Info: Found 1 design units, including 1 entities, in source file block_2_v2.bdf
    Info: Found entity 1: Block_2_v2
Info: Found 1 design units, including 1 entities, in source file block_result_v2.bdf
    Info: Found entity 1: Block_result_v2
Info: Elaborating entity "Block_result" for the top level hierarchy
Info: Elaborating entity "Block1" for hierarchy "Block1:inst"
Warning: Using design file lpm_compare_signal.tdf, which is not specified as a design file for the current project, but contains definitions for 1 design units and 1 entities in project
    Info: Found entity 1: lpm_compare_signal
Info: Elaborating entity "lpm_compare_signal" for hierarchy "Block1:inst|lpm_compare_signal:inst2"
Info: Elaborating entity "lpm_compare" for hierarchy "Block1:inst|lpm_compare_signal:inst2|lpm_compare:lpm_compare_component"
Info: Elaborated megafunction instantiation "Block1:inst|lpm_compare_signal:inst2|lpm_compare:lpm_compare_component"
Info: Instantiated megafunction "Block1:inst|lpm_compare_signal:inst2|lpm_compare:lpm_compare_component" with the following parameter:
    Info: Parameter "LPM_TYPE" = "LPM_COMPARE"
    Info: Parameter "LPM_WIDTH" = "4"
    Info: Parameter "LPM_REPRESENTATION" = "UNSIGNED"
Info: Found 1 design units, including 1 entities, in source file db/cmpr_nlg.tdf
    Info: Found entity 1: cmpr_nlg
Info: Elaborating entity "cmpr_nlg" for hierarchy "Block1:inst|lpm_compare_signal:inst2|lpm_compare:lpm_compare_component|cmpr_nlg:auto_generated"
Warning: Using design file lpm_counter_16.tdf, which is not specified as a design file for the current project, but contains definitions for 1 design units and 1 entities in project
    Info: Found entity 1: lpm_counter_16
Info: Elaborating entity "lpm_counter_16" for hierarchy "Block1:inst|lpm_counter_16:inst"
Info: Elaborating entity "lpm_counter" for hierarchy "Block1:inst|lpm_counter_16:inst|lpm_counter:lpm_counter_component"
Info: Elaborated megafunction instantiation "Block1:inst|lpm_counter_16:inst|lpm_counter:lpm_counter_component"
Info: Instantiated megafunction "Block1:inst|lpm_counter_16:inst|lpm_counter:lpm_counter_component" with the following parameter:
    Info: Parameter "LPM_TYPE" = "LPM_COUNTER"
    Info: Parameter "LPM_WIDTH" = "4"
    Info: Parameter "LPM_DIRECTION" = "UP"
    Info: Parameter "LPM_PORT_UPDOWN" = "PORT_UNUSED"
Info: Found 1 design units, including 1 entities, in source file db/cntr_e4i.tdf
    Info: Found entity 1: cntr_e4i
Info: Elaborating entity "cntr_e4i" for hierarchy "Block1:inst|lpm_counter_16:inst|lpm_counter:lpm_counter_component|cntr_e4i:auto_generated"
Warning: Using design file lpm_compare_reset.tdf, which is not specified as a design file for the current project, but contains definitions for 1 design units and 1 entities in project
    Info: Found entity 1: lpm_compare_reset
Info: Elaborating entity "lpm_compare_reset" for hierarchy "Block1:inst|lpm_compare_reset:inst1"
Info: Elaborating entity "lpm_compare" for hierarchy "Block1:inst|lpm_compare_reset:inst1|lpm_compare:lpm_compare_component"
Info: Elaborated megafunction instantiation "Block1:inst|lpm_compare_reset:inst1|lpm_compare:lpm_compare_component"
Info: Instantiated megafunction "Block1:inst|lpm_compare_reset:inst1|lpm_compare:lpm_compare_component" with the following parameter:
    Info: Parameter "LPM_TYPE" = "LPM_COMPARE"
    Info: Parameter "LPM_WIDTH" = "4"
    Info: Parameter "LPM_REPRESENTATION" = "UNSIGNED"
Info: Found 1 design units, including 1 entities, in source file db/cmpr_ilg.tdf
    Info: Found entity 1: cmpr_ilg
Info: Elaborating entity "cmpr_ilg" for hierarchy "Block1:inst|lpm_compare_reset:inst1|lpm_compare:lpm_compare_component|cmpr_ilg:auto_generated"
Warning: Using design file lpm_sub_one.tdf, which is not specified as a design file for the current project, but contains definitions for 1 design units and 1 entities in project
    Info: Found entity 1: lpm_sub_one
Info: Elaborating entity "lpm_sub_one" for hierarchy "Block1:inst|lpm_sub_one:inst14"
Info: Elaborating entity "lpm_add_sub" for hierarchy "Block1:inst|lpm_sub_one:inst14|lpm_add_sub:lpm_add_sub_component"
Info: Elaborated megafunction instantiation "Block1:inst|lpm_sub_one:inst14|lpm_add_sub:lpm_add_sub_component"
Info: Instantiated megafunction "Block1:inst|lpm_sub_one:inst14|lpm_add_sub:lpm_add_sub_component" with the following parameter:
    Info: Parameter "LPM_TYPE" = "LPM_ADD_SUB"
    Info: Parameter "LPM_HINT" = "ONE_INPUT_IS_CONSTANT=YES,CIN_USED=NO"
    Info: Parameter "LPM_WIDTH" = "4"
    Info: Parameter "LPM_REPRESENTATION" = "UNSIGNED"
    Info: Parameter "LPM_DIRECTION" = "SUB"
Info: Found 1 design units, including 1 entities, in source file db/add_sub_vph.tdf
    Info: Found entity 1: add_sub_vph
Info: Elaborating entity "add_sub_vph" for hierarchy "Block1:inst|lpm_sub_one:inst14|lpm_add_sub:lpm_add_sub_component|add_sub_vph:auto_generated"
Warning: Using design file lpm_add_m_plus_n.tdf, which is not specified as a design file for the current project, but contains definitions for 1 design units and 1 entities in project
    Info: Found entity 1: lpm_add_m_plus_n
Info: Elaborating entity "lpm_add_m_plus_n" for hierarchy "Block1:inst|lpm_add_m_plus_n:inst3"
Info: Elaborating entity "lpm_add_sub" for hierarchy "Block1:inst|lpm_add_m_plus_n:inst3|lpm_add_sub:lpm_add_sub_component"
Info: Elaborated megafunction instantiation "Block1:inst|lpm_add_m_plus_n:inst3|lpm_add_sub:lpm_add_sub_component"
Info: Instantiated megafunction "Block1:inst|lpm_add_m_plus_n:inst3|lpm_add_sub:lpm_add_sub_component" with the following parameter:
    Info: Parameter "LPM_TYPE" = "LPM_ADD_SUB"
    Info: Parameter "LPM_HINT" = "ONE_INPUT_IS_CONSTANT=NO,CIN_USED=NO"
    Info: Parameter "LPM_WIDTH" = "4"
    Info: Parameter "LPM_REPRESENTATION" = "UNSIGNED"
    Info: Parameter "LPM_DIRECTION" = "ADD"
Info: Found 1 design units, including 1 entities, in source file db/add_sub_alh.tdf
    Info: Found entity 1: add_sub_alh
Info: Elaborating entity "add_sub_alh" for hierarchy "Block1:inst|lpm_add_m_plus_n:inst3|lpm_add_sub:lpm_add_sub_component|add_sub_alh:auto_generated"
Warning: Using design file lpm_and_zero_check.tdf, which is not specified as a design file for the current project, but contains definitions for 1 design units and 1 entities in project
    Info: Found entity 1: lpm_and_zero_check
Info: Elaborating entity "lpm_and_zero_check" for hierarchy "Block1:inst|lpm_and_zero_check:inst16"
Info: Elaborating entity "lpm_and" for hierarchy "Block1:inst|lpm_and_zero_check:inst16|lpm_and:lpm_and_component"
Info: Elaborated megafunction instantiation "Block1:inst|lpm_and_zero_check:inst16|lpm_and:lpm_and_component"
Info: Instantiated megafunction "Block1:inst|lpm_and_zero_check:inst16|lpm_and:lpm_and_component" with the following parameter:
    Info: Parameter "LPM_TYPE" = "LPM_AND"
    Info: Parameter "LPM_WIDTH" = "1"
    Info: Parameter "LPM_SIZE" = "4"
Warning: Using design file lpm_inv_4.tdf, which is not specified as a design file for the current project, but contains definitions for 1 design units and 1 entities in project
    Info: Found entity 1: lpm_inv_4
Info: Elaborating entity "lpm_inv_4" for hierarchy "Block1:inst|lpm_inv_4:inst15"
Info: Elaborating entity "lpm_inv" for hierarchy "Block1:inst|lpm_inv_4:inst15|lpm_inv:lpm_inv_component"
Info: Elaborated megafunction instantiation "Block1:inst|lpm_inv_4:inst15|lpm_inv:lpm_inv_component"
Info: Instantiated megafunction "Block1:inst|lpm_inv_4:inst15|lpm_inv:lpm_inv_component" with the following parameter:
    Info: Parameter "LPM_TYPE" = "LPM_INV"
    Info: Parameter "LPM_WIDTH" = "4"
Info: Elaborating entity "Block2" for hierarchy "Block2:inst1"
Warning: Using design file lpm_counter_to_9.tdf, which is not specified as a design file for the current project, but contains definitions for 1 design units and 1 entities in project
    Info: Found entity 1: lpm_counter_to_9
Info: Elaborating entity "lpm_counter_to_9" for hierarchy "Block2:inst1|lpm_counter_to_9:inst1"
Info: Elaborating entity "lpm_counter" for hierarchy "Block2:inst1|lpm_counter_to_9:inst1|lpm_counter:lpm_counter_component"
Info: Elaborated megafunction instantiation "Block2:inst1|lpm_counter_to_9:inst1|lpm_counter:lpm_counter_component"
Info: Instantiated megafunction "Block2:inst1|lpm_counter_to_9:inst1|lpm_counter:lpm_counter_component" with the following parameter:
    Info: Parameter "LPM_TYPE" = "LPM_COUNTER"
    Info: Parameter "LPM_WIDTH" = "4"
    Info: Parameter "LPM_DIRECTION" = "UP"
    Info: Parameter "LPM_MODULUS" = "9"
    Info: Parameter "LPM_PORT_UPDOWN" = "PORT_UNUSED"
Info: Found 1 design units, including 1 entities, in source file db/cntr_10j.tdf
    Info: Found entity 1: cntr_10j
Info: Elaborating entity "cntr_10j" for hierarchy "Block2:inst1|lpm_counter_to_9:inst1|lpm_counter:lpm_counter_component|cntr_10j:auto_generated"
Info: Found 1 design units, including 1 entities, in source file db/cmpr_adc.tdf
    Info: Found entity 1: cmpr_adc
Info: Elaborating entity "cmpr_adc" for hierarchy "Block2:inst1|lpm_counter_to_9:inst1|lpm_counter:lpm_counter_component|cntr_10j:auto_generated|cmpr_adc:cmpr2"
Warning: Using design file lpm_compare_to3.tdf, which is not specified as a design file for the current project, but contains definitions for 1 design units and 1 entities in project
    Info: Found entity 1: lpm_compare_to3
Info: Elaborating entity "lpm_compare_to3" for hierarchy "Block2:inst1|lpm_compare_to3:inst3"
Info: Elaborating entity "lpm_compare" for hierarchy "Block2:inst1|lpm_compare_to3:inst3|lpm_compare:lpm_compare_component"
Info: Elaborated megafunction instantiation "Block2:inst1|lpm_compare_to3:inst3|lpm_compare:lpm_compare_component"
Info: Instantiated megafunction "Block2:inst1|lpm_compare_to3:inst3|lpm_compare:lpm_compare_component" with the following parameter:
    Info: Parameter "LPM_TYPE" = "LPM_COMPARE"
    Info: Parameter "LPM_HINT" = "ONE_INPUT_IS_CONSTANT=YES"
    Info: Parameter "LPM_WIDTH" = "4"
    Info: Parameter "LPM_REPRESENTATION" = "UNSIGNED"
Info: Found 1 design units, including 1 entities, in source file db/cmpr_i8j.tdf
    Info: Found entity 1: cmpr_i8j
Info: Elaborating entity "cmpr_i8j" for hierarchy "Block2:inst1|lpm_compare_to3:inst3|lpm_compare:lpm_compare_component|cmpr_i8j:auto_generated"
Warning: Using design file lpm_compare_to2.tdf, which is not specified as a design file for the current project, but contains definitions for 1 design units and 1 entities in project
    Info: Found entity 1: lpm_compare_to2
Info: Elaborating entity "lpm_compare_to2" for hierarchy "Block2:inst1|lpm_compare_to2:inst7"
Info: Elaborating entity "lpm_compare" for hierarchy "Block2:inst1|lpm_compare_to2:inst7|lpm_compare:lpm_compare_component"
Info: Elaborated megafunction instantiation "Block2:inst1|lpm_compare_to2:inst7|lpm_compare:lpm_compare_component"
Info: Instantiated megafunction "Block2:inst1|lpm_compare_to2:inst7|lpm_compare:lpm_compare_component" with the following parameter:
    Info: Parameter "LPM_TYPE" = "LPM_COMPARE"
    Info: Parameter "LPM_HINT" = "ONE_INPUT_IS_CONSTANT=YES"
    Info: Parameter "LPM_WIDTH" = "4"
    Info: Parameter "LPM_REPRESENTATION" = "UNSIGNED"
Info: Found 1 design units, including 1 entities, in source file db/cmpr_ubj.tdf
    Info: Found entity 1: cmpr_ubj
Info: Elaborating entity "cmpr_ubj" for hierarchy "Block2:inst1|lpm_compare_to2:inst7|lpm_compare:lpm_compare_component|cmpr_ubj:auto_generated"
Info: Elaborating entity "Block3" for hierarchy "Block3:inst2"
Warning: Using design file lpm_decode_to16.tdf, which is not specified as a design file for the current project, but contains definitions for 1 design units and 1 entities in project
    Info: Found entity 1: lpm_decode_to16
Info: Elaborating entity "lpm_decode_to16" for hierarchy "Block3:inst2|lpm_decode_to16:inst1"
Info: Elaborating entity "lpm_decode" for hierarchy "Block3:inst2|lpm_decode_to16:inst1|lpm_decode:lpm_decode_component"
Info: Elaborated megafunction instantiation "Block3:inst2|lpm_decode_to16:inst1|lpm_decode:lpm_decode_component"
Info: Instantiated megafunction "Block3:inst2|lpm_decode_to16:inst1|lpm_decode:lpm_decode_component" with the following parameter:
    Info: Parameter "LPM_TYPE" = "LPM_DECODE"
    Info: Parameter "LPM_WIDTH" = "4"
    Info: Parameter "LPM_DECODES" = "16"
Info: Found 1 design units, including 1 entities, in source file db/decode_e9f.tdf
    Info: Found entity 1: decode_e9f
Info: Elaborating entity "decode_e9f" for hierarchy "Block3:inst2|lpm_decode_to16:inst1|lpm_decode:lpm_decode_component|decode_e9f:auto_generated"
Warning: Using design file lpm_counter_to16.tdf, which is not specified as a design file for the current project, but contains definitions for 1 design units and 1 entities in project
    Info: Found entity 1: lpm_counter_to16
Info: Elaborating entity "lpm_counter_to16" for hierarchy "Block3:inst2|lpm_counter_to16:inst"
Info: Elaborating entity "lpm_counter" for hierarchy "Block3:inst2|lpm_counter_to16:inst|lpm_counter:lpm_counter_component"
Info: Elaborated megafunction instantiation "Block3:inst2|lpm_counter_to16:inst|lpm_counter:lpm_counter_component"
Info: Instantiated megafunction "Block3:inst2|lpm_counter_to16:inst|lpm_counter:lpm_counter_component" with the following parameter:
    Info: Parameter "LPM_TYPE" = "LPM_COUNTER"
    Info: Parameter "LPM_WIDTH" = "4"
    Info: Parameter "LPM_DIRECTION" = "UP"
    Info: Parameter "LPM_PORT_UPDOWN" = "PORT_UNUSED"
Info: Found 1 design units, including 1 entities, in source file db/cntr_qlh.tdf
    Info: Found entity 1: cntr_qlh
Info: Elaborating entity "cntr_qlh" for hierarchy "Block3:inst2|lpm_counter_to16:inst|lpm_counter:lpm_counter_component|cntr_qlh:auto_generated"
Info: Implemented 76 device resources after synthesis - the final resource count might be different
    Info: Implemented 9 input pins
    Info: Implemented 18 output pins
    Info: Implemented 49 logic cells
Info: Quartus II Analysis & Synthesis was successful. 0 errors, 12 warnings
    Info: Peak virtual memory: 240 megabytes
    Info: Processing ended: Thu Sep 19 12:11:18 2019
    Info: Elapsed time: 00:00:02
    Info: Total CPU time (on all processors): 00:00:02


