Analysis & Synthesis report for mem
Thu Oct 03 00:20:00 2019
Quartus II Version 9.1 Build 222 10/21/2009 SJ Web Edition


---------------------
; Table of Contents ;
---------------------
  1. Legal Notice
  2. Analysis & Synthesis Summary
  3. Analysis & Synthesis Settings
  4. Parallel Compilation
  5. Analysis & Synthesis Source Files Read
  6. Analysis & Synthesis Resource Usage Summary
  7. Analysis & Synthesis Resource Utilization by Entity
  8. General Register Statistics
  9. Multiplexer Restructuring Statistics (Restructuring Performed)
 10. Source assignments for lpm_counter_to_write:inst8|lpm_counter:lpm_counter_component
 11. Source assignments for lpm_counter_to_read:inst10|lpm_counter:lpm_counter_component
 12. Parameter Settings for User Entity Instance: lpm_mux_6:inst9|lpm_mux:lpm_mux_component
 13. Parameter Settings for User Entity Instance: lpm_constant_0:inst22|lpm_constant:lpm_constant_component
 14. Parameter Settings for User Entity Instance: lpm_dff_1:inst|lpm_ff:lpm_ff_component
 15. Parameter Settings for User Entity Instance: lpm_decode_6:inst7|lpm_decode:lpm_decode_component
 16. Parameter Settings for User Entity Instance: lpm_counter_to_write:inst8|lpm_counter:lpm_counter_component
 17. Parameter Settings for User Entity Instance: lpm_dff_1:inst1|lpm_ff:lpm_ff_component
 18. Parameter Settings for User Entity Instance: lpm_dff_1:inst2|lpm_ff:lpm_ff_component
 19. Parameter Settings for User Entity Instance: lpm_dff_1:inst3|lpm_ff:lpm_ff_component
 20. Parameter Settings for User Entity Instance: lpm_dff_1:inst4|lpm_ff:lpm_ff_component
 21. Parameter Settings for User Entity Instance: lpm_dff_1:inst5|lpm_ff:lpm_ff_component
 22. Parameter Settings for User Entity Instance: lpm_counter_to_read:inst10|lpm_counter:lpm_counter_component
 23. Analysis & Synthesis Messages



----------------
; Legal Notice ;
----------------
Copyright (C) 1991-2009 Altera Corporation
Your use of Altera Corporation's design tools, logic functions 
and other software and tools, and its AMPP partner logic 
functions, and any output files from any of the foregoing 
(including device programming or simulation files), and any 
associated documentation or information are expressly subject 
to the terms and conditions of the Altera Program License 
Subscription Agreement, Altera MegaCore Function License 
Agreement, or other applicable license agreement, including, 
without limitation, that your use is for the sole purpose of 
programming logic devices manufactured by Altera and sold by 
Altera or its authorized distributors.  Please refer to the 
applicable agreement for further details.



+-------------------------------------------------------------------------+
; Analysis & Synthesis Summary                                            ;
+-------------------------------+-----------------------------------------+
; Analysis & Synthesis Status   ; Successful - Thu Oct 03 00:20:00 2019   ;
; Quartus II Version            ; 9.1 Build 222 10/21/2009 SJ Web Edition ;
; Revision Name                 ; mem                                     ;
; Top-level Entity Name         ; butter(buffer)                          ;
; Family                        ; Stratix II                              ;
; Logic utilization             ; N/A                                     ;
;     Combinational ALUTs       ; 35                                      ;
;     Dedicated logic registers ; 54                                      ;
; Total registers               ; 54                                      ;
; Total pins                    ; 19                                      ;
; Total virtual pins            ; 0                                       ;
; Total block memory bits       ; 0                                       ;
; DSP block 9-bit elements      ; 0                                       ;
; Total PLLs                    ; 0                                       ;
; Total DLLs                    ; 0                                       ;
+-------------------------------+-----------------------------------------+


+----------------------------------------------------------------------------------------------------------------------+
; Analysis & Synthesis Settings                                                                                        ;
+----------------------------------------------------------------------------+--------------------+--------------------+
; Option                                                                     ; Setting            ; Default Value      ;
+----------------------------------------------------------------------------+--------------------+--------------------+
; Top-level entity name                                                      ; butter(buffer)     ; mem                ;
; Family name                                                                ; Stratix II         ; Stratix II         ;
; Use Generated Physical Constraints File                                    ; Off                ;                    ;
; Use smart compilation                                                      ; Off                ; Off                ;
; Enable parallel Assembler and TimeQuest Timing Analyzer during compilation ; On                 ; On                 ;
; Enable compact report table                                                ; Off                ; Off                ;
; Restructure Multiplexers                                                   ; Auto               ; Auto               ;
; Create Debugging Nodes for IP Cores                                        ; Off                ; Off                ;
; Preserve fewer node names                                                  ; On                 ; On                 ;
; Disable OpenCore Plus hardware evaluation                                  ; Off                ; Off                ;
; Verilog Version                                                            ; Verilog_2001       ; Verilog_2001       ;
; VHDL Version                                                               ; VHDL_1993          ; VHDL_1993          ;
; State Machine Processing                                                   ; Auto               ; Auto               ;
; Safe State Machine                                                         ; Off                ; Off                ;
; Extract Verilog State Machines                                             ; On                 ; On                 ;
; Extract VHDL State Machines                                                ; On                 ; On                 ;
; Ignore Verilog initial constructs                                          ; Off                ; Off                ;
; Iteration limit for constant Verilog loops                                 ; 5000               ; 5000               ;
; Iteration limit for non-constant Verilog loops                             ; 250                ; 250                ;
; Add Pass-Through Logic to Inferred RAMs                                    ; On                 ; On                 ;
; Parallel Synthesis                                                         ; On                 ; On                 ;
; DSP Block Balancing                                                        ; Auto               ; Auto               ;
; NOT Gate Push-Back                                                         ; On                 ; On                 ;
; Power-Up Don't Care                                                        ; On                 ; On                 ;
; Remove Redundant Logic Cells                                               ; Off                ; Off                ;
; Remove Duplicate Registers                                                 ; On                 ; On                 ;
; Ignore CARRY Buffers                                                       ; Off                ; Off                ;
; Ignore CASCADE Buffers                                                     ; Off                ; Off                ;
; Ignore GLOBAL Buffers                                                      ; Off                ; Off                ;
; Ignore ROW GLOBAL Buffers                                                  ; Off                ; Off                ;
; Ignore LCELL Buffers                                                       ; Off                ; Off                ;
; Ignore SOFT Buffers                                                        ; On                 ; On                 ;
; Limit AHDL Integers to 32 Bits                                             ; Off                ; Off                ;
; Optimization Technique                                                     ; Balanced           ; Balanced           ;
; Carry Chain Length                                                         ; 70                 ; 70                 ;
; Auto Carry Chains                                                          ; On                 ; On                 ;
; Auto Open-Drain Pins                                                       ; On                 ; On                 ;
; Perform WYSIWYG Primitive Resynthesis                                      ; Off                ; Off                ;
; Auto ROM Replacement                                                       ; On                 ; On                 ;
; Auto RAM Replacement                                                       ; On                 ; On                 ;
; Auto DSP Block Replacement                                                 ; On                 ; On                 ;
; Auto Shift Register Replacement                                            ; Auto               ; Auto               ;
; Auto Clock Enable Replacement                                              ; On                 ; On                 ;
; Strict RAM Replacement                                                     ; Off                ; Off                ;
; Allow Synchronous Control Signals                                          ; On                 ; On                 ;
; Force Use of Synchronous Clear Signals                                     ; Off                ; Off                ;
; Auto RAM Block Balancing                                                   ; On                 ; On                 ;
; Auto RAM to Logic Cell Conversion                                          ; Off                ; Off                ;
; Auto Resource Sharing                                                      ; Off                ; Off                ;
; Allow Any RAM Size For Recognition                                         ; Off                ; Off                ;
; Allow Any ROM Size For Recognition                                         ; Off                ; Off                ;
; Allow Any Shift Register Size For Recognition                              ; Off                ; Off                ;
; Use LogicLock Constraints during Resource Balancing                        ; On                 ; On                 ;
; Ignore translate_off and synthesis_off directives                          ; Off                ; Off                ;
; Timing-Driven Synthesis                                                    ; Off                ; Off                ;
; Show Parameter Settings Tables in Synthesis Report                         ; On                 ; On                 ;
; Ignore Maximum Fan-Out Assignments                                         ; Off                ; Off                ;
; Synchronization Register Chain Length                                      ; 2                  ; 2                  ;
; PowerPlay Power Optimization                                               ; Normal compilation ; Normal compilation ;
; HDL message level                                                          ; Level2             ; Level2             ;
; Suppress Register Optimization Related Messages                            ; Off                ; Off                ;
; Number of Removed Registers Reported in Synthesis Report                   ; 100                ; 100                ;
; Number of Inverted Registers Reported in Synthesis Report                  ; 100                ; 100                ;
; Clock MUX Protection                                                       ; On                 ; On                 ;
; Auto Gated Clock Conversion                                                ; Off                ; Off                ;
; Block Design Naming                                                        ; Auto               ; Auto               ;
; SDC constraint protection                                                  ; Off                ; Off                ;
; Synthesis Effort                                                           ; Auto               ; Auto               ;
; Shift Register Replacement - Allow Asynchronous Clear Signal               ; On                 ; On                 ;
; Analysis & Synthesis Message Level                                         ; Medium             ; Medium             ;
; Disable Register Merging Across Hierarchies                                ; Auto               ; Auto               ;
; Resource Aware Inference For Block RAM                                     ; On                 ; On                 ;
+----------------------------------------------------------------------------+--------------------+--------------------+


Parallel compilation was disabled, but you have multiple processors available. Enable parallel compilation to reduce compilation time.
+-------------------------------------+
; Parallel Compilation                ;
+----------------------------+--------+
; Processors                 ; Number ;
+----------------------------+--------+
; Number detected on machine ; 4      ;
; Maximum allowed            ; 1      ;
+----------------------------+--------+


+------------------------------------------------------------------------------------------------------------------------------------------------------+
; Analysis & Synthesis Source Files Read                                                                                                               ;
+----------------------------------+-----------------+------------------------------------+------------------------------------------------------------+
; File Name with User-Entered Path ; Used in Netlist ; File Type                          ; File Name with Absolute Path                               ;
+----------------------------------+-----------------+------------------------------------+------------------------------------------------------------+
; butter(buffer).bdf               ; yes             ; User Block Diagram/Schematic File  ; d:/altera/quartus/lab3/butter(buffer).bdf                  ;
; lpm_mux_6.tdf                    ; yes             ; Auto-Found Wizard-Generated File   ; d:/altera/quartus/lab3/lpm_mux_6.tdf                       ;
; lpm_mux.inc                      ; yes             ; Auto-Found AHDL File               ; d:/altera/quartus/libraries/megafunctions/lpm_mux.inc      ;
; lpm_mux.tdf                      ; yes             ; Megafunction                       ; d:/altera/quartus/libraries/megafunctions/lpm_mux.tdf      ;
; db/mux_5oc.tdf                   ; yes             ; Auto-Generated Megafunction        ; d:/altera/quartus/lab3/db/mux_5oc.tdf                      ;
; lpm_constant_0.tdf               ; yes             ; Auto-Found Wizard-Generated File   ; d:/altera/quartus/lab3/lpm_constant_0.tdf                  ;
; lpm_constant.inc                 ; yes             ; Megafunction                       ; d:/altera/quartus/libraries/megafunctions/lpm_constant.inc ;
; lpm_constant.tdf                 ; yes             ; Megafunction                       ; d:/altera/quartus/libraries/megafunctions/lpm_constant.tdf ;
; lpm_dff_1.tdf                    ; yes             ; Auto-Found Wizard-Generated File   ; d:/altera/quartus/lab3/lpm_dff_1.tdf                       ;
; lpm_ff.inc                       ; yes             ; Auto-Found AHDL File               ; d:/altera/quartus/libraries/megafunctions/lpm_ff.inc       ;
; lpm_ff.tdf                       ; yes             ; Megafunction                       ; d:/altera/quartus/libraries/megafunctions/lpm_ff.tdf       ;
; lpm_decode_6.tdf                 ; yes             ; Auto-Found Wizard-Generated File   ; d:/altera/quartus/lab3/lpm_decode_6.tdf                    ;
; lpm_decode.inc                   ; yes             ; Megafunction                       ; d:/altera/quartus/libraries/megafunctions/lpm_decode.inc   ;
; lpm_decode.tdf                   ; yes             ; Megafunction                       ; d:/altera/quartus/libraries/megafunctions/lpm_decode.tdf   ;
; db/decode_u7f.tdf                ; yes             ; Auto-Generated Megafunction        ; d:/altera/quartus/lab3/db/decode_u7f.tdf                   ;
; lpm_counter_to_write.tdf         ; yes             ; Auto-Found Wizard-Generated File   ; d:/altera/quartus/lab3/lpm_counter_to_write.tdf            ;
; lpm_counter.inc                  ; yes             ; Megafunction                       ; d:/altera/quartus/libraries/megafunctions/lpm_counter.inc  ;
; lpm_counter.tdf                  ; yes             ; Megafunction                       ; d:/altera/quartus/libraries/megafunctions/lpm_counter.tdf  ;
; db/cntr_r3i.tdf                  ; yes             ; Auto-Generated Megafunction        ; d:/altera/quartus/lab3/db/cntr_r3i.tdf                     ;
; lpm_counter_to_read.tdf          ; yes             ; Auto-Found Wizard-Generated File   ; d:/altera/quartus/lab3/lpm_counter_to_read.tdf             ;
+----------------------------------+-----------------+------------------------------------+------------------------------------------------------------+


+------------------------------------------------------------------------------------------------------------------------------------------------+
; Analysis & Synthesis Resource Usage Summary                                                                                                    ;
+-----------------------------------------------+------------------------------------------------------------------------------------------------+
; Resource                                      ; Usage                                                                                          ;
+-----------------------------------------------+------------------------------------------------------------------------------------------------+
; Estimated ALUTs Used                          ; 35                                                                                             ;
; Dedicated logic registers                     ; 54                                                                                             ;
;                                               ;                                                                                                ;
; Estimated ALUTs Unavailable                   ; 3                                                                                              ;
;                                               ;                                                                                                ;
; Total combinational functions                 ; 35                                                                                             ;
; Combinational ALUT usage by number of inputs  ;                                                                                                ;
;     -- 7 input functions                      ; 3                                                                                              ;
;     -- 6 input functions                      ; 8                                                                                              ;
;     -- 5 input functions                      ; 5                                                                                              ;
;     -- 4 input functions                      ; 0                                                                                              ;
;     -- <=3 input functions                    ; 19                                                                                             ;
;                                               ;                                                                                                ;
; Combinational ALUTs by mode                   ;                                                                                                ;
;     -- normal mode                            ; 26                                                                                             ;
;     -- extended LUT mode                      ; 3                                                                                              ;
;     -- arithmetic mode                        ; 6                                                                                              ;
;     -- shared arithmetic mode                 ; 0                                                                                              ;
;                                               ;                                                                                                ;
; Estimated ALUT/register pairs used            ; 78                                                                                             ;
;                                               ;                                                                                                ;
; Total registers                               ; 54                                                                                             ;
;     -- Dedicated logic registers              ; 54                                                                                             ;
;     -- I/O registers                          ; 0                                                                                              ;
;                                               ;                                                                                                ;
; Estimated ALMs:  partially or completely used ; 39                                                                                             ;
;                                               ;                                                                                                ;
; I/O pins                                      ; 19                                                                                             ;
; Maximum fan-out node                          ; lpm_counter_to_read:inst10|lpm_counter:lpm_counter_component|cntr_r3i:auto_generated|safe_q[0] ;
; Maximum fan-out                               ; 18                                                                                             ;
; Total fan-out                                 ; 259                                                                                            ;
; Average fan-out                               ; 2.40                                                                                           ;
+-----------------------------------------------+------------------------------------------------------------------------------------------------+


+-----------------------------------------------------------------------------------------------------------------------------------------------------------------------------------------------------------------------------------------------------------------------------------------------+
; Analysis & Synthesis Resource Utilization by Entity                                                                                                                                                                                                                                           ;
+-------------------------------------------+-------------------+--------------+-------------------+--------------+---------+-----------+-----------+------+--------------+------------------------------------------------------------------------------------------------------+--------------+
; Compilation Hierarchy Node                ; LC Combinationals ; LC Registers ; Block Memory Bits ; DSP Elements ; DSP 9x9 ; DSP 18x18 ; DSP 36x36 ; Pins ; Virtual Pins ; Full Hierarchy Name                                                                                  ; Library Name ;
+-------------------------------------------+-------------------+--------------+-------------------+--------------+---------+-----------+-----------+------+--------------+------------------------------------------------------------------------------------------------------+--------------+
; |butter(buffer)                           ; 35 (0)            ; 54 (0)       ; 0                 ; 0            ; 0       ; 0         ; 0         ; 19   ; 0            ; |butter(buffer)                                                                                      ; work         ;
;    |lpm_counter_to_read:inst10|           ; 3 (0)             ; 3 (0)        ; 0                 ; 0            ; 0       ; 0         ; 0         ; 0    ; 0            ; |butter(buffer)|lpm_counter_to_read:inst10                                                           ; work         ;
;       |lpm_counter:lpm_counter_component| ; 3 (0)             ; 3 (0)        ; 0                 ; 0            ; 0       ; 0         ; 0         ; 0    ; 0            ; |butter(buffer)|lpm_counter_to_read:inst10|lpm_counter:lpm_counter_component                         ; work         ;
;          |cntr_r3i:auto_generated|        ; 3 (3)             ; 3 (3)        ; 0                 ; 0            ; 0       ; 0         ; 0         ; 0    ; 0            ; |butter(buffer)|lpm_counter_to_read:inst10|lpm_counter:lpm_counter_component|cntr_r3i:auto_generated ; work         ;
;    |lpm_counter_to_write:inst8|           ; 3 (0)             ; 3 (0)        ; 0                 ; 0            ; 0       ; 0         ; 0         ; 0    ; 0            ; |butter(buffer)|lpm_counter_to_write:inst8                                                           ; work         ;
;       |lpm_counter:lpm_counter_component| ; 3 (0)             ; 3 (0)        ; 0                 ; 0            ; 0       ; 0         ; 0         ; 0    ; 0            ; |butter(buffer)|lpm_counter_to_write:inst8|lpm_counter:lpm_counter_component                         ; work         ;
;          |cntr_r3i:auto_generated|        ; 3 (3)             ; 3 (3)        ; 0                 ; 0            ; 0       ; 0         ; 0         ; 0    ; 0            ; |butter(buffer)|lpm_counter_to_write:inst8|lpm_counter:lpm_counter_component|cntr_r3i:auto_generated ; work         ;
;    |lpm_decode_6:inst7|                   ; 6 (0)             ; 0 (0)        ; 0                 ; 0            ; 0       ; 0         ; 0         ; 0    ; 0            ; |butter(buffer)|lpm_decode_6:inst7                                                                   ; work         ;
;       |lpm_decode:lpm_decode_component|   ; 6 (0)             ; 0 (0)        ; 0                 ; 0            ; 0       ; 0         ; 0         ; 0    ; 0            ; |butter(buffer)|lpm_decode_6:inst7|lpm_decode:lpm_decode_component                                   ; work         ;
;          |decode_u7f:auto_generated|      ; 6 (6)             ; 0 (0)        ; 0                 ; 0            ; 0       ; 0         ; 0         ; 0    ; 0            ; |butter(buffer)|lpm_decode_6:inst7|lpm_decode:lpm_decode_component|decode_u7f:auto_generated         ; work         ;
;    |lpm_dff_1:inst1|                      ; 0 (0)             ; 8 (0)        ; 0                 ; 0            ; 0       ; 0         ; 0         ; 0    ; 0            ; |butter(buffer)|lpm_dff_1:inst1                                                                      ; work         ;
;       |lpm_ff:lpm_ff_component|           ; 0 (0)             ; 8 (8)        ; 0                 ; 0            ; 0       ; 0         ; 0         ; 0    ; 0            ; |butter(buffer)|lpm_dff_1:inst1|lpm_ff:lpm_ff_component                                              ; work         ;
;    |lpm_dff_1:inst2|                      ; 0 (0)             ; 8 (0)        ; 0                 ; 0            ; 0       ; 0         ; 0         ; 0    ; 0            ; |butter(buffer)|lpm_dff_1:inst2                                                                      ; work         ;
;       |lpm_ff:lpm_ff_component|           ; 0 (0)             ; 8 (8)        ; 0                 ; 0            ; 0       ; 0         ; 0         ; 0    ; 0            ; |butter(buffer)|lpm_dff_1:inst2|lpm_ff:lpm_ff_component                                              ; work         ;
;    |lpm_dff_1:inst3|                      ; 0 (0)             ; 8 (0)        ; 0                 ; 0            ; 0       ; 0         ; 0         ; 0    ; 0            ; |butter(buffer)|lpm_dff_1:inst3                                                                      ; work         ;
;       |lpm_ff:lpm_ff_component|           ; 0 (0)             ; 8 (8)        ; 0                 ; 0            ; 0       ; 0         ; 0         ; 0    ; 0            ; |butter(buffer)|lpm_dff_1:inst3|lpm_ff:lpm_ff_component                                              ; work         ;
;    |lpm_dff_1:inst4|                      ; 0 (0)             ; 8 (0)        ; 0                 ; 0            ; 0       ; 0         ; 0         ; 0    ; 0            ; |butter(buffer)|lpm_dff_1:inst4                                                                      ; work         ;
;       |lpm_ff:lpm_ff_component|           ; 0 (0)             ; 8 (8)        ; 0                 ; 0            ; 0       ; 0         ; 0         ; 0    ; 0            ; |butter(buffer)|lpm_dff_1:inst4|lpm_ff:lpm_ff_component                                              ; work         ;
;    |lpm_dff_1:inst5|                      ; 0 (0)             ; 8 (0)        ; 0                 ; 0            ; 0       ; 0         ; 0         ; 0    ; 0            ; |butter(buffer)|lpm_dff_1:inst5                                                                      ; work         ;
;       |lpm_ff:lpm_ff_component|           ; 0 (0)             ; 8 (8)        ; 0                 ; 0            ; 0       ; 0         ; 0         ; 0    ; 0            ; |butter(buffer)|lpm_dff_1:inst5|lpm_ff:lpm_ff_component                                              ; work         ;
;    |lpm_dff_1:inst|                       ; 0 (0)             ; 8 (0)        ; 0                 ; 0            ; 0       ; 0         ; 0         ; 0    ; 0            ; |butter(buffer)|lpm_dff_1:inst                                                                       ; work         ;
;       |lpm_ff:lpm_ff_component|           ; 0 (0)             ; 8 (8)        ; 0                 ; 0            ; 0       ; 0         ; 0         ; 0    ; 0            ; |butter(buffer)|lpm_dff_1:inst|lpm_ff:lpm_ff_component                                               ; work         ;
;    |lpm_mux_6:inst9|                      ; 23 (0)            ; 0 (0)        ; 0                 ; 0            ; 0       ; 0         ; 0         ; 0    ; 0            ; |butter(buffer)|lpm_mux_6:inst9                                                                      ;              ;
;       |lpm_mux:lpm_mux_component|         ; 23 (0)            ; 0 (0)        ; 0                 ; 0            ; 0       ; 0         ; 0         ; 0    ; 0            ; |butter(buffer)|lpm_mux_6:inst9|lpm_mux:lpm_mux_component                                            ; work         ;
;          |mux_5oc:auto_generated|         ; 23 (23)           ; 0 (0)        ; 0                 ; 0            ; 0       ; 0         ; 0         ; 0    ; 0            ; |butter(buffer)|lpm_mux_6:inst9|lpm_mux:lpm_mux_component|mux_5oc:auto_generated                     ; work         ;
+-------------------------------------------+-------------------+--------------+-------------------+--------------+---------+-----------+-----------+------+--------------+------------------------------------------------------------------------------------------------------+--------------+
Note: For table entries with two numbers listed, the numbers in parentheses indicate the number of resources of the given type used by the specific entity alone. The numbers listed outside of parentheses indicate the total resources of the given type used by the specific entity and all of its sub-entities in the hierarchy.


+------------------------------------------------------+
; General Register Statistics                          ;
+----------------------------------------------+-------+
; Statistic                                    ; Value ;
+----------------------------------------------+-------+
; Total registers                              ; 54    ;
; Number of registers using Synchronous Clear  ; 0     ;
; Number of registers using Synchronous Load   ; 0     ;
; Number of registers using Asynchronous Clear ; 6     ;
; Number of registers using Asynchronous Load  ; 0     ;
; Number of registers using Clock Enable       ; 0     ;
; Number of registers using Preset             ; 0     ;
+----------------------------------------------+-------+


+---------------------------------------------------------------------------------------------------------------------------------------------------------------------------------------------------------------------+
; Multiplexer Restructuring Statistics (Restructuring Performed)                                                                                                                                                      ;
+--------------------+-----------+---------------+----------------------+------------------------+------------+-------------------------------------------------------------------------------------------------------+
; Multiplexer Inputs ; Bus Width ; Baseline Area ; Area if Restructured ; Saving if Restructured ; Registered ; Example Multiplexer Output                                                                            ;
+--------------------+-----------+---------------+----------------------+------------------------+------------+-------------------------------------------------------------------------------------------------------+
; 6:1                ; 8 bits    ; 32 ALUTs      ; 32 ALUTs             ; 0 ALUTs                ; No         ; |butter(buffer)|lpm_mux_6:inst9|lpm_mux:lpm_mux_component|mux_5oc:auto_generated|l3_w7_n0_mux_dataout ;
+--------------------+-----------+---------------+----------------------+------------------------+------------+-------------------------------------------------------------------------------------------------------+


+-------------------------------------------------------------------------------------+
; Source assignments for lpm_counter_to_write:inst8|lpm_counter:lpm_counter_component ;
+---------------------------+-------+------+------------------------------------------+
; Assignment                ; Value ; From ; To                                       ;
+---------------------------+-------+------+------------------------------------------+
; SUPPRESS_DA_RULE_INTERNAL ; a101  ; -    ; -                                        ;
; SUPPRESS_DA_RULE_INTERNAL ; s102  ; -    ; -                                        ;
; SUPPRESS_DA_RULE_INTERNAL ; s103  ; -    ; -                                        ;
+---------------------------+-------+------+------------------------------------------+


+-------------------------------------------------------------------------------------+
; Source assignments for lpm_counter_to_read:inst10|lpm_counter:lpm_counter_component ;
+---------------------------+-------+------+------------------------------------------+
; Assignment                ; Value ; From ; To                                       ;
+---------------------------+-------+------+------------------------------------------+
; SUPPRESS_DA_RULE_INTERNAL ; a101  ; -    ; -                                        ;
; SUPPRESS_DA_RULE_INTERNAL ; s102  ; -    ; -                                        ;
; SUPPRESS_DA_RULE_INTERNAL ; s103  ; -    ; -                                        ;
+---------------------------+-------+------+------------------------------------------+


+----------------------------------------------------------------------------------------+
; Parameter Settings for User Entity Instance: lpm_mux_6:inst9|lpm_mux:lpm_mux_component ;
+------------------------+------------+--------------------------------------------------+
; Parameter Name         ; Value      ; Type                                             ;
+------------------------+------------+--------------------------------------------------+
; AUTO_CARRY_CHAINS      ; ON         ; AUTO_CARRY                                       ;
; IGNORE_CARRY_BUFFERS   ; OFF        ; IGNORE_CARRY                                     ;
; AUTO_CASCADE_CHAINS    ; ON         ; AUTO_CASCADE                                     ;
; IGNORE_CASCADE_BUFFERS ; OFF        ; IGNORE_CASCADE                                   ;
; LPM_WIDTH              ; 8          ; Untyped                                          ;
; LPM_SIZE               ; 7          ; Untyped                                          ;
; LPM_WIDTHS             ; 3          ; Untyped                                          ;
; LPM_PIPELINE           ; 0          ; Untyped                                          ;
; CBXI_PARAMETER         ; mux_5oc    ; Untyped                                          ;
; DEVICE_FAMILY          ; Stratix II ; Untyped                                          ;
+------------------------+------------+--------------------------------------------------+
Note: In order to hide this table in the UI and the text report file, please set the "Show Parameter Settings Tables in Synthesis Report" option in "Analysis and Synthesis Settings -> More Settings" to "Off".


+--------------------------------------------------------------------------------------------------------+
; Parameter Settings for User Entity Instance: lpm_constant_0:inst22|lpm_constant:lpm_constant_component ;
+--------------------+------------------+----------------------------------------------------------------+
; Parameter Name     ; Value            ; Type                                                           ;
+--------------------+------------------+----------------------------------------------------------------+
; LPM_WIDTH          ; 8                ; Untyped                                                        ;
; LPM_CVALUE         ; 0                ; Untyped                                                        ;
; ENABLE_RUNTIME_MOD ; NO               ; Untyped                                                        ;
; CBXI_PARAMETER     ; lpm_constant_qf6 ; Untyped                                                        ;
+--------------------+------------------+----------------------------------------------------------------+
Note: In order to hide this table in the UI and the text report file, please set the "Show Parameter Settings Tables in Synthesis Report" option in "Analysis and Synthesis Settings -> More Settings" to "Off".


+-------------------------------------------------------------------------------------+
; Parameter Settings for User Entity Instance: lpm_dff_1:inst|lpm_ff:lpm_ff_component ;
+------------------------+------------+-----------------------------------------------+
; Parameter Name         ; Value      ; Type                                          ;
+------------------------+------------+-----------------------------------------------+
; LPM_WIDTH              ; 8          ; Untyped                                       ;
; LPM_AVALUE             ; UNUSED     ; Untyped                                       ;
; LPM_SVALUE             ; UNUSED     ; Untyped                                       ;
; LPM_FFTYPE             ; DFF        ; Untyped                                       ;
; DEVICE_FAMILY          ; Stratix II ; Untyped                                       ;
; CBXI_PARAMETER         ; NOTHING    ; Untyped                                       ;
; AUTO_CARRY_CHAINS      ; ON         ; AUTO_CARRY                                    ;
; IGNORE_CARRY_BUFFERS   ; OFF        ; IGNORE_CARRY                                  ;
; AUTO_CASCADE_CHAINS    ; ON         ; AUTO_CASCADE                                  ;
; IGNORE_CASCADE_BUFFERS ; OFF        ; IGNORE_CASCADE                                ;
+------------------------+------------+-----------------------------------------------+
Note: In order to hide this table in the UI and the text report file, please set the "Show Parameter Settings Tables in Synthesis Report" option in "Analysis and Synthesis Settings -> More Settings" to "Off".


+-------------------------------------------------------------------------------------------------+
; Parameter Settings for User Entity Instance: lpm_decode_6:inst7|lpm_decode:lpm_decode_component ;
+------------------------+------------+-----------------------------------------------------------+
; Parameter Name         ; Value      ; Type                                                      ;
+------------------------+------------+-----------------------------------------------------------+
; LPM_WIDTH              ; 3          ; Untyped                                                   ;
; LPM_DECODES            ; 8          ; Untyped                                                   ;
; LPM_PIPELINE           ; 0          ; Untyped                                                   ;
; CASCADE_CHAIN          ; MANUAL     ; Untyped                                                   ;
; DEVICE_FAMILY          ; Stratix II ; Untyped                                                   ;
; CBXI_PARAMETER         ; decode_u7f ; Untyped                                                   ;
; AUTO_CARRY_CHAINS      ; ON         ; AUTO_CARRY                                                ;
; IGNORE_CARRY_BUFFERS   ; OFF        ; IGNORE_CARRY                                              ;
; AUTO_CASCADE_CHAINS    ; ON         ; AUTO_CASCADE                                              ;
; IGNORE_CASCADE_BUFFERS ; OFF        ; IGNORE_CASCADE                                            ;
+------------------------+------------+-----------------------------------------------------------+
Note: In order to hide this table in the UI and the text report file, please set the "Show Parameter Settings Tables in Synthesis Report" option in "Analysis and Synthesis Settings -> More Settings" to "Off".


+-----------------------------------------------------------------------------------------------------------+
; Parameter Settings for User Entity Instance: lpm_counter_to_write:inst8|lpm_counter:lpm_counter_component ;
+------------------------+-------------+--------------------------------------------------------------------+
; Parameter Name         ; Value       ; Type                                                               ;
+------------------------+-------------+--------------------------------------------------------------------+
; AUTO_CARRY_CHAINS      ; ON          ; AUTO_CARRY                                                         ;
; IGNORE_CARRY_BUFFERS   ; OFF         ; IGNORE_CARRY                                                       ;
; AUTO_CASCADE_CHAINS    ; ON          ; AUTO_CASCADE                                                       ;
; IGNORE_CASCADE_BUFFERS ; OFF         ; IGNORE_CASCADE                                                     ;
; LPM_WIDTH              ; 3           ; Untyped                                                            ;
; LPM_DIRECTION          ; UP          ; Untyped                                                            ;
; LPM_MODULUS            ; 0           ; Untyped                                                            ;
; LPM_AVALUE             ; UNUSED      ; Untyped                                                            ;
; LPM_SVALUE             ; UNUSED      ; Untyped                                                            ;
; LPM_PORT_UPDOWN        ; PORT_UNUSED ; Untyped                                                            ;
; DEVICE_FAMILY          ; Stratix II  ; Untyped                                                            ;
; CARRY_CHAIN            ; MANUAL      ; Untyped                                                            ;
; CARRY_CHAIN_LENGTH     ; 48          ; CARRY_CHAIN_LENGTH                                                 ;
; NOT_GATE_PUSH_BACK     ; ON          ; NOT_GATE_PUSH_BACK                                                 ;
; CARRY_CNT_EN           ; SMART       ; Untyped                                                            ;
; LABWIDE_SCLR           ; ON          ; Untyped                                                            ;
; USE_NEW_VERSION        ; TRUE        ; Untyped                                                            ;
; CBXI_PARAMETER         ; cntr_r3i    ; Untyped                                                            ;
+------------------------+-------------+--------------------------------------------------------------------+
Note: In order to hide this table in the UI and the text report file, please set the "Show Parameter Settings Tables in Synthesis Report" option in "Analysis and Synthesis Settings -> More Settings" to "Off".


+--------------------------------------------------------------------------------------+
; Parameter Settings for User Entity Instance: lpm_dff_1:inst1|lpm_ff:lpm_ff_component ;
+------------------------+------------+------------------------------------------------+
; Parameter Name         ; Value      ; Type                                           ;
+------------------------+------------+------------------------------------------------+
; LPM_WIDTH              ; 8          ; Untyped                                        ;
; LPM_AVALUE             ; UNUSED     ; Untyped                                        ;
; LPM_SVALUE             ; UNUSED     ; Untyped                                        ;
; LPM_FFTYPE             ; DFF        ; Untyped                                        ;
; DEVICE_FAMILY          ; Stratix II ; Untyped                                        ;
; CBXI_PARAMETER         ; NOTHING    ; Untyped                                        ;
; AUTO_CARRY_CHAINS      ; ON         ; AUTO_CARRY                                     ;
; IGNORE_CARRY_BUFFERS   ; OFF        ; IGNORE_CARRY                                   ;
; AUTO_CASCADE_CHAINS    ; ON         ; AUTO_CASCADE                                   ;
; IGNORE_CASCADE_BUFFERS ; OFF        ; IGNORE_CASCADE                                 ;
+------------------------+------------+------------------------------------------------+
Note: In order to hide this table in the UI and the text report file, please set the "Show Parameter Settings Tables in Synthesis Report" option in "Analysis and Synthesis Settings -> More Settings" to "Off".


+--------------------------------------------------------------------------------------+
; Parameter Settings for User Entity Instance: lpm_dff_1:inst2|lpm_ff:lpm_ff_component ;
+------------------------+------------+------------------------------------------------+
; Parameter Name         ; Value      ; Type                                           ;
+------------------------+------------+------------------------------------------------+
; LPM_WIDTH              ; 8          ; Untyped                                        ;
; LPM_AVALUE             ; UNUSED     ; Untyped                                        ;
; LPM_SVALUE             ; UNUSED     ; Untyped                                        ;
; LPM_FFTYPE             ; DFF        ; Untyped                                        ;
; DEVICE_FAMILY          ; Stratix II ; Untyped                                        ;
; CBXI_PARAMETER         ; NOTHING    ; Untyped                                        ;
; AUTO_CARRY_CHAINS      ; ON         ; AUTO_CARRY                                     ;
; IGNORE_CARRY_BUFFERS   ; OFF        ; IGNORE_CARRY                                   ;
; AUTO_CASCADE_CHAINS    ; ON         ; AUTO_CASCADE                                   ;
; IGNORE_CASCADE_BUFFERS ; OFF        ; IGNORE_CASCADE                                 ;
+------------------------+------------+------------------------------------------------+
Note: In order to hide this table in the UI and the text report file, please set the "Show Parameter Settings Tables in Synthesis Report" option in "Analysis and Synthesis Settings -> More Settings" to "Off".


+--------------------------------------------------------------------------------------+
; Parameter Settings for User Entity Instance: lpm_dff_1:inst3|lpm_ff:lpm_ff_component ;
+------------------------+------------+------------------------------------------------+
; Parameter Name         ; Value      ; Type                                           ;
+------------------------+------------+------------------------------------------------+
; LPM_WIDTH              ; 8          ; Untyped                                        ;
; LPM_AVALUE             ; UNUSED     ; Untyped                                        ;
; LPM_SVALUE             ; UNUSED     ; Untyped                                        ;
; LPM_FFTYPE             ; DFF        ; Untyped                                        ;
; DEVICE_FAMILY          ; Stratix II ; Untyped                                        ;
; CBXI_PARAMETER         ; NOTHING    ; Untyped                                        ;
; AUTO_CARRY_CHAINS      ; ON         ; AUTO_CARRY                                     ;
; IGNORE_CARRY_BUFFERS   ; OFF        ; IGNORE_CARRY                                   ;
; AUTO_CASCADE_CHAINS    ; ON         ; AUTO_CASCADE                                   ;
; IGNORE_CASCADE_BUFFERS ; OFF        ; IGNORE_CASCADE                                 ;
+------------------------+------------+------------------------------------------------+
Note: In order to hide this table in the UI and the text report file, please set the "Show Parameter Settings Tables in Synthesis Report" option in "Analysis and Synthesis Settings -> More Settings" to "Off".


+--------------------------------------------------------------------------------------+
; Parameter Settings for User Entity Instance: lpm_dff_1:inst4|lpm_ff:lpm_ff_component ;
+------------------------+------------+------------------------------------------------+
; Parameter Name         ; Value      ; Type                                           ;
+------------------------+------------+------------------------------------------------+
; LPM_WIDTH              ; 8          ; Untyped                                        ;
; LPM_AVALUE             ; UNUSED     ; Untyped                                        ;
; LPM_SVALUE             ; UNUSED     ; Untyped                                        ;
; LPM_FFTYPE             ; DFF        ; Untyped                                        ;
; DEVICE_FAMILY          ; Stratix II ; Untyped                                        ;
; CBXI_PARAMETER         ; NOTHING    ; Untyped                                        ;
; AUTO_CARRY_CHAINS      ; ON         ; AUTO_CARRY                                     ;
; IGNORE_CARRY_BUFFERS   ; OFF        ; IGNORE_CARRY                                   ;
; AUTO_CASCADE_CHAINS    ; ON         ; AUTO_CASCADE                                   ;
; IGNORE_CASCADE_BUFFERS ; OFF        ; IGNORE_CASCADE                                 ;
+------------------------+------------+------------------------------------------------+
Note: In order to hide this table in the UI and the text report file, please set the "Show Parameter Settings Tables in Synthesis Report" option in "Analysis and Synthesis Settings -> More Settings" to "Off".


+--------------------------------------------------------------------------------------+
; Parameter Settings for User Entity Instance: lpm_dff_1:inst5|lpm_ff:lpm_ff_component ;
+------------------------+------------+------------------------------------------------+
; Parameter Name         ; Value      ; Type                                           ;
+------------------------+------------+------------------------------------------------+
; LPM_WIDTH              ; 8          ; Untyped                                        ;
; LPM_AVALUE             ; UNUSED     ; Untyped                                        ;
; LPM_SVALUE             ; UNUSED     ; Untyped                                        ;
; LPM_FFTYPE             ; DFF        ; Untyped                                        ;
; DEVICE_FAMILY          ; Stratix II ; Untyped                                        ;
; CBXI_PARAMETER         ; NOTHING    ; Untyped                                        ;
; AUTO_CARRY_CHAINS      ; ON         ; AUTO_CARRY                                     ;
; IGNORE_CARRY_BUFFERS   ; OFF        ; IGNORE_CARRY                                   ;
; AUTO_CASCADE_CHAINS    ; ON         ; AUTO_CASCADE                                   ;
; IGNORE_CASCADE_BUFFERS ; OFF        ; IGNORE_CASCADE                                 ;
+------------------------+------------+------------------------------------------------+
Note: In order to hide this table in the UI and the text report file, please set the "Show Parameter Settings Tables in Synthesis Report" option in "Analysis and Synthesis Settings -> More Settings" to "Off".


+-----------------------------------------------------------------------------------------------------------+
; Parameter Settings for User Entity Instance: lpm_counter_to_read:inst10|lpm_counter:lpm_counter_component ;
+------------------------+-------------+--------------------------------------------------------------------+
; Parameter Name         ; Value       ; Type                                                               ;
+------------------------+-------------+--------------------------------------------------------------------+
; AUTO_CARRY_CHAINS      ; ON          ; AUTO_CARRY                                                         ;
; IGNORE_CARRY_BUFFERS   ; OFF         ; IGNORE_CARRY                                                       ;
; AUTO_CASCADE_CHAINS    ; ON          ; AUTO_CASCADE                                                       ;
; IGNORE_CASCADE_BUFFERS ; OFF         ; IGNORE_CASCADE                                                     ;
; LPM_WIDTH              ; 3           ; Untyped                                                            ;
; LPM_DIRECTION          ; UP          ; Untyped                                                            ;
; LPM_MODULUS            ; 0           ; Untyped                                                            ;
; LPM_AVALUE             ; UNUSED      ; Untyped                                                            ;
; LPM_SVALUE             ; UNUSED      ; Untyped                                                            ;
; LPM_PORT_UPDOWN        ; PORT_UNUSED ; Untyped                                                            ;
; DEVICE_FAMILY          ; Stratix II  ; Untyped                                                            ;
; CARRY_CHAIN            ; MANUAL      ; Untyped                                                            ;
; CARRY_CHAIN_LENGTH     ; 48          ; CARRY_CHAIN_LENGTH                                                 ;
; NOT_GATE_PUSH_BACK     ; ON          ; NOT_GATE_PUSH_BACK                                                 ;
; CARRY_CNT_EN           ; SMART       ; Untyped                                                            ;
; LABWIDE_SCLR           ; ON          ; Untyped                                                            ;
; USE_NEW_VERSION        ; TRUE        ; Untyped                                                            ;
; CBXI_PARAMETER         ; cntr_r3i    ; Untyped                                                            ;
+------------------------+-------------+--------------------------------------------------------------------+
Note: In order to hide this table in the UI and the text report file, please set the "Show Parameter Settings Tables in Synthesis Report" option in "Analysis and Synthesis Settings -> More Settings" to "Off".


+-------------------------------+
; Analysis & Synthesis Messages ;
+-------------------------------+
Info: *******************************************************************
Info: Running Quartus II Analysis & Synthesis
    Info: Version 9.1 Build 222 10/21/2009 SJ Web Edition
    Info: Processing started: Thu Oct 03 00:19:58 2019
Info: Command: quartus_map --read_settings_files=on --write_settings_files=off mem -c mem
Info: Found 1 design units, including 1 entities, in source file result.bdf
    Info: Found entity 1: result
Info: Found 1 design units, including 1 entities, in source file butter(buffer).bdf
    Info: Found entity 1: butter(buffer)
Info: Elaborating entity "butter(buffer)" for the top level hierarchy
Warning: Using design file lpm_mux_6.tdf, which is not specified as a design file for the current project, but contains definitions for 1 design units and 1 entities in project
    Info: Found entity 1: lpm_mux_6
Info: Elaborating entity "lpm_mux_6" for hierarchy "lpm_mux_6:inst9"
Info: Elaborating entity "lpm_mux" for hierarchy "lpm_mux_6:inst9|lpm_mux:lpm_mux_component"
Info: Elaborated megafunction instantiation "lpm_mux_6:inst9|lpm_mux:lpm_mux_component"
Info: Instantiated megafunction "lpm_mux_6:inst9|lpm_mux:lpm_mux_component" with the following parameter:
    Info: Parameter "LPM_TYPE" = "LPM_MUX"
    Info: Parameter "LPM_WIDTH" = "8"
    Info: Parameter "LPM_SIZE" = "7"
    Info: Parameter "LPM_WIDTHS" = "3"
Info: Found 1 design units, including 1 entities, in source file db/mux_5oc.tdf
    Info: Found entity 1: mux_5oc
Info: Elaborating entity "mux_5oc" for hierarchy "lpm_mux_6:inst9|lpm_mux:lpm_mux_component|mux_5oc:auto_generated"
Warning: Using design file lpm_constant_0.tdf, which is not specified as a design file for the current project, but contains definitions for 1 design units and 1 entities in project
    Info: Found entity 1: lpm_constant_0
Info: Elaborating entity "lpm_constant_0" for hierarchy "lpm_constant_0:inst22"
Info: Elaborating entity "lpm_constant" for hierarchy "lpm_constant_0:inst22|lpm_constant:lpm_constant_component"
Info: Elaborated megafunction instantiation "lpm_constant_0:inst22|lpm_constant:lpm_constant_component"
Info: Instantiated megafunction "lpm_constant_0:inst22|lpm_constant:lpm_constant_component" with the following parameter:
    Info: Parameter "LPM_TYPE" = "LPM_CONSTANT"
    Info: Parameter "LPM_HINT" = "ENABLE_RUNTIME_MOD=NO"
    Info: Parameter "LPM_WIDTH" = "8"
    Info: Parameter "LPM_CVALUE" = "0"
Warning: Using design file lpm_dff_1.tdf, which is not specified as a design file for the current project, but contains definitions for 1 design units and 1 entities in project
    Info: Found entity 1: lpm_dff_1
Info: Elaborating entity "lpm_dff_1" for hierarchy "lpm_dff_1:inst"
Info: Elaborating entity "lpm_ff" for hierarchy "lpm_dff_1:inst|lpm_ff:lpm_ff_component"
Info: Elaborated megafunction instantiation "lpm_dff_1:inst|lpm_ff:lpm_ff_component"
Info: Instantiated megafunction "lpm_dff_1:inst|lpm_ff:lpm_ff_component" with the following parameter:
    Info: Parameter "LPM_TYPE" = "LPM_FF"
    Info: Parameter "LPM_WIDTH" = "8"
    Info: Parameter "LPM_FFTYPE" = "DFF"
Warning: Using design file lpm_decode_6.tdf, which is not specified as a design file for the current project, but contains definitions for 1 design units and 1 entities in project
    Info: Found entity 1: lpm_decode_6
Info: Elaborating entity "lpm_decode_6" for hierarchy "lpm_decode_6:inst7"
Info: Elaborating entity "lpm_decode" for hierarchy "lpm_decode_6:inst7|lpm_decode:lpm_decode_component"
Info: Elaborated megafunction instantiation "lpm_decode_6:inst7|lpm_decode:lpm_decode_component"
Info: Instantiated megafunction "lpm_decode_6:inst7|lpm_decode:lpm_decode_component" with the following parameter:
    Info: Parameter "LPM_TYPE" = "LPM_DECODE"
    Info: Parameter "LPM_WIDTH" = "3"
    Info: Parameter "LPM_DECODES" = "8"
Info: Found 1 design units, including 1 entities, in source file db/decode_u7f.tdf
    Info: Found entity 1: decode_u7f
Info: Elaborating entity "decode_u7f" for hierarchy "lpm_decode_6:inst7|lpm_decode:lpm_decode_component|decode_u7f:auto_generated"
Warning: Using design file lpm_counter_to_write.tdf, which is not specified as a design file for the current project, but contains definitions for 1 design units and 1 entities in project
    Info: Found entity 1: lpm_counter_to_write
Info: Elaborating entity "lpm_counter_to_write" for hierarchy "lpm_counter_to_write:inst8"
Info: Elaborating entity "lpm_counter" for hierarchy "lpm_counter_to_write:inst8|lpm_counter:lpm_counter_component"
Info: Elaborated megafunction instantiation "lpm_counter_to_write:inst8|lpm_counter:lpm_counter_component"
Info: Instantiated megafunction "lpm_counter_to_write:inst8|lpm_counter:lpm_counter_component" with the following parameter:
    Info: Parameter "LPM_TYPE" = "LPM_COUNTER"
    Info: Parameter "LPM_WIDTH" = "3"
    Info: Parameter "LPM_DIRECTION" = "UP"
    Info: Parameter "LPM_PORT_UPDOWN" = "PORT_UNUSED"
Info: Found 1 design units, including 1 entities, in source file db/cntr_r3i.tdf
    Info: Found entity 1: cntr_r3i
Info: Elaborating entity "cntr_r3i" for hierarchy "lpm_counter_to_write:inst8|lpm_counter:lpm_counter_component|cntr_r3i:auto_generated"
Warning: Using design file lpm_counter_to_read.tdf, which is not specified as a design file for the current project, but contains definitions for 1 design units and 1 entities in project
    Info: Found entity 1: lpm_counter_to_read
Info: Elaborating entity "lpm_counter_to_read" for hierarchy "lpm_counter_to_read:inst10"
Warning: Ignored assignments for entity "mem" -- entity does not exist in design
    Warning: Assignment for entity set_global_assignment -name LL_ROOT_REGION ON -entity mem -section_id "Root Region" was ignored
    Warning: Assignment for entity set_global_assignment -name LL_MEMBER_STATE LOCKED -entity mem -section_id "Root Region" was ignored
Info: Implemented 102 device resources after synthesis - the final resource count might be different
    Info: Implemented 11 input pins
    Info: Implemented 8 output pins
    Info: Implemented 83 logic cells
Info: Quartus II Analysis & Synthesis was successful. 0 errors, 9 warnings
    Info: Peak virtual memory: 235 megabytes
    Info: Processing ended: Thu Oct 03 00:20:00 2019
    Info: Elapsed time: 00:00:02
    Info: Total CPU time (on all processors): 00:00:01


