Simulator report for mem
Thu Oct 03 00:24:18 2019
Quartus II Version 9.1 Build 222 10/21/2009 SJ Web Edition


---------------------
; Table of Contents ;
---------------------
  1. Legal Notice
  2. Simulator Summary
  3. Simulator Settings
  4. Simulation Waveforms
  5. Coverage Summary
  6. Complete 1/0-Value Coverage
  7. Missing 1-Value Coverage
  8. Missing 0-Value Coverage
  9. Simulator INI Usage
 10. Simulator Messages



----------------
; Legal Notice ;
----------------
Copyright (C) 1991-2009 Altera Corporation
Your use of Altera Corporation's design tools, logic functions 
and other software and tools, and its AMPP partner logic 
functions, and any output files from any of the foregoing 
(including device programming or simulation files), and any 
associated documentation or information are expressly subject 
to the terms and conditions of the Altera Program License 
Subscription Agreement, Altera MegaCore Function License 
Agreement, or other applicable license agreement, including, 
without limitation, that your use is for the sole purpose of 
programming logic devices manufactured by Altera and sold by 
Altera or its authorized distributors.  Please refer to the 
applicable agreement for further details.



+--------------------------------------------+
; Simulator Summary                          ;
+-----------------------------+--------------+
; Type                        ; Value        ;
+-----------------------------+--------------+
; Simulation Start Time       ; 0 ps         ;
; Simulation End Time         ; 1.0 us       ;
; Simulation Netlist Size     ; 227 nodes    ;
; Simulation Coverage         ;      45.02 % ;
; Total Number of Transitions ; 13972        ;
; Simulation Breakpoints      ; 0            ;
; Family                      ; Stratix II   ;
+-----------------------------+--------------+


+---------------------------------------------------------------------------------------------------------------------------------+
; Simulator Settings                                                                                                              ;
+--------------------------------------------------------------------------------------------+--------------------+---------------+
; Option                                                                                     ; Setting            ; Default Value ;
+--------------------------------------------------------------------------------------------+--------------------+---------------+
; Simulation mode                                                                            ; Functional         ; Timing        ;
; Start time                                                                                 ; 0 ns               ; 0 ns          ;
; Simulation results format                                                                  ; CVWF               ;               ;
; Vector input source                                                                        ; butter(buffer).vwf ;               ;
; Add pins automatically to simulation output waveforms                                      ; On                 ; On            ;
; Check outputs                                                                              ; Off                ; Off           ;
; Report simulation coverage                                                                 ; On                 ; On            ;
; Display complete 1/0 value coverage report                                                 ; On                 ; On            ;
; Display missing 1-value coverage report                                                    ; On                 ; On            ;
; Display missing 0-value coverage report                                                    ; On                 ; On            ;
; Detect setup and hold time violations                                                      ; Off                ; Off           ;
; Detect glitches                                                                            ; Off                ; Off           ;
; Disable timing delays in Timing Simulation                                                 ; Off                ; Off           ;
; Generate Signal Activity File                                                              ; Off                ; Off           ;
; Generate VCD File for PowerPlay Power Analyzer                                             ; Off                ; Off           ;
; Group bus channels in simulation results                                                   ; Off                ; Off           ;
; Preserve fewer signal transitions to reduce memory requirements                            ; On                 ; On            ;
; Trigger vector comparison with the specified mode                                          ; INPUT_EDGE         ; INPUT_EDGE    ;
; Disable setup and hold time violations detection in input registers of bi-directional pins ; Off                ; Off           ;
; Overwrite Waveform Inputs With Simulation Outputs                                          ; On                 ;               ;
; Perform Glitch Filtering in Timing Simulation                                              ; Auto               ; Auto          ;
+--------------------------------------------------------------------------------------------+--------------------+---------------+


+----------------------+
; Simulation Waveforms ;
+----------------------+
Waveform report data cannot be output to ASCII.
Please use Quartus II to view the waveform report data.


+--------------------------------------------------------------------+
; Coverage Summary                                                   ;
+-----------------------------------------------------+--------------+
; Type                                                ; Value        ;
+-----------------------------------------------------+--------------+
; Total coverage as a percentage                      ;      45.02 % ;
; Total nodes checked                                 ; 227          ;
; Total output ports checked                          ; 231          ;
; Total output ports with complete 1/0-value coverage ; 104          ;
; Total output ports with no 1/0-value coverage       ; 109          ;
; Total output ports with no 1-value coverage         ; 109          ;
; Total output ports with no 0-value coverage         ; 127          ;
+-----------------------------------------------------+--------------+


The following table displays output ports that toggle between 1 and 0 during simulation.
+-----------------------------------------------------------------------------------------------------------------------------------------------------------------------------------------------------------------------------------------------------------------------------+
; Complete 1/0-Value Coverage                                                                                                                                                                                                                                                 ;
+---------------------------------------------------------------------------------------------------------------------------+------------------------------------------------------------------------------------------------------------------------------+------------------+
; Node Name                                                                                                                 ; Output Port Name                                                                                                             ; Output Port Type ;
+---------------------------------------------------------------------------------------------------------------------------+------------------------------------------------------------------------------------------------------------------------------+------------------+
; |butter(buffer)|DATA_OUT[6]                                                                                               ; |butter(buffer)|DATA_OUT[6]                                                                                                  ; pin_out          ;
; |butter(buffer)|DATA_OUT[5]                                                                                               ; |butter(buffer)|DATA_OUT[5]                                                                                                  ; pin_out          ;
; |butter(buffer)|DATA_OUT[4]                                                                                               ; |butter(buffer)|DATA_OUT[4]                                                                                                  ; pin_out          ;
; |butter(buffer)|DATA_OUT[2]                                                                                               ; |butter(buffer)|DATA_OUT[2]                                                                                                  ; pin_out          ;
; |butter(buffer)|clk                                                                                                       ; |butter(buffer)|clk                                                                                                          ; out              ;
; |butter(buffer)|DATA_IN[6]                                                                                                ; |butter(buffer)|DATA_IN[6]                                                                                                   ; out              ;
; |butter(buffer)|DATA_IN[5]                                                                                                ; |butter(buffer)|DATA_IN[5]                                                                                                   ; out              ;
; |butter(buffer)|DATA_IN[4]                                                                                                ; |butter(buffer)|DATA_IN[4]                                                                                                   ; out              ;
; |butter(buffer)|DATA_IN[2]                                                                                                ; |butter(buffer)|DATA_IN[2]                                                                                                   ; out              ;
; |butter(buffer)|lpm_counter_to_read:inst10|lpm_counter:lpm_counter_component|cntr_r3i:auto_generated|counter_comb_bita0   ; |butter(buffer)|lpm_counter_to_read:inst10|lpm_counter:lpm_counter_component|cntr_r3i:auto_generated|counter_comb_bita0      ; sumout           ;
; |butter(buffer)|lpm_counter_to_read:inst10|lpm_counter:lpm_counter_component|cntr_r3i:auto_generated|counter_comb_bita0   ; |butter(buffer)|lpm_counter_to_read:inst10|lpm_counter:lpm_counter_component|cntr_r3i:auto_generated|counter_comb_bita0~COUT ; cout             ;
; |butter(buffer)|lpm_counter_to_read:inst10|lpm_counter:lpm_counter_component|cntr_r3i:auto_generated|counter_comb_bita1   ; |butter(buffer)|lpm_counter_to_read:inst10|lpm_counter:lpm_counter_component|cntr_r3i:auto_generated|counter_comb_bita1      ; sumout           ;
; |butter(buffer)|lpm_counter_to_read:inst10|lpm_counter:lpm_counter_component|cntr_r3i:auto_generated|counter_comb_bita1   ; |butter(buffer)|lpm_counter_to_read:inst10|lpm_counter:lpm_counter_component|cntr_r3i:auto_generated|counter_comb_bita1~COUT ; cout             ;
; |butter(buffer)|lpm_counter_to_read:inst10|lpm_counter:lpm_counter_component|cntr_r3i:auto_generated|counter_comb_bita2   ; |butter(buffer)|lpm_counter_to_read:inst10|lpm_counter:lpm_counter_component|cntr_r3i:auto_generated|counter_comb_bita2      ; sumout           ;
; |butter(buffer)|lpm_counter_to_read:inst10|lpm_counter:lpm_counter_component|cntr_r3i:auto_generated|counter_reg_bit1a[2] ; |butter(buffer)|lpm_counter_to_read:inst10|lpm_counter:lpm_counter_component|cntr_r3i:auto_generated|safe_q[2]               ; regout           ;
; |butter(buffer)|lpm_counter_to_read:inst10|lpm_counter:lpm_counter_component|cntr_r3i:auto_generated|counter_reg_bit1a[1] ; |butter(buffer)|lpm_counter_to_read:inst10|lpm_counter:lpm_counter_component|cntr_r3i:auto_generated|safe_q[1]               ; regout           ;
; |butter(buffer)|lpm_counter_to_read:inst10|lpm_counter:lpm_counter_component|cntr_r3i:auto_generated|counter_reg_bit1a[0] ; |butter(buffer)|lpm_counter_to_read:inst10|lpm_counter:lpm_counter_component|cntr_r3i:auto_generated|safe_q[0]               ; regout           ;
; |butter(buffer)|lpm_dff_1:inst5|lpm_ff:lpm_ff_component|dffs[4]                                                           ; |butter(buffer)|lpm_dff_1:inst5|lpm_ff:lpm_ff_component|dffs[4]                                                              ; regout           ;
; |butter(buffer)|lpm_dff_1:inst3|lpm_ff:lpm_ff_component|dffs[4]                                                           ; |butter(buffer)|lpm_dff_1:inst3|lpm_ff:lpm_ff_component|dffs[4]                                                              ; regout           ;
; |butter(buffer)|lpm_dff_1:inst1|lpm_ff:lpm_ff_component|dffs[4]                                                           ; |butter(buffer)|lpm_dff_1:inst1|lpm_ff:lpm_ff_component|dffs[4]                                                              ; regout           ;
; |butter(buffer)|lpm_counter_to_write:inst8|lpm_counter:lpm_counter_component|cntr_r3i:auto_generated|counter_comb_bita0   ; |butter(buffer)|lpm_counter_to_write:inst8|lpm_counter:lpm_counter_component|cntr_r3i:auto_generated|counter_comb_bita0      ; sumout           ;
; |butter(buffer)|lpm_counter_to_write:inst8|lpm_counter:lpm_counter_component|cntr_r3i:auto_generated|counter_comb_bita0   ; |butter(buffer)|lpm_counter_to_write:inst8|lpm_counter:lpm_counter_component|cntr_r3i:auto_generated|counter_comb_bita0~COUT ; cout             ;
; |butter(buffer)|lpm_counter_to_write:inst8|lpm_counter:lpm_counter_component|cntr_r3i:auto_generated|counter_comb_bita1   ; |butter(buffer)|lpm_counter_to_write:inst8|lpm_counter:lpm_counter_component|cntr_r3i:auto_generated|counter_comb_bita1      ; sumout           ;
; |butter(buffer)|lpm_counter_to_write:inst8|lpm_counter:lpm_counter_component|cntr_r3i:auto_generated|counter_comb_bita1   ; |butter(buffer)|lpm_counter_to_write:inst8|lpm_counter:lpm_counter_component|cntr_r3i:auto_generated|counter_comb_bita1~COUT ; cout             ;
; |butter(buffer)|lpm_counter_to_write:inst8|lpm_counter:lpm_counter_component|cntr_r3i:auto_generated|counter_comb_bita2   ; |butter(buffer)|lpm_counter_to_write:inst8|lpm_counter:lpm_counter_component|cntr_r3i:auto_generated|counter_comb_bita2      ; sumout           ;
; |butter(buffer)|lpm_counter_to_write:inst8|lpm_counter:lpm_counter_component|cntr_r3i:auto_generated|counter_reg_bit1a[2] ; |butter(buffer)|lpm_counter_to_write:inst8|lpm_counter:lpm_counter_component|cntr_r3i:auto_generated|safe_q[2]               ; regout           ;
; |butter(buffer)|lpm_counter_to_write:inst8|lpm_counter:lpm_counter_component|cntr_r3i:auto_generated|counter_reg_bit1a[1] ; |butter(buffer)|lpm_counter_to_write:inst8|lpm_counter:lpm_counter_component|cntr_r3i:auto_generated|safe_q[1]               ; regout           ;
; |butter(buffer)|lpm_counter_to_write:inst8|lpm_counter:lpm_counter_component|cntr_r3i:auto_generated|counter_reg_bit1a[0] ; |butter(buffer)|lpm_counter_to_write:inst8|lpm_counter:lpm_counter_component|cntr_r3i:auto_generated|safe_q[0]               ; regout           ;
; |butter(buffer)|lpm_decode_6:inst7|lpm_decode:lpm_decode_component|decode_u7f:auto_generated|w_anode19w[3]                ; |butter(buffer)|lpm_decode_6:inst7|lpm_decode:lpm_decode_component|decode_u7f:auto_generated|w_anode19w[3]                   ; out0             ;
; |butter(buffer)|lpm_decode_6:inst7|lpm_decode:lpm_decode_component|decode_u7f:auto_generated|w_anode19w[2]                ; |butter(buffer)|lpm_decode_6:inst7|lpm_decode:lpm_decode_component|decode_u7f:auto_generated|w_anode19w[2]                   ; out0             ;
; |butter(buffer)|lpm_decode_6:inst7|lpm_decode:lpm_decode_component|decode_u7f:auto_generated|w_anode30w[3]                ; |butter(buffer)|lpm_decode_6:inst7|lpm_decode:lpm_decode_component|decode_u7f:auto_generated|w_anode30w[3]                   ; out0             ;
; |butter(buffer)|lpm_decode_6:inst7|lpm_decode:lpm_decode_component|decode_u7f:auto_generated|w_anode30w[2]                ; |butter(buffer)|lpm_decode_6:inst7|lpm_decode:lpm_decode_component|decode_u7f:auto_generated|w_anode30w[2]                   ; out0             ;
; |butter(buffer)|lpm_decode_6:inst7|lpm_decode:lpm_decode_component|decode_u7f:auto_generated|w_anode41w[3]                ; |butter(buffer)|lpm_decode_6:inst7|lpm_decode:lpm_decode_component|decode_u7f:auto_generated|w_anode41w[3]                   ; out0             ;
; |butter(buffer)|lpm_decode_6:inst7|lpm_decode:lpm_decode_component|decode_u7f:auto_generated|w_anode41w[2]                ; |butter(buffer)|lpm_decode_6:inst7|lpm_decode:lpm_decode_component|decode_u7f:auto_generated|w_anode41w[2]                   ; out0             ;
; |butter(buffer)|lpm_decode_6:inst7|lpm_decode:lpm_decode_component|decode_u7f:auto_generated|w_anode52w[3]                ; |butter(buffer)|lpm_decode_6:inst7|lpm_decode:lpm_decode_component|decode_u7f:auto_generated|w_anode52w[3]                   ; out0             ;
; |butter(buffer)|lpm_decode_6:inst7|lpm_decode:lpm_decode_component|decode_u7f:auto_generated|w_anode52w[2]                ; |butter(buffer)|lpm_decode_6:inst7|lpm_decode:lpm_decode_component|decode_u7f:auto_generated|w_anode52w[2]                   ; out0             ;
; |butter(buffer)|lpm_decode_6:inst7|lpm_decode:lpm_decode_component|decode_u7f:auto_generated|w_anode63w[3]                ; |butter(buffer)|lpm_decode_6:inst7|lpm_decode:lpm_decode_component|decode_u7f:auto_generated|w_anode63w[3]                   ; out0             ;
; |butter(buffer)|lpm_decode_6:inst7|lpm_decode:lpm_decode_component|decode_u7f:auto_generated|w_anode63w[2]                ; |butter(buffer)|lpm_decode_6:inst7|lpm_decode:lpm_decode_component|decode_u7f:auto_generated|w_anode63w[2]                   ; out0             ;
; |butter(buffer)|lpm_decode_6:inst7|lpm_decode:lpm_decode_component|decode_u7f:auto_generated|w_anode74w[3]                ; |butter(buffer)|lpm_decode_6:inst7|lpm_decode:lpm_decode_component|decode_u7f:auto_generated|w_anode74w[3]                   ; out0             ;
; |butter(buffer)|lpm_decode_6:inst7|lpm_decode:lpm_decode_component|decode_u7f:auto_generated|w_anode74w[2]                ; |butter(buffer)|lpm_decode_6:inst7|lpm_decode:lpm_decode_component|decode_u7f:auto_generated|w_anode74w[2]                   ; out0             ;
; |butter(buffer)|lpm_mux_6:inst9|lpm_mux:lpm_mux_component|mux_5oc:auto_generated|l1_w2_n0_mux_dataout~0                   ; |butter(buffer)|lpm_mux_6:inst9|lpm_mux:lpm_mux_component|mux_5oc:auto_generated|l1_w2_n0_mux_dataout~0                      ; out0             ;
; |butter(buffer)|lpm_mux_6:inst9|lpm_mux:lpm_mux_component|mux_5oc:auto_generated|l1_w2_n1_mux_dataout~0                   ; |butter(buffer)|lpm_mux_6:inst9|lpm_mux:lpm_mux_component|mux_5oc:auto_generated|l1_w2_n1_mux_dataout~0                      ; out0             ;
; |butter(buffer)|lpm_mux_6:inst9|lpm_mux:lpm_mux_component|mux_5oc:auto_generated|l1_w2_n1_mux_dataout~1                   ; |butter(buffer)|lpm_mux_6:inst9|lpm_mux:lpm_mux_component|mux_5oc:auto_generated|l1_w2_n1_mux_dataout~1                      ; out0             ;
; |butter(buffer)|lpm_mux_6:inst9|lpm_mux:lpm_mux_component|mux_5oc:auto_generated|l1_w2_n1_mux_dataout                     ; |butter(buffer)|lpm_mux_6:inst9|lpm_mux:lpm_mux_component|mux_5oc:auto_generated|l1_w2_n1_mux_dataout                        ; out0             ;
; |butter(buffer)|lpm_mux_6:inst9|lpm_mux:lpm_mux_component|mux_5oc:auto_generated|l1_w2_n2_mux_dataout~0                   ; |butter(buffer)|lpm_mux_6:inst9|lpm_mux:lpm_mux_component|mux_5oc:auto_generated|l1_w2_n2_mux_dataout~0                      ; out0             ;
; |butter(buffer)|lpm_mux_6:inst9|lpm_mux:lpm_mux_component|mux_5oc:auto_generated|l1_w2_n2_mux_dataout~1                   ; |butter(buffer)|lpm_mux_6:inst9|lpm_mux:lpm_mux_component|mux_5oc:auto_generated|l1_w2_n2_mux_dataout~1                      ; out0             ;
; |butter(buffer)|lpm_mux_6:inst9|lpm_mux:lpm_mux_component|mux_5oc:auto_generated|l1_w2_n2_mux_dataout                     ; |butter(buffer)|lpm_mux_6:inst9|lpm_mux:lpm_mux_component|mux_5oc:auto_generated|l1_w2_n2_mux_dataout                        ; out0             ;
; |butter(buffer)|lpm_mux_6:inst9|lpm_mux:lpm_mux_component|mux_5oc:auto_generated|l1_w2_n3_mux_dataout~1                   ; |butter(buffer)|lpm_mux_6:inst9|lpm_mux:lpm_mux_component|mux_5oc:auto_generated|l1_w2_n3_mux_dataout~1                      ; out0             ;
; |butter(buffer)|lpm_mux_6:inst9|lpm_mux:lpm_mux_component|mux_5oc:auto_generated|l1_w4_n1_mux_dataout~1                   ; |butter(buffer)|lpm_mux_6:inst9|lpm_mux:lpm_mux_component|mux_5oc:auto_generated|l1_w4_n1_mux_dataout~1                      ; out0             ;
; |butter(buffer)|lpm_mux_6:inst9|lpm_mux:lpm_mux_component|mux_5oc:auto_generated|l1_w4_n1_mux_dataout                     ; |butter(buffer)|lpm_mux_6:inst9|lpm_mux:lpm_mux_component|mux_5oc:auto_generated|l1_w4_n1_mux_dataout                        ; out0             ;
; |butter(buffer)|lpm_mux_6:inst9|lpm_mux:lpm_mux_component|mux_5oc:auto_generated|l1_w4_n2_mux_dataout~1                   ; |butter(buffer)|lpm_mux_6:inst9|lpm_mux:lpm_mux_component|mux_5oc:auto_generated|l1_w4_n2_mux_dataout~1                      ; out0             ;
; |butter(buffer)|lpm_mux_6:inst9|lpm_mux:lpm_mux_component|mux_5oc:auto_generated|l1_w4_n2_mux_dataout                     ; |butter(buffer)|lpm_mux_6:inst9|lpm_mux:lpm_mux_component|mux_5oc:auto_generated|l1_w4_n2_mux_dataout                        ; out0             ;
; |butter(buffer)|lpm_mux_6:inst9|lpm_mux:lpm_mux_component|mux_5oc:auto_generated|l1_w4_n3_mux_dataout~1                   ; |butter(buffer)|lpm_mux_6:inst9|lpm_mux:lpm_mux_component|mux_5oc:auto_generated|l1_w4_n3_mux_dataout~1                      ; out0             ;
; |butter(buffer)|lpm_mux_6:inst9|lpm_mux:lpm_mux_component|mux_5oc:auto_generated|l1_w5_n0_mux_dataout~0                   ; |butter(buffer)|lpm_mux_6:inst9|lpm_mux:lpm_mux_component|mux_5oc:auto_generated|l1_w5_n0_mux_dataout~0                      ; out0             ;
; |butter(buffer)|lpm_mux_6:inst9|lpm_mux:lpm_mux_component|mux_5oc:auto_generated|l1_w5_n1_mux_dataout~0                   ; |butter(buffer)|lpm_mux_6:inst9|lpm_mux:lpm_mux_component|mux_5oc:auto_generated|l1_w5_n1_mux_dataout~0                      ; out0             ;
; |butter(buffer)|lpm_mux_6:inst9|lpm_mux:lpm_mux_component|mux_5oc:auto_generated|l1_w5_n1_mux_dataout~1                   ; |butter(buffer)|lpm_mux_6:inst9|lpm_mux:lpm_mux_component|mux_5oc:auto_generated|l1_w5_n1_mux_dataout~1                      ; out0             ;
; |butter(buffer)|lpm_mux_6:inst9|lpm_mux:lpm_mux_component|mux_5oc:auto_generated|l1_w5_n1_mux_dataout                     ; |butter(buffer)|lpm_mux_6:inst9|lpm_mux:lpm_mux_component|mux_5oc:auto_generated|l1_w5_n1_mux_dataout                        ; out0             ;
; |butter(buffer)|lpm_mux_6:inst9|lpm_mux:lpm_mux_component|mux_5oc:auto_generated|l1_w5_n2_mux_dataout~0                   ; |butter(buffer)|lpm_mux_6:inst9|lpm_mux:lpm_mux_component|mux_5oc:auto_generated|l1_w5_n2_mux_dataout~0                      ; out0             ;
; |butter(buffer)|lpm_mux_6:inst9|lpm_mux:lpm_mux_component|mux_5oc:auto_generated|l1_w5_n2_mux_dataout~1                   ; |butter(buffer)|lpm_mux_6:inst9|lpm_mux:lpm_mux_component|mux_5oc:auto_generated|l1_w5_n2_mux_dataout~1                      ; out0             ;
; |butter(buffer)|lpm_mux_6:inst9|lpm_mux:lpm_mux_component|mux_5oc:auto_generated|l1_w5_n2_mux_dataout                     ; |butter(buffer)|lpm_mux_6:inst9|lpm_mux:lpm_mux_component|mux_5oc:auto_generated|l1_w5_n2_mux_dataout                        ; out0             ;
; |butter(buffer)|lpm_mux_6:inst9|lpm_mux:lpm_mux_component|mux_5oc:auto_generated|l1_w5_n3_mux_dataout~1                   ; |butter(buffer)|lpm_mux_6:inst9|lpm_mux:lpm_mux_component|mux_5oc:auto_generated|l1_w5_n3_mux_dataout~1                      ; out0             ;
; |butter(buffer)|lpm_mux_6:inst9|lpm_mux:lpm_mux_component|mux_5oc:auto_generated|l1_w6_n0_mux_dataout~0                   ; |butter(buffer)|lpm_mux_6:inst9|lpm_mux:lpm_mux_component|mux_5oc:auto_generated|l1_w6_n0_mux_dataout~0                      ; out0             ;
; |butter(buffer)|lpm_mux_6:inst9|lpm_mux:lpm_mux_component|mux_5oc:auto_generated|l1_w6_n1_mux_dataout~0                   ; |butter(buffer)|lpm_mux_6:inst9|lpm_mux:lpm_mux_component|mux_5oc:auto_generated|l1_w6_n1_mux_dataout~0                      ; out0             ;
; |butter(buffer)|lpm_mux_6:inst9|lpm_mux:lpm_mux_component|mux_5oc:auto_generated|l1_w6_n1_mux_dataout~1                   ; |butter(buffer)|lpm_mux_6:inst9|lpm_mux:lpm_mux_component|mux_5oc:auto_generated|l1_w6_n1_mux_dataout~1                      ; out0             ;
; |butter(buffer)|lpm_mux_6:inst9|lpm_mux:lpm_mux_component|mux_5oc:auto_generated|l1_w6_n1_mux_dataout                     ; |butter(buffer)|lpm_mux_6:inst9|lpm_mux:lpm_mux_component|mux_5oc:auto_generated|l1_w6_n1_mux_dataout                        ; out0             ;
; |butter(buffer)|lpm_mux_6:inst9|lpm_mux:lpm_mux_component|mux_5oc:auto_generated|l1_w6_n2_mux_dataout~0                   ; |butter(buffer)|lpm_mux_6:inst9|lpm_mux:lpm_mux_component|mux_5oc:auto_generated|l1_w6_n2_mux_dataout~0                      ; out0             ;
; |butter(buffer)|lpm_mux_6:inst9|lpm_mux:lpm_mux_component|mux_5oc:auto_generated|l1_w6_n2_mux_dataout~1                   ; |butter(buffer)|lpm_mux_6:inst9|lpm_mux:lpm_mux_component|mux_5oc:auto_generated|l1_w6_n2_mux_dataout~1                      ; out0             ;
; |butter(buffer)|lpm_mux_6:inst9|lpm_mux:lpm_mux_component|mux_5oc:auto_generated|l1_w6_n2_mux_dataout                     ; |butter(buffer)|lpm_mux_6:inst9|lpm_mux:lpm_mux_component|mux_5oc:auto_generated|l1_w6_n2_mux_dataout                        ; out0             ;
; |butter(buffer)|lpm_mux_6:inst9|lpm_mux:lpm_mux_component|mux_5oc:auto_generated|l1_w6_n3_mux_dataout~1                   ; |butter(buffer)|lpm_mux_6:inst9|lpm_mux:lpm_mux_component|mux_5oc:auto_generated|l1_w6_n3_mux_dataout~1                      ; out0             ;
; |butter(buffer)|lpm_mux_6:inst9|lpm_mux:lpm_mux_component|mux_5oc:auto_generated|l2_w2_n0_mux_dataout~0                   ; |butter(buffer)|lpm_mux_6:inst9|lpm_mux:lpm_mux_component|mux_5oc:auto_generated|l2_w2_n0_mux_dataout~0                      ; out0             ;
; |butter(buffer)|lpm_mux_6:inst9|lpm_mux:lpm_mux_component|mux_5oc:auto_generated|l2_w2_n0_mux_dataout~1                   ; |butter(buffer)|lpm_mux_6:inst9|lpm_mux:lpm_mux_component|mux_5oc:auto_generated|l2_w2_n0_mux_dataout~1                      ; out0             ;
; |butter(buffer)|lpm_mux_6:inst9|lpm_mux:lpm_mux_component|mux_5oc:auto_generated|l2_w2_n0_mux_dataout                     ; |butter(buffer)|lpm_mux_6:inst9|lpm_mux:lpm_mux_component|mux_5oc:auto_generated|l2_w2_n0_mux_dataout                        ; out0             ;
; |butter(buffer)|lpm_mux_6:inst9|lpm_mux:lpm_mux_component|mux_5oc:auto_generated|l2_w2_n1_mux_dataout~0                   ; |butter(buffer)|lpm_mux_6:inst9|lpm_mux:lpm_mux_component|mux_5oc:auto_generated|l2_w2_n1_mux_dataout~0                      ; out0             ;
; |butter(buffer)|lpm_mux_6:inst9|lpm_mux:lpm_mux_component|mux_5oc:auto_generated|l2_w2_n1_mux_dataout~1                   ; |butter(buffer)|lpm_mux_6:inst9|lpm_mux:lpm_mux_component|mux_5oc:auto_generated|l2_w2_n1_mux_dataout~1                      ; out0             ;
; |butter(buffer)|lpm_mux_6:inst9|lpm_mux:lpm_mux_component|mux_5oc:auto_generated|l2_w2_n1_mux_dataout                     ; |butter(buffer)|lpm_mux_6:inst9|lpm_mux:lpm_mux_component|mux_5oc:auto_generated|l2_w2_n1_mux_dataout                        ; out0             ;
; |butter(buffer)|lpm_mux_6:inst9|lpm_mux:lpm_mux_component|mux_5oc:auto_generated|l2_w4_n0_mux_dataout~0                   ; |butter(buffer)|lpm_mux_6:inst9|lpm_mux:lpm_mux_component|mux_5oc:auto_generated|l2_w4_n0_mux_dataout~0                      ; out0             ;
; |butter(buffer)|lpm_mux_6:inst9|lpm_mux:lpm_mux_component|mux_5oc:auto_generated|l2_w4_n0_mux_dataout                     ; |butter(buffer)|lpm_mux_6:inst9|lpm_mux:lpm_mux_component|mux_5oc:auto_generated|l2_w4_n0_mux_dataout                        ; out0             ;
; |butter(buffer)|lpm_mux_6:inst9|lpm_mux:lpm_mux_component|mux_5oc:auto_generated|l2_w4_n1_mux_dataout~0                   ; |butter(buffer)|lpm_mux_6:inst9|lpm_mux:lpm_mux_component|mux_5oc:auto_generated|l2_w4_n1_mux_dataout~0                      ; out0             ;
; |butter(buffer)|lpm_mux_6:inst9|lpm_mux:lpm_mux_component|mux_5oc:auto_generated|l2_w4_n1_mux_dataout~1                   ; |butter(buffer)|lpm_mux_6:inst9|lpm_mux:lpm_mux_component|mux_5oc:auto_generated|l2_w4_n1_mux_dataout~1                      ; out0             ;
; |butter(buffer)|lpm_mux_6:inst9|lpm_mux:lpm_mux_component|mux_5oc:auto_generated|l2_w4_n1_mux_dataout                     ; |butter(buffer)|lpm_mux_6:inst9|lpm_mux:lpm_mux_component|mux_5oc:auto_generated|l2_w4_n1_mux_dataout                        ; out0             ;
; |butter(buffer)|lpm_mux_6:inst9|lpm_mux:lpm_mux_component|mux_5oc:auto_generated|l2_w5_n0_mux_dataout~0                   ; |butter(buffer)|lpm_mux_6:inst9|lpm_mux:lpm_mux_component|mux_5oc:auto_generated|l2_w5_n0_mux_dataout~0                      ; out0             ;
; |butter(buffer)|lpm_mux_6:inst9|lpm_mux:lpm_mux_component|mux_5oc:auto_generated|l2_w5_n0_mux_dataout~1                   ; |butter(buffer)|lpm_mux_6:inst9|lpm_mux:lpm_mux_component|mux_5oc:auto_generated|l2_w5_n0_mux_dataout~1                      ; out0             ;
; |butter(buffer)|lpm_mux_6:inst9|lpm_mux:lpm_mux_component|mux_5oc:auto_generated|l2_w5_n0_mux_dataout                     ; |butter(buffer)|lpm_mux_6:inst9|lpm_mux:lpm_mux_component|mux_5oc:auto_generated|l2_w5_n0_mux_dataout                        ; out0             ;
; |butter(buffer)|lpm_mux_6:inst9|lpm_mux:lpm_mux_component|mux_5oc:auto_generated|l2_w5_n1_mux_dataout~0                   ; |butter(buffer)|lpm_mux_6:inst9|lpm_mux:lpm_mux_component|mux_5oc:auto_generated|l2_w5_n1_mux_dataout~0                      ; out0             ;
; |butter(buffer)|lpm_mux_6:inst9|lpm_mux:lpm_mux_component|mux_5oc:auto_generated|l2_w5_n1_mux_dataout~1                   ; |butter(buffer)|lpm_mux_6:inst9|lpm_mux:lpm_mux_component|mux_5oc:auto_generated|l2_w5_n1_mux_dataout~1                      ; out0             ;
; |butter(buffer)|lpm_mux_6:inst9|lpm_mux:lpm_mux_component|mux_5oc:auto_generated|l2_w5_n1_mux_dataout                     ; |butter(buffer)|lpm_mux_6:inst9|lpm_mux:lpm_mux_component|mux_5oc:auto_generated|l2_w5_n1_mux_dataout                        ; out0             ;
; |butter(buffer)|lpm_mux_6:inst9|lpm_mux:lpm_mux_component|mux_5oc:auto_generated|l2_w6_n0_mux_dataout~0                   ; |butter(buffer)|lpm_mux_6:inst9|lpm_mux:lpm_mux_component|mux_5oc:auto_generated|l2_w6_n0_mux_dataout~0                      ; out0             ;
; |butter(buffer)|lpm_mux_6:inst9|lpm_mux:lpm_mux_component|mux_5oc:auto_generated|l2_w6_n0_mux_dataout~1                   ; |butter(buffer)|lpm_mux_6:inst9|lpm_mux:lpm_mux_component|mux_5oc:auto_generated|l2_w6_n0_mux_dataout~1                      ; out0             ;
; |butter(buffer)|lpm_mux_6:inst9|lpm_mux:lpm_mux_component|mux_5oc:auto_generated|l2_w6_n0_mux_dataout                     ; |butter(buffer)|lpm_mux_6:inst9|lpm_mux:lpm_mux_component|mux_5oc:auto_generated|l2_w6_n0_mux_dataout                        ; out0             ;
; |butter(buffer)|lpm_mux_6:inst9|lpm_mux:lpm_mux_component|mux_5oc:auto_generated|l2_w6_n1_mux_dataout~0                   ; |butter(buffer)|lpm_mux_6:inst9|lpm_mux:lpm_mux_component|mux_5oc:auto_generated|l2_w6_n1_mux_dataout~0                      ; out0             ;
; |butter(buffer)|lpm_mux_6:inst9|lpm_mux:lpm_mux_component|mux_5oc:auto_generated|l2_w6_n1_mux_dataout~1                   ; |butter(buffer)|lpm_mux_6:inst9|lpm_mux:lpm_mux_component|mux_5oc:auto_generated|l2_w6_n1_mux_dataout~1                      ; out0             ;
; |butter(buffer)|lpm_mux_6:inst9|lpm_mux:lpm_mux_component|mux_5oc:auto_generated|l2_w6_n1_mux_dataout                     ; |butter(buffer)|lpm_mux_6:inst9|lpm_mux:lpm_mux_component|mux_5oc:auto_generated|l2_w6_n1_mux_dataout                        ; out0             ;
; |butter(buffer)|lpm_mux_6:inst9|lpm_mux:lpm_mux_component|mux_5oc:auto_generated|l3_w2_n0_mux_dataout~0                   ; |butter(buffer)|lpm_mux_6:inst9|lpm_mux:lpm_mux_component|mux_5oc:auto_generated|l3_w2_n0_mux_dataout~0                      ; out0             ;
; |butter(buffer)|lpm_mux_6:inst9|lpm_mux:lpm_mux_component|mux_5oc:auto_generated|l3_w2_n0_mux_dataout~1                   ; |butter(buffer)|lpm_mux_6:inst9|lpm_mux:lpm_mux_component|mux_5oc:auto_generated|l3_w2_n0_mux_dataout~1                      ; out0             ;
; |butter(buffer)|lpm_mux_6:inst9|lpm_mux:lpm_mux_component|mux_5oc:auto_generated|l3_w2_n0_mux_dataout                     ; |butter(buffer)|lpm_mux_6:inst9|lpm_mux:lpm_mux_component|mux_5oc:auto_generated|l3_w2_n0_mux_dataout                        ; out0             ;
; |butter(buffer)|lpm_mux_6:inst9|lpm_mux:lpm_mux_component|mux_5oc:auto_generated|l3_w4_n0_mux_dataout~0                   ; |butter(buffer)|lpm_mux_6:inst9|lpm_mux:lpm_mux_component|mux_5oc:auto_generated|l3_w4_n0_mux_dataout~0                      ; out0             ;
; |butter(buffer)|lpm_mux_6:inst9|lpm_mux:lpm_mux_component|mux_5oc:auto_generated|l3_w4_n0_mux_dataout~1                   ; |butter(buffer)|lpm_mux_6:inst9|lpm_mux:lpm_mux_component|mux_5oc:auto_generated|l3_w4_n0_mux_dataout~1                      ; out0             ;
; |butter(buffer)|lpm_mux_6:inst9|lpm_mux:lpm_mux_component|mux_5oc:auto_generated|l3_w4_n0_mux_dataout                     ; |butter(buffer)|lpm_mux_6:inst9|lpm_mux:lpm_mux_component|mux_5oc:auto_generated|l3_w4_n0_mux_dataout                        ; out0             ;
; |butter(buffer)|lpm_mux_6:inst9|lpm_mux:lpm_mux_component|mux_5oc:auto_generated|l3_w5_n0_mux_dataout~0                   ; |butter(buffer)|lpm_mux_6:inst9|lpm_mux:lpm_mux_component|mux_5oc:auto_generated|l3_w5_n0_mux_dataout~0                      ; out0             ;
; |butter(buffer)|lpm_mux_6:inst9|lpm_mux:lpm_mux_component|mux_5oc:auto_generated|l3_w5_n0_mux_dataout~1                   ; |butter(buffer)|lpm_mux_6:inst9|lpm_mux:lpm_mux_component|mux_5oc:auto_generated|l3_w5_n0_mux_dataout~1                      ; out0             ;
; |butter(buffer)|lpm_mux_6:inst9|lpm_mux:lpm_mux_component|mux_5oc:auto_generated|l3_w5_n0_mux_dataout                     ; |butter(buffer)|lpm_mux_6:inst9|lpm_mux:lpm_mux_component|mux_5oc:auto_generated|l3_w5_n0_mux_dataout                        ; out0             ;
; |butter(buffer)|lpm_mux_6:inst9|lpm_mux:lpm_mux_component|mux_5oc:auto_generated|l3_w6_n0_mux_dataout~0                   ; |butter(buffer)|lpm_mux_6:inst9|lpm_mux:lpm_mux_component|mux_5oc:auto_generated|l3_w6_n0_mux_dataout~0                      ; out0             ;
; |butter(buffer)|lpm_mux_6:inst9|lpm_mux:lpm_mux_component|mux_5oc:auto_generated|l3_w6_n0_mux_dataout~1                   ; |butter(buffer)|lpm_mux_6:inst9|lpm_mux:lpm_mux_component|mux_5oc:auto_generated|l3_w6_n0_mux_dataout~1                      ; out0             ;
; |butter(buffer)|lpm_mux_6:inst9|lpm_mux:lpm_mux_component|mux_5oc:auto_generated|l3_w6_n0_mux_dataout                     ; |butter(buffer)|lpm_mux_6:inst9|lpm_mux:lpm_mux_component|mux_5oc:auto_generated|l3_w6_n0_mux_dataout                        ; out0             ;
+---------------------------------------------------------------------------------------------------------------------------+------------------------------------------------------------------------------------------------------------------------------+------------------+


The following table displays output ports that do not toggle to 1 during simulation.
+--------------------------------------------------------------------------------------------------------------------------------------------------------------------------------------------------------------------------------------+
; Missing 1-Value Coverage                                                                                                                                                                                                             ;
+---------------------------------------------------------------------------------------------------------+---------------------------------------------------------------------------------------------------------+------------------+
; Node Name                                                                                               ; Output Port Name                                                                                        ; Output Port Type ;
+---------------------------------------------------------------------------------------------------------+---------------------------------------------------------------------------------------------------------+------------------+
; |butter(buffer)|DATA_OUT[7]                                                                             ; |butter(buffer)|DATA_OUT[7]                                                                             ; pin_out          ;
; |butter(buffer)|DATA_OUT[3]                                                                             ; |butter(buffer)|DATA_OUT[3]                                                                             ; pin_out          ;
; |butter(buffer)|DATA_OUT[1]                                                                             ; |butter(buffer)|DATA_OUT[1]                                                                             ; pin_out          ;
; |butter(buffer)|DATA_OUT[0]                                                                             ; |butter(buffer)|DATA_OUT[0]                                                                             ; pin_out          ;
; |butter(buffer)|write_to_buffer                                                                         ; |butter(buffer)|write_to_buffer                                                                         ; out              ;
; |butter(buffer)|DATA_IN[7]                                                                              ; |butter(buffer)|DATA_IN[7]                                                                              ; out              ;
; |butter(buffer)|DATA_IN[3]                                                                              ; |butter(buffer)|DATA_IN[3]                                                                              ; out              ;
; |butter(buffer)|DATA_IN[1]                                                                              ; |butter(buffer)|DATA_IN[1]                                                                              ; out              ;
; |butter(buffer)|DATA_IN[0]                                                                              ; |butter(buffer)|DATA_IN[0]                                                                              ; out              ;
; |butter(buffer)|read_from_buffer                                                                        ; |butter(buffer)|read_from_buffer                                                                        ; out              ;
; |butter(buffer)|lpm_dff_1:inst5|lpm_ff:lpm_ff_component|dffs[7]                                         ; |butter(buffer)|lpm_dff_1:inst5|lpm_ff:lpm_ff_component|dffs[7]                                         ; regout           ;
; |butter(buffer)|lpm_dff_1:inst5|lpm_ff:lpm_ff_component|dffs[3]                                         ; |butter(buffer)|lpm_dff_1:inst5|lpm_ff:lpm_ff_component|dffs[3]                                         ; regout           ;
; |butter(buffer)|lpm_dff_1:inst5|lpm_ff:lpm_ff_component|dffs[1]                                         ; |butter(buffer)|lpm_dff_1:inst5|lpm_ff:lpm_ff_component|dffs[1]                                         ; regout           ;
; |butter(buffer)|lpm_dff_1:inst5|lpm_ff:lpm_ff_component|dffs[0]                                         ; |butter(buffer)|lpm_dff_1:inst5|lpm_ff:lpm_ff_component|dffs[0]                                         ; regout           ;
; |butter(buffer)|lpm_dff_1:inst4|lpm_ff:lpm_ff_component|dffs[7]                                         ; |butter(buffer)|lpm_dff_1:inst4|lpm_ff:lpm_ff_component|dffs[7]                                         ; regout           ;
; |butter(buffer)|lpm_dff_1:inst4|lpm_ff:lpm_ff_component|dffs[4]                                         ; |butter(buffer)|lpm_dff_1:inst4|lpm_ff:lpm_ff_component|dffs[4]                                         ; regout           ;
; |butter(buffer)|lpm_dff_1:inst4|lpm_ff:lpm_ff_component|dffs[3]                                         ; |butter(buffer)|lpm_dff_1:inst4|lpm_ff:lpm_ff_component|dffs[3]                                         ; regout           ;
; |butter(buffer)|lpm_dff_1:inst4|lpm_ff:lpm_ff_component|dffs[1]                                         ; |butter(buffer)|lpm_dff_1:inst4|lpm_ff:lpm_ff_component|dffs[1]                                         ; regout           ;
; |butter(buffer)|lpm_dff_1:inst4|lpm_ff:lpm_ff_component|dffs[0]                                         ; |butter(buffer)|lpm_dff_1:inst4|lpm_ff:lpm_ff_component|dffs[0]                                         ; regout           ;
; |butter(buffer)|lpm_dff_1:inst3|lpm_ff:lpm_ff_component|dffs[7]                                         ; |butter(buffer)|lpm_dff_1:inst3|lpm_ff:lpm_ff_component|dffs[7]                                         ; regout           ;
; |butter(buffer)|lpm_dff_1:inst3|lpm_ff:lpm_ff_component|dffs[3]                                         ; |butter(buffer)|lpm_dff_1:inst3|lpm_ff:lpm_ff_component|dffs[3]                                         ; regout           ;
; |butter(buffer)|lpm_dff_1:inst3|lpm_ff:lpm_ff_component|dffs[1]                                         ; |butter(buffer)|lpm_dff_1:inst3|lpm_ff:lpm_ff_component|dffs[1]                                         ; regout           ;
; |butter(buffer)|lpm_dff_1:inst3|lpm_ff:lpm_ff_component|dffs[0]                                         ; |butter(buffer)|lpm_dff_1:inst3|lpm_ff:lpm_ff_component|dffs[0]                                         ; regout           ;
; |butter(buffer)|lpm_dff_1:inst2|lpm_ff:lpm_ff_component|dffs[7]                                         ; |butter(buffer)|lpm_dff_1:inst2|lpm_ff:lpm_ff_component|dffs[7]                                         ; regout           ;
; |butter(buffer)|lpm_dff_1:inst2|lpm_ff:lpm_ff_component|dffs[4]                                         ; |butter(buffer)|lpm_dff_1:inst2|lpm_ff:lpm_ff_component|dffs[4]                                         ; regout           ;
; |butter(buffer)|lpm_dff_1:inst2|lpm_ff:lpm_ff_component|dffs[3]                                         ; |butter(buffer)|lpm_dff_1:inst2|lpm_ff:lpm_ff_component|dffs[3]                                         ; regout           ;
; |butter(buffer)|lpm_dff_1:inst2|lpm_ff:lpm_ff_component|dffs[1]                                         ; |butter(buffer)|lpm_dff_1:inst2|lpm_ff:lpm_ff_component|dffs[1]                                         ; regout           ;
; |butter(buffer)|lpm_dff_1:inst2|lpm_ff:lpm_ff_component|dffs[0]                                         ; |butter(buffer)|lpm_dff_1:inst2|lpm_ff:lpm_ff_component|dffs[0]                                         ; regout           ;
; |butter(buffer)|lpm_dff_1:inst1|lpm_ff:lpm_ff_component|dffs[7]                                         ; |butter(buffer)|lpm_dff_1:inst1|lpm_ff:lpm_ff_component|dffs[7]                                         ; regout           ;
; |butter(buffer)|lpm_dff_1:inst1|lpm_ff:lpm_ff_component|dffs[3]                                         ; |butter(buffer)|lpm_dff_1:inst1|lpm_ff:lpm_ff_component|dffs[3]                                         ; regout           ;
; |butter(buffer)|lpm_dff_1:inst1|lpm_ff:lpm_ff_component|dffs[1]                                         ; |butter(buffer)|lpm_dff_1:inst1|lpm_ff:lpm_ff_component|dffs[1]                                         ; regout           ;
; |butter(buffer)|lpm_dff_1:inst1|lpm_ff:lpm_ff_component|dffs[0]                                         ; |butter(buffer)|lpm_dff_1:inst1|lpm_ff:lpm_ff_component|dffs[0]                                         ; regout           ;
; |butter(buffer)|lpm_dff_1:inst|lpm_ff:lpm_ff_component|dffs[7]                                          ; |butter(buffer)|lpm_dff_1:inst|lpm_ff:lpm_ff_component|dffs[7]                                          ; regout           ;
; |butter(buffer)|lpm_dff_1:inst|lpm_ff:lpm_ff_component|dffs[4]                                          ; |butter(buffer)|lpm_dff_1:inst|lpm_ff:lpm_ff_component|dffs[4]                                          ; regout           ;
; |butter(buffer)|lpm_dff_1:inst|lpm_ff:lpm_ff_component|dffs[3]                                          ; |butter(buffer)|lpm_dff_1:inst|lpm_ff:lpm_ff_component|dffs[3]                                          ; regout           ;
; |butter(buffer)|lpm_dff_1:inst|lpm_ff:lpm_ff_component|dffs[1]                                          ; |butter(buffer)|lpm_dff_1:inst|lpm_ff:lpm_ff_component|dffs[1]                                          ; regout           ;
; |butter(buffer)|lpm_dff_1:inst|lpm_ff:lpm_ff_component|dffs[0]                                          ; |butter(buffer)|lpm_dff_1:inst|lpm_ff:lpm_ff_component|dffs[0]                                          ; regout           ;
; |butter(buffer)|lpm_mux_6:inst9|lpm_mux:lpm_mux_component|mux_5oc:auto_generated|l1_w0_n0_mux_dataout~0 ; |butter(buffer)|lpm_mux_6:inst9|lpm_mux:lpm_mux_component|mux_5oc:auto_generated|l1_w0_n0_mux_dataout~0 ; out0             ;
; |butter(buffer)|lpm_mux_6:inst9|lpm_mux:lpm_mux_component|mux_5oc:auto_generated|l1_w0_n1_mux_dataout~0 ; |butter(buffer)|lpm_mux_6:inst9|lpm_mux:lpm_mux_component|mux_5oc:auto_generated|l1_w0_n1_mux_dataout~0 ; out0             ;
; |butter(buffer)|lpm_mux_6:inst9|lpm_mux:lpm_mux_component|mux_5oc:auto_generated|l1_w0_n1_mux_dataout~1 ; |butter(buffer)|lpm_mux_6:inst9|lpm_mux:lpm_mux_component|mux_5oc:auto_generated|l1_w0_n1_mux_dataout~1 ; out0             ;
; |butter(buffer)|lpm_mux_6:inst9|lpm_mux:lpm_mux_component|mux_5oc:auto_generated|l1_w0_n1_mux_dataout   ; |butter(buffer)|lpm_mux_6:inst9|lpm_mux:lpm_mux_component|mux_5oc:auto_generated|l1_w0_n1_mux_dataout   ; out0             ;
; |butter(buffer)|lpm_mux_6:inst9|lpm_mux:lpm_mux_component|mux_5oc:auto_generated|l1_w0_n2_mux_dataout~0 ; |butter(buffer)|lpm_mux_6:inst9|lpm_mux:lpm_mux_component|mux_5oc:auto_generated|l1_w0_n2_mux_dataout~0 ; out0             ;
; |butter(buffer)|lpm_mux_6:inst9|lpm_mux:lpm_mux_component|mux_5oc:auto_generated|l1_w0_n2_mux_dataout~1 ; |butter(buffer)|lpm_mux_6:inst9|lpm_mux:lpm_mux_component|mux_5oc:auto_generated|l1_w0_n2_mux_dataout~1 ; out0             ;
; |butter(buffer)|lpm_mux_6:inst9|lpm_mux:lpm_mux_component|mux_5oc:auto_generated|l1_w0_n2_mux_dataout   ; |butter(buffer)|lpm_mux_6:inst9|lpm_mux:lpm_mux_component|mux_5oc:auto_generated|l1_w0_n2_mux_dataout   ; out0             ;
; |butter(buffer)|lpm_mux_6:inst9|lpm_mux:lpm_mux_component|mux_5oc:auto_generated|l1_w0_n3_mux_dataout~1 ; |butter(buffer)|lpm_mux_6:inst9|lpm_mux:lpm_mux_component|mux_5oc:auto_generated|l1_w0_n3_mux_dataout~1 ; out0             ;
; |butter(buffer)|lpm_mux_6:inst9|lpm_mux:lpm_mux_component|mux_5oc:auto_generated|l1_w1_n0_mux_dataout~0 ; |butter(buffer)|lpm_mux_6:inst9|lpm_mux:lpm_mux_component|mux_5oc:auto_generated|l1_w1_n0_mux_dataout~0 ; out0             ;
; |butter(buffer)|lpm_mux_6:inst9|lpm_mux:lpm_mux_component|mux_5oc:auto_generated|l1_w1_n1_mux_dataout~0 ; |butter(buffer)|lpm_mux_6:inst9|lpm_mux:lpm_mux_component|mux_5oc:auto_generated|l1_w1_n1_mux_dataout~0 ; out0             ;
; |butter(buffer)|lpm_mux_6:inst9|lpm_mux:lpm_mux_component|mux_5oc:auto_generated|l1_w1_n1_mux_dataout~1 ; |butter(buffer)|lpm_mux_6:inst9|lpm_mux:lpm_mux_component|mux_5oc:auto_generated|l1_w1_n1_mux_dataout~1 ; out0             ;
; |butter(buffer)|lpm_mux_6:inst9|lpm_mux:lpm_mux_component|mux_5oc:auto_generated|l1_w1_n1_mux_dataout   ; |butter(buffer)|lpm_mux_6:inst9|lpm_mux:lpm_mux_component|mux_5oc:auto_generated|l1_w1_n1_mux_dataout   ; out0             ;
; |butter(buffer)|lpm_mux_6:inst9|lpm_mux:lpm_mux_component|mux_5oc:auto_generated|l1_w1_n2_mux_dataout~0 ; |butter(buffer)|lpm_mux_6:inst9|lpm_mux:lpm_mux_component|mux_5oc:auto_generated|l1_w1_n2_mux_dataout~0 ; out0             ;
; |butter(buffer)|lpm_mux_6:inst9|lpm_mux:lpm_mux_component|mux_5oc:auto_generated|l1_w1_n2_mux_dataout~1 ; |butter(buffer)|lpm_mux_6:inst9|lpm_mux:lpm_mux_component|mux_5oc:auto_generated|l1_w1_n2_mux_dataout~1 ; out0             ;
; |butter(buffer)|lpm_mux_6:inst9|lpm_mux:lpm_mux_component|mux_5oc:auto_generated|l1_w1_n2_mux_dataout   ; |butter(buffer)|lpm_mux_6:inst9|lpm_mux:lpm_mux_component|mux_5oc:auto_generated|l1_w1_n2_mux_dataout   ; out0             ;
; |butter(buffer)|lpm_mux_6:inst9|lpm_mux:lpm_mux_component|mux_5oc:auto_generated|l1_w1_n3_mux_dataout~1 ; |butter(buffer)|lpm_mux_6:inst9|lpm_mux:lpm_mux_component|mux_5oc:auto_generated|l1_w1_n3_mux_dataout~1 ; out0             ;
; |butter(buffer)|lpm_mux_6:inst9|lpm_mux:lpm_mux_component|mux_5oc:auto_generated|l1_w3_n0_mux_dataout~0 ; |butter(buffer)|lpm_mux_6:inst9|lpm_mux:lpm_mux_component|mux_5oc:auto_generated|l1_w3_n0_mux_dataout~0 ; out0             ;
; |butter(buffer)|lpm_mux_6:inst9|lpm_mux:lpm_mux_component|mux_5oc:auto_generated|l1_w3_n1_mux_dataout~0 ; |butter(buffer)|lpm_mux_6:inst9|lpm_mux:lpm_mux_component|mux_5oc:auto_generated|l1_w3_n1_mux_dataout~0 ; out0             ;
; |butter(buffer)|lpm_mux_6:inst9|lpm_mux:lpm_mux_component|mux_5oc:auto_generated|l1_w3_n1_mux_dataout~1 ; |butter(buffer)|lpm_mux_6:inst9|lpm_mux:lpm_mux_component|mux_5oc:auto_generated|l1_w3_n1_mux_dataout~1 ; out0             ;
; |butter(buffer)|lpm_mux_6:inst9|lpm_mux:lpm_mux_component|mux_5oc:auto_generated|l1_w3_n1_mux_dataout   ; |butter(buffer)|lpm_mux_6:inst9|lpm_mux:lpm_mux_component|mux_5oc:auto_generated|l1_w3_n1_mux_dataout   ; out0             ;
; |butter(buffer)|lpm_mux_6:inst9|lpm_mux:lpm_mux_component|mux_5oc:auto_generated|l1_w3_n2_mux_dataout~0 ; |butter(buffer)|lpm_mux_6:inst9|lpm_mux:lpm_mux_component|mux_5oc:auto_generated|l1_w3_n2_mux_dataout~0 ; out0             ;
; |butter(buffer)|lpm_mux_6:inst9|lpm_mux:lpm_mux_component|mux_5oc:auto_generated|l1_w3_n2_mux_dataout~1 ; |butter(buffer)|lpm_mux_6:inst9|lpm_mux:lpm_mux_component|mux_5oc:auto_generated|l1_w3_n2_mux_dataout~1 ; out0             ;
; |butter(buffer)|lpm_mux_6:inst9|lpm_mux:lpm_mux_component|mux_5oc:auto_generated|l1_w3_n2_mux_dataout   ; |butter(buffer)|lpm_mux_6:inst9|lpm_mux:lpm_mux_component|mux_5oc:auto_generated|l1_w3_n2_mux_dataout   ; out0             ;
; |butter(buffer)|lpm_mux_6:inst9|lpm_mux:lpm_mux_component|mux_5oc:auto_generated|l1_w3_n3_mux_dataout~1 ; |butter(buffer)|lpm_mux_6:inst9|lpm_mux:lpm_mux_component|mux_5oc:auto_generated|l1_w3_n3_mux_dataout~1 ; out0             ;
; |butter(buffer)|lpm_mux_6:inst9|lpm_mux:lpm_mux_component|mux_5oc:auto_generated|l1_w4_n0_mux_dataout~0 ; |butter(buffer)|lpm_mux_6:inst9|lpm_mux:lpm_mux_component|mux_5oc:auto_generated|l1_w4_n0_mux_dataout~0 ; out0             ;
; |butter(buffer)|lpm_mux_6:inst9|lpm_mux:lpm_mux_component|mux_5oc:auto_generated|l1_w4_n1_mux_dataout~0 ; |butter(buffer)|lpm_mux_6:inst9|lpm_mux:lpm_mux_component|mux_5oc:auto_generated|l1_w4_n1_mux_dataout~0 ; out0             ;
; |butter(buffer)|lpm_mux_6:inst9|lpm_mux:lpm_mux_component|mux_5oc:auto_generated|l1_w4_n2_mux_dataout~0 ; |butter(buffer)|lpm_mux_6:inst9|lpm_mux:lpm_mux_component|mux_5oc:auto_generated|l1_w4_n2_mux_dataout~0 ; out0             ;
; |butter(buffer)|lpm_mux_6:inst9|lpm_mux:lpm_mux_component|mux_5oc:auto_generated|l1_w7_n0_mux_dataout~0 ; |butter(buffer)|lpm_mux_6:inst9|lpm_mux:lpm_mux_component|mux_5oc:auto_generated|l1_w7_n0_mux_dataout~0 ; out0             ;
; |butter(buffer)|lpm_mux_6:inst9|lpm_mux:lpm_mux_component|mux_5oc:auto_generated|l1_w7_n1_mux_dataout~0 ; |butter(buffer)|lpm_mux_6:inst9|lpm_mux:lpm_mux_component|mux_5oc:auto_generated|l1_w7_n1_mux_dataout~0 ; out0             ;
; |butter(buffer)|lpm_mux_6:inst9|lpm_mux:lpm_mux_component|mux_5oc:auto_generated|l1_w7_n1_mux_dataout~1 ; |butter(buffer)|lpm_mux_6:inst9|lpm_mux:lpm_mux_component|mux_5oc:auto_generated|l1_w7_n1_mux_dataout~1 ; out0             ;
; |butter(buffer)|lpm_mux_6:inst9|lpm_mux:lpm_mux_component|mux_5oc:auto_generated|l1_w7_n1_mux_dataout   ; |butter(buffer)|lpm_mux_6:inst9|lpm_mux:lpm_mux_component|mux_5oc:auto_generated|l1_w7_n1_mux_dataout   ; out0             ;
; |butter(buffer)|lpm_mux_6:inst9|lpm_mux:lpm_mux_component|mux_5oc:auto_generated|l1_w7_n2_mux_dataout~0 ; |butter(buffer)|lpm_mux_6:inst9|lpm_mux:lpm_mux_component|mux_5oc:auto_generated|l1_w7_n2_mux_dataout~0 ; out0             ;
; |butter(buffer)|lpm_mux_6:inst9|lpm_mux:lpm_mux_component|mux_5oc:auto_generated|l1_w7_n2_mux_dataout~1 ; |butter(buffer)|lpm_mux_6:inst9|lpm_mux:lpm_mux_component|mux_5oc:auto_generated|l1_w7_n2_mux_dataout~1 ; out0             ;
; |butter(buffer)|lpm_mux_6:inst9|lpm_mux:lpm_mux_component|mux_5oc:auto_generated|l1_w7_n2_mux_dataout   ; |butter(buffer)|lpm_mux_6:inst9|lpm_mux:lpm_mux_component|mux_5oc:auto_generated|l1_w7_n2_mux_dataout   ; out0             ;
; |butter(buffer)|lpm_mux_6:inst9|lpm_mux:lpm_mux_component|mux_5oc:auto_generated|l1_w7_n3_mux_dataout~1 ; |butter(buffer)|lpm_mux_6:inst9|lpm_mux:lpm_mux_component|mux_5oc:auto_generated|l1_w7_n3_mux_dataout~1 ; out0             ;
; |butter(buffer)|lpm_mux_6:inst9|lpm_mux:lpm_mux_component|mux_5oc:auto_generated|l2_w0_n0_mux_dataout~0 ; |butter(buffer)|lpm_mux_6:inst9|lpm_mux:lpm_mux_component|mux_5oc:auto_generated|l2_w0_n0_mux_dataout~0 ; out0             ;
; |butter(buffer)|lpm_mux_6:inst9|lpm_mux:lpm_mux_component|mux_5oc:auto_generated|l2_w0_n0_mux_dataout~1 ; |butter(buffer)|lpm_mux_6:inst9|lpm_mux:lpm_mux_component|mux_5oc:auto_generated|l2_w0_n0_mux_dataout~1 ; out0             ;
; |butter(buffer)|lpm_mux_6:inst9|lpm_mux:lpm_mux_component|mux_5oc:auto_generated|l2_w0_n0_mux_dataout   ; |butter(buffer)|lpm_mux_6:inst9|lpm_mux:lpm_mux_component|mux_5oc:auto_generated|l2_w0_n0_mux_dataout   ; out0             ;
; |butter(buffer)|lpm_mux_6:inst9|lpm_mux:lpm_mux_component|mux_5oc:auto_generated|l2_w0_n1_mux_dataout~0 ; |butter(buffer)|lpm_mux_6:inst9|lpm_mux:lpm_mux_component|mux_5oc:auto_generated|l2_w0_n1_mux_dataout~0 ; out0             ;
; |butter(buffer)|lpm_mux_6:inst9|lpm_mux:lpm_mux_component|mux_5oc:auto_generated|l2_w0_n1_mux_dataout~1 ; |butter(buffer)|lpm_mux_6:inst9|lpm_mux:lpm_mux_component|mux_5oc:auto_generated|l2_w0_n1_mux_dataout~1 ; out0             ;
; |butter(buffer)|lpm_mux_6:inst9|lpm_mux:lpm_mux_component|mux_5oc:auto_generated|l2_w0_n1_mux_dataout   ; |butter(buffer)|lpm_mux_6:inst9|lpm_mux:lpm_mux_component|mux_5oc:auto_generated|l2_w0_n1_mux_dataout   ; out0             ;
; |butter(buffer)|lpm_mux_6:inst9|lpm_mux:lpm_mux_component|mux_5oc:auto_generated|l2_w1_n0_mux_dataout~0 ; |butter(buffer)|lpm_mux_6:inst9|lpm_mux:lpm_mux_component|mux_5oc:auto_generated|l2_w1_n0_mux_dataout~0 ; out0             ;
; |butter(buffer)|lpm_mux_6:inst9|lpm_mux:lpm_mux_component|mux_5oc:auto_generated|l2_w1_n0_mux_dataout~1 ; |butter(buffer)|lpm_mux_6:inst9|lpm_mux:lpm_mux_component|mux_5oc:auto_generated|l2_w1_n0_mux_dataout~1 ; out0             ;
; |butter(buffer)|lpm_mux_6:inst9|lpm_mux:lpm_mux_component|mux_5oc:auto_generated|l2_w1_n0_mux_dataout   ; |butter(buffer)|lpm_mux_6:inst9|lpm_mux:lpm_mux_component|mux_5oc:auto_generated|l2_w1_n0_mux_dataout   ; out0             ;
; |butter(buffer)|lpm_mux_6:inst9|lpm_mux:lpm_mux_component|mux_5oc:auto_generated|l2_w1_n1_mux_dataout~0 ; |butter(buffer)|lpm_mux_6:inst9|lpm_mux:lpm_mux_component|mux_5oc:auto_generated|l2_w1_n1_mux_dataout~0 ; out0             ;
; |butter(buffer)|lpm_mux_6:inst9|lpm_mux:lpm_mux_component|mux_5oc:auto_generated|l2_w1_n1_mux_dataout~1 ; |butter(buffer)|lpm_mux_6:inst9|lpm_mux:lpm_mux_component|mux_5oc:auto_generated|l2_w1_n1_mux_dataout~1 ; out0             ;
; |butter(buffer)|lpm_mux_6:inst9|lpm_mux:lpm_mux_component|mux_5oc:auto_generated|l2_w1_n1_mux_dataout   ; |butter(buffer)|lpm_mux_6:inst9|lpm_mux:lpm_mux_component|mux_5oc:auto_generated|l2_w1_n1_mux_dataout   ; out0             ;
; |butter(buffer)|lpm_mux_6:inst9|lpm_mux:lpm_mux_component|mux_5oc:auto_generated|l2_w3_n0_mux_dataout~0 ; |butter(buffer)|lpm_mux_6:inst9|lpm_mux:lpm_mux_component|mux_5oc:auto_generated|l2_w3_n0_mux_dataout~0 ; out0             ;
; |butter(buffer)|lpm_mux_6:inst9|lpm_mux:lpm_mux_component|mux_5oc:auto_generated|l2_w3_n0_mux_dataout~1 ; |butter(buffer)|lpm_mux_6:inst9|lpm_mux:lpm_mux_component|mux_5oc:auto_generated|l2_w3_n0_mux_dataout~1 ; out0             ;
; |butter(buffer)|lpm_mux_6:inst9|lpm_mux:lpm_mux_component|mux_5oc:auto_generated|l2_w3_n0_mux_dataout   ; |butter(buffer)|lpm_mux_6:inst9|lpm_mux:lpm_mux_component|mux_5oc:auto_generated|l2_w3_n0_mux_dataout   ; out0             ;
; |butter(buffer)|lpm_mux_6:inst9|lpm_mux:lpm_mux_component|mux_5oc:auto_generated|l2_w3_n1_mux_dataout~0 ; |butter(buffer)|lpm_mux_6:inst9|lpm_mux:lpm_mux_component|mux_5oc:auto_generated|l2_w3_n1_mux_dataout~0 ; out0             ;
; |butter(buffer)|lpm_mux_6:inst9|lpm_mux:lpm_mux_component|mux_5oc:auto_generated|l2_w3_n1_mux_dataout~1 ; |butter(buffer)|lpm_mux_6:inst9|lpm_mux:lpm_mux_component|mux_5oc:auto_generated|l2_w3_n1_mux_dataout~1 ; out0             ;
; |butter(buffer)|lpm_mux_6:inst9|lpm_mux:lpm_mux_component|mux_5oc:auto_generated|l2_w3_n1_mux_dataout   ; |butter(buffer)|lpm_mux_6:inst9|lpm_mux:lpm_mux_component|mux_5oc:auto_generated|l2_w3_n1_mux_dataout   ; out0             ;
; |butter(buffer)|lpm_mux_6:inst9|lpm_mux:lpm_mux_component|mux_5oc:auto_generated|l2_w4_n0_mux_dataout~1 ; |butter(buffer)|lpm_mux_6:inst9|lpm_mux:lpm_mux_component|mux_5oc:auto_generated|l2_w4_n0_mux_dataout~1 ; out0             ;
; |butter(buffer)|lpm_mux_6:inst9|lpm_mux:lpm_mux_component|mux_5oc:auto_generated|l2_w7_n0_mux_dataout~0 ; |butter(buffer)|lpm_mux_6:inst9|lpm_mux:lpm_mux_component|mux_5oc:auto_generated|l2_w7_n0_mux_dataout~0 ; out0             ;
; |butter(buffer)|lpm_mux_6:inst9|lpm_mux:lpm_mux_component|mux_5oc:auto_generated|l2_w7_n0_mux_dataout~1 ; |butter(buffer)|lpm_mux_6:inst9|lpm_mux:lpm_mux_component|mux_5oc:auto_generated|l2_w7_n0_mux_dataout~1 ; out0             ;
; |butter(buffer)|lpm_mux_6:inst9|lpm_mux:lpm_mux_component|mux_5oc:auto_generated|l2_w7_n0_mux_dataout   ; |butter(buffer)|lpm_mux_6:inst9|lpm_mux:lpm_mux_component|mux_5oc:auto_generated|l2_w7_n0_mux_dataout   ; out0             ;
; |butter(buffer)|lpm_mux_6:inst9|lpm_mux:lpm_mux_component|mux_5oc:auto_generated|l2_w7_n1_mux_dataout~0 ; |butter(buffer)|lpm_mux_6:inst9|lpm_mux:lpm_mux_component|mux_5oc:auto_generated|l2_w7_n1_mux_dataout~0 ; out0             ;
; |butter(buffer)|lpm_mux_6:inst9|lpm_mux:lpm_mux_component|mux_5oc:auto_generated|l2_w7_n1_mux_dataout~1 ; |butter(buffer)|lpm_mux_6:inst9|lpm_mux:lpm_mux_component|mux_5oc:auto_generated|l2_w7_n1_mux_dataout~1 ; out0             ;
; |butter(buffer)|lpm_mux_6:inst9|lpm_mux:lpm_mux_component|mux_5oc:auto_generated|l2_w7_n1_mux_dataout   ; |butter(buffer)|lpm_mux_6:inst9|lpm_mux:lpm_mux_component|mux_5oc:auto_generated|l2_w7_n1_mux_dataout   ; out0             ;
; |butter(buffer)|lpm_mux_6:inst9|lpm_mux:lpm_mux_component|mux_5oc:auto_generated|l3_w0_n0_mux_dataout~0 ; |butter(buffer)|lpm_mux_6:inst9|lpm_mux:lpm_mux_component|mux_5oc:auto_generated|l3_w0_n0_mux_dataout~0 ; out0             ;
; |butter(buffer)|lpm_mux_6:inst9|lpm_mux:lpm_mux_component|mux_5oc:auto_generated|l3_w0_n0_mux_dataout~1 ; |butter(buffer)|lpm_mux_6:inst9|lpm_mux:lpm_mux_component|mux_5oc:auto_generated|l3_w0_n0_mux_dataout~1 ; out0             ;
; |butter(buffer)|lpm_mux_6:inst9|lpm_mux:lpm_mux_component|mux_5oc:auto_generated|l3_w0_n0_mux_dataout   ; |butter(buffer)|lpm_mux_6:inst9|lpm_mux:lpm_mux_component|mux_5oc:auto_generated|l3_w0_n0_mux_dataout   ; out0             ;
; |butter(buffer)|lpm_mux_6:inst9|lpm_mux:lpm_mux_component|mux_5oc:auto_generated|l3_w1_n0_mux_dataout~0 ; |butter(buffer)|lpm_mux_6:inst9|lpm_mux:lpm_mux_component|mux_5oc:auto_generated|l3_w1_n0_mux_dataout~0 ; out0             ;
; |butter(buffer)|lpm_mux_6:inst9|lpm_mux:lpm_mux_component|mux_5oc:auto_generated|l3_w1_n0_mux_dataout~1 ; |butter(buffer)|lpm_mux_6:inst9|lpm_mux:lpm_mux_component|mux_5oc:auto_generated|l3_w1_n0_mux_dataout~1 ; out0             ;
; |butter(buffer)|lpm_mux_6:inst9|lpm_mux:lpm_mux_component|mux_5oc:auto_generated|l3_w1_n0_mux_dataout   ; |butter(buffer)|lpm_mux_6:inst9|lpm_mux:lpm_mux_component|mux_5oc:auto_generated|l3_w1_n0_mux_dataout   ; out0             ;
; |butter(buffer)|lpm_mux_6:inst9|lpm_mux:lpm_mux_component|mux_5oc:auto_generated|l3_w3_n0_mux_dataout~0 ; |butter(buffer)|lpm_mux_6:inst9|lpm_mux:lpm_mux_component|mux_5oc:auto_generated|l3_w3_n0_mux_dataout~0 ; out0             ;
; |butter(buffer)|lpm_mux_6:inst9|lpm_mux:lpm_mux_component|mux_5oc:auto_generated|l3_w3_n0_mux_dataout~1 ; |butter(buffer)|lpm_mux_6:inst9|lpm_mux:lpm_mux_component|mux_5oc:auto_generated|l3_w3_n0_mux_dataout~1 ; out0             ;
; |butter(buffer)|lpm_mux_6:inst9|lpm_mux:lpm_mux_component|mux_5oc:auto_generated|l3_w3_n0_mux_dataout   ; |butter(buffer)|lpm_mux_6:inst9|lpm_mux:lpm_mux_component|mux_5oc:auto_generated|l3_w3_n0_mux_dataout   ; out0             ;
; |butter(buffer)|lpm_mux_6:inst9|lpm_mux:lpm_mux_component|mux_5oc:auto_generated|l3_w7_n0_mux_dataout~0 ; |butter(buffer)|lpm_mux_6:inst9|lpm_mux:lpm_mux_component|mux_5oc:auto_generated|l3_w7_n0_mux_dataout~0 ; out0             ;
; |butter(buffer)|lpm_mux_6:inst9|lpm_mux:lpm_mux_component|mux_5oc:auto_generated|l3_w7_n0_mux_dataout~1 ; |butter(buffer)|lpm_mux_6:inst9|lpm_mux:lpm_mux_component|mux_5oc:auto_generated|l3_w7_n0_mux_dataout~1 ; out0             ;
; |butter(buffer)|lpm_mux_6:inst9|lpm_mux:lpm_mux_component|mux_5oc:auto_generated|l3_w7_n0_mux_dataout   ; |butter(buffer)|lpm_mux_6:inst9|lpm_mux:lpm_mux_component|mux_5oc:auto_generated|l3_w7_n0_mux_dataout   ; out0             ;
+---------------------------------------------------------------------------------------------------------+---------------------------------------------------------------------------------------------------------+------------------+


The following table displays output ports that do not toggle to 0 during simulation.
+--------------------------------------------------------------------------------------------------------------------------------------------------------------------------------------------------------------------------------------+
; Missing 0-Value Coverage                                                                                                                                                                                                             ;
+---------------------------------------------------------------------------------------------------------+---------------------------------------------------------------------------------------------------------+------------------+
; Node Name                                                                                               ; Output Port Name                                                                                        ; Output Port Type ;
+---------------------------------------------------------------------------------------------------------+---------------------------------------------------------------------------------------------------------+------------------+
; |butter(buffer)|DATA_OUT[7]                                                                             ; |butter(buffer)|DATA_OUT[7]                                                                             ; pin_out          ;
; |butter(buffer)|DATA_OUT[3]                                                                             ; |butter(buffer)|DATA_OUT[3]                                                                             ; pin_out          ;
; |butter(buffer)|DATA_OUT[1]                                                                             ; |butter(buffer)|DATA_OUT[1]                                                                             ; pin_out          ;
; |butter(buffer)|DATA_OUT[0]                                                                             ; |butter(buffer)|DATA_OUT[0]                                                                             ; pin_out          ;
; |butter(buffer)|write_to_buffer                                                                         ; |butter(buffer)|write_to_buffer                                                                         ; out              ;
; |butter(buffer)|DATA_IN[7]                                                                              ; |butter(buffer)|DATA_IN[7]                                                                              ; out              ;
; |butter(buffer)|DATA_IN[3]                                                                              ; |butter(buffer)|DATA_IN[3]                                                                              ; out              ;
; |butter(buffer)|DATA_IN[1]                                                                              ; |butter(buffer)|DATA_IN[1]                                                                              ; out              ;
; |butter(buffer)|DATA_IN[0]                                                                              ; |butter(buffer)|DATA_IN[0]                                                                              ; out              ;
; |butter(buffer)|read_from_buffer                                                                        ; |butter(buffer)|read_from_buffer                                                                        ; out              ;
; |butter(buffer)|lpm_dff_1:inst5|lpm_ff:lpm_ff_component|dffs[7]                                         ; |butter(buffer)|lpm_dff_1:inst5|lpm_ff:lpm_ff_component|dffs[7]                                         ; regout           ;
; |butter(buffer)|lpm_dff_1:inst5|lpm_ff:lpm_ff_component|dffs[6]                                         ; |butter(buffer)|lpm_dff_1:inst5|lpm_ff:lpm_ff_component|dffs[6]                                         ; regout           ;
; |butter(buffer)|lpm_dff_1:inst5|lpm_ff:lpm_ff_component|dffs[5]                                         ; |butter(buffer)|lpm_dff_1:inst5|lpm_ff:lpm_ff_component|dffs[5]                                         ; regout           ;
; |butter(buffer)|lpm_dff_1:inst5|lpm_ff:lpm_ff_component|dffs[3]                                         ; |butter(buffer)|lpm_dff_1:inst5|lpm_ff:lpm_ff_component|dffs[3]                                         ; regout           ;
; |butter(buffer)|lpm_dff_1:inst5|lpm_ff:lpm_ff_component|dffs[2]                                         ; |butter(buffer)|lpm_dff_1:inst5|lpm_ff:lpm_ff_component|dffs[2]                                         ; regout           ;
; |butter(buffer)|lpm_dff_1:inst5|lpm_ff:lpm_ff_component|dffs[1]                                         ; |butter(buffer)|lpm_dff_1:inst5|lpm_ff:lpm_ff_component|dffs[1]                                         ; regout           ;
; |butter(buffer)|lpm_dff_1:inst5|lpm_ff:lpm_ff_component|dffs[0]                                         ; |butter(buffer)|lpm_dff_1:inst5|lpm_ff:lpm_ff_component|dffs[0]                                         ; regout           ;
; |butter(buffer)|lpm_dff_1:inst4|lpm_ff:lpm_ff_component|dffs[7]                                         ; |butter(buffer)|lpm_dff_1:inst4|lpm_ff:lpm_ff_component|dffs[7]                                         ; regout           ;
; |butter(buffer)|lpm_dff_1:inst4|lpm_ff:lpm_ff_component|dffs[6]                                         ; |butter(buffer)|lpm_dff_1:inst4|lpm_ff:lpm_ff_component|dffs[6]                                         ; regout           ;
; |butter(buffer)|lpm_dff_1:inst4|lpm_ff:lpm_ff_component|dffs[5]                                         ; |butter(buffer)|lpm_dff_1:inst4|lpm_ff:lpm_ff_component|dffs[5]                                         ; regout           ;
; |butter(buffer)|lpm_dff_1:inst4|lpm_ff:lpm_ff_component|dffs[4]                                         ; |butter(buffer)|lpm_dff_1:inst4|lpm_ff:lpm_ff_component|dffs[4]                                         ; regout           ;
; |butter(buffer)|lpm_dff_1:inst4|lpm_ff:lpm_ff_component|dffs[3]                                         ; |butter(buffer)|lpm_dff_1:inst4|lpm_ff:lpm_ff_component|dffs[3]                                         ; regout           ;
; |butter(buffer)|lpm_dff_1:inst4|lpm_ff:lpm_ff_component|dffs[2]                                         ; |butter(buffer)|lpm_dff_1:inst4|lpm_ff:lpm_ff_component|dffs[2]                                         ; regout           ;
; |butter(buffer)|lpm_dff_1:inst4|lpm_ff:lpm_ff_component|dffs[1]                                         ; |butter(buffer)|lpm_dff_1:inst4|lpm_ff:lpm_ff_component|dffs[1]                                         ; regout           ;
; |butter(buffer)|lpm_dff_1:inst4|lpm_ff:lpm_ff_component|dffs[0]                                         ; |butter(buffer)|lpm_dff_1:inst4|lpm_ff:lpm_ff_component|dffs[0]                                         ; regout           ;
; |butter(buffer)|lpm_dff_1:inst3|lpm_ff:lpm_ff_component|dffs[7]                                         ; |butter(buffer)|lpm_dff_1:inst3|lpm_ff:lpm_ff_component|dffs[7]                                         ; regout           ;
; |butter(buffer)|lpm_dff_1:inst3|lpm_ff:lpm_ff_component|dffs[6]                                         ; |butter(buffer)|lpm_dff_1:inst3|lpm_ff:lpm_ff_component|dffs[6]                                         ; regout           ;
; |butter(buffer)|lpm_dff_1:inst3|lpm_ff:lpm_ff_component|dffs[5]                                         ; |butter(buffer)|lpm_dff_1:inst3|lpm_ff:lpm_ff_component|dffs[5]                                         ; regout           ;
; |butter(buffer)|lpm_dff_1:inst3|lpm_ff:lpm_ff_component|dffs[3]                                         ; |butter(buffer)|lpm_dff_1:inst3|lpm_ff:lpm_ff_component|dffs[3]                                         ; regout           ;
; |butter(buffer)|lpm_dff_1:inst3|lpm_ff:lpm_ff_component|dffs[2]                                         ; |butter(buffer)|lpm_dff_1:inst3|lpm_ff:lpm_ff_component|dffs[2]                                         ; regout           ;
; |butter(buffer)|lpm_dff_1:inst3|lpm_ff:lpm_ff_component|dffs[1]                                         ; |butter(buffer)|lpm_dff_1:inst3|lpm_ff:lpm_ff_component|dffs[1]                                         ; regout           ;
; |butter(buffer)|lpm_dff_1:inst3|lpm_ff:lpm_ff_component|dffs[0]                                         ; |butter(buffer)|lpm_dff_1:inst3|lpm_ff:lpm_ff_component|dffs[0]                                         ; regout           ;
; |butter(buffer)|lpm_dff_1:inst2|lpm_ff:lpm_ff_component|dffs[7]                                         ; |butter(buffer)|lpm_dff_1:inst2|lpm_ff:lpm_ff_component|dffs[7]                                         ; regout           ;
; |butter(buffer)|lpm_dff_1:inst2|lpm_ff:lpm_ff_component|dffs[6]                                         ; |butter(buffer)|lpm_dff_1:inst2|lpm_ff:lpm_ff_component|dffs[6]                                         ; regout           ;
; |butter(buffer)|lpm_dff_1:inst2|lpm_ff:lpm_ff_component|dffs[5]                                         ; |butter(buffer)|lpm_dff_1:inst2|lpm_ff:lpm_ff_component|dffs[5]                                         ; regout           ;
; |butter(buffer)|lpm_dff_1:inst2|lpm_ff:lpm_ff_component|dffs[4]                                         ; |butter(buffer)|lpm_dff_1:inst2|lpm_ff:lpm_ff_component|dffs[4]                                         ; regout           ;
; |butter(buffer)|lpm_dff_1:inst2|lpm_ff:lpm_ff_component|dffs[3]                                         ; |butter(buffer)|lpm_dff_1:inst2|lpm_ff:lpm_ff_component|dffs[3]                                         ; regout           ;
; |butter(buffer)|lpm_dff_1:inst2|lpm_ff:lpm_ff_component|dffs[2]                                         ; |butter(buffer)|lpm_dff_1:inst2|lpm_ff:lpm_ff_component|dffs[2]                                         ; regout           ;
; |butter(buffer)|lpm_dff_1:inst2|lpm_ff:lpm_ff_component|dffs[1]                                         ; |butter(buffer)|lpm_dff_1:inst2|lpm_ff:lpm_ff_component|dffs[1]                                         ; regout           ;
; |butter(buffer)|lpm_dff_1:inst2|lpm_ff:lpm_ff_component|dffs[0]                                         ; |butter(buffer)|lpm_dff_1:inst2|lpm_ff:lpm_ff_component|dffs[0]                                         ; regout           ;
; |butter(buffer)|lpm_dff_1:inst1|lpm_ff:lpm_ff_component|dffs[7]                                         ; |butter(buffer)|lpm_dff_1:inst1|lpm_ff:lpm_ff_component|dffs[7]                                         ; regout           ;
; |butter(buffer)|lpm_dff_1:inst1|lpm_ff:lpm_ff_component|dffs[6]                                         ; |butter(buffer)|lpm_dff_1:inst1|lpm_ff:lpm_ff_component|dffs[6]                                         ; regout           ;
; |butter(buffer)|lpm_dff_1:inst1|lpm_ff:lpm_ff_component|dffs[5]                                         ; |butter(buffer)|lpm_dff_1:inst1|lpm_ff:lpm_ff_component|dffs[5]                                         ; regout           ;
; |butter(buffer)|lpm_dff_1:inst1|lpm_ff:lpm_ff_component|dffs[3]                                         ; |butter(buffer)|lpm_dff_1:inst1|lpm_ff:lpm_ff_component|dffs[3]                                         ; regout           ;
; |butter(buffer)|lpm_dff_1:inst1|lpm_ff:lpm_ff_component|dffs[2]                                         ; |butter(buffer)|lpm_dff_1:inst1|lpm_ff:lpm_ff_component|dffs[2]                                         ; regout           ;
; |butter(buffer)|lpm_dff_1:inst1|lpm_ff:lpm_ff_component|dffs[1]                                         ; |butter(buffer)|lpm_dff_1:inst1|lpm_ff:lpm_ff_component|dffs[1]                                         ; regout           ;
; |butter(buffer)|lpm_dff_1:inst1|lpm_ff:lpm_ff_component|dffs[0]                                         ; |butter(buffer)|lpm_dff_1:inst1|lpm_ff:lpm_ff_component|dffs[0]                                         ; regout           ;
; |butter(buffer)|lpm_dff_1:inst|lpm_ff:lpm_ff_component|dffs[7]                                          ; |butter(buffer)|lpm_dff_1:inst|lpm_ff:lpm_ff_component|dffs[7]                                          ; regout           ;
; |butter(buffer)|lpm_dff_1:inst|lpm_ff:lpm_ff_component|dffs[6]                                          ; |butter(buffer)|lpm_dff_1:inst|lpm_ff:lpm_ff_component|dffs[6]                                          ; regout           ;
; |butter(buffer)|lpm_dff_1:inst|lpm_ff:lpm_ff_component|dffs[5]                                          ; |butter(buffer)|lpm_dff_1:inst|lpm_ff:lpm_ff_component|dffs[5]                                          ; regout           ;
; |butter(buffer)|lpm_dff_1:inst|lpm_ff:lpm_ff_component|dffs[4]                                          ; |butter(buffer)|lpm_dff_1:inst|lpm_ff:lpm_ff_component|dffs[4]                                          ; regout           ;
; |butter(buffer)|lpm_dff_1:inst|lpm_ff:lpm_ff_component|dffs[3]                                          ; |butter(buffer)|lpm_dff_1:inst|lpm_ff:lpm_ff_component|dffs[3]                                          ; regout           ;
; |butter(buffer)|lpm_dff_1:inst|lpm_ff:lpm_ff_component|dffs[2]                                          ; |butter(buffer)|lpm_dff_1:inst|lpm_ff:lpm_ff_component|dffs[2]                                          ; regout           ;
; |butter(buffer)|lpm_dff_1:inst|lpm_ff:lpm_ff_component|dffs[1]                                          ; |butter(buffer)|lpm_dff_1:inst|lpm_ff:lpm_ff_component|dffs[1]                                          ; regout           ;
; |butter(buffer)|lpm_dff_1:inst|lpm_ff:lpm_ff_component|dffs[0]                                          ; |butter(buffer)|lpm_dff_1:inst|lpm_ff:lpm_ff_component|dffs[0]                                          ; regout           ;
; |butter(buffer)|lpm_mux_6:inst9|lpm_mux:lpm_mux_component|mux_5oc:auto_generated|l1_w0_n0_mux_dataout~0 ; |butter(buffer)|lpm_mux_6:inst9|lpm_mux:lpm_mux_component|mux_5oc:auto_generated|l1_w0_n0_mux_dataout~0 ; out0             ;
; |butter(buffer)|lpm_mux_6:inst9|lpm_mux:lpm_mux_component|mux_5oc:auto_generated|l1_w0_n1_mux_dataout~0 ; |butter(buffer)|lpm_mux_6:inst9|lpm_mux:lpm_mux_component|mux_5oc:auto_generated|l1_w0_n1_mux_dataout~0 ; out0             ;
; |butter(buffer)|lpm_mux_6:inst9|lpm_mux:lpm_mux_component|mux_5oc:auto_generated|l1_w0_n1_mux_dataout~1 ; |butter(buffer)|lpm_mux_6:inst9|lpm_mux:lpm_mux_component|mux_5oc:auto_generated|l1_w0_n1_mux_dataout~1 ; out0             ;
; |butter(buffer)|lpm_mux_6:inst9|lpm_mux:lpm_mux_component|mux_5oc:auto_generated|l1_w0_n1_mux_dataout   ; |butter(buffer)|lpm_mux_6:inst9|lpm_mux:lpm_mux_component|mux_5oc:auto_generated|l1_w0_n1_mux_dataout   ; out0             ;
; |butter(buffer)|lpm_mux_6:inst9|lpm_mux:lpm_mux_component|mux_5oc:auto_generated|l1_w0_n2_mux_dataout~0 ; |butter(buffer)|lpm_mux_6:inst9|lpm_mux:lpm_mux_component|mux_5oc:auto_generated|l1_w0_n2_mux_dataout~0 ; out0             ;
; |butter(buffer)|lpm_mux_6:inst9|lpm_mux:lpm_mux_component|mux_5oc:auto_generated|l1_w0_n2_mux_dataout~1 ; |butter(buffer)|lpm_mux_6:inst9|lpm_mux:lpm_mux_component|mux_5oc:auto_generated|l1_w0_n2_mux_dataout~1 ; out0             ;
; |butter(buffer)|lpm_mux_6:inst9|lpm_mux:lpm_mux_component|mux_5oc:auto_generated|l1_w0_n2_mux_dataout   ; |butter(buffer)|lpm_mux_6:inst9|lpm_mux:lpm_mux_component|mux_5oc:auto_generated|l1_w0_n2_mux_dataout   ; out0             ;
; |butter(buffer)|lpm_mux_6:inst9|lpm_mux:lpm_mux_component|mux_5oc:auto_generated|l1_w0_n3_mux_dataout~1 ; |butter(buffer)|lpm_mux_6:inst9|lpm_mux:lpm_mux_component|mux_5oc:auto_generated|l1_w0_n3_mux_dataout~1 ; out0             ;
; |butter(buffer)|lpm_mux_6:inst9|lpm_mux:lpm_mux_component|mux_5oc:auto_generated|l1_w1_n0_mux_dataout~0 ; |butter(buffer)|lpm_mux_6:inst9|lpm_mux:lpm_mux_component|mux_5oc:auto_generated|l1_w1_n0_mux_dataout~0 ; out0             ;
; |butter(buffer)|lpm_mux_6:inst9|lpm_mux:lpm_mux_component|mux_5oc:auto_generated|l1_w1_n1_mux_dataout~0 ; |butter(buffer)|lpm_mux_6:inst9|lpm_mux:lpm_mux_component|mux_5oc:auto_generated|l1_w1_n1_mux_dataout~0 ; out0             ;
; |butter(buffer)|lpm_mux_6:inst9|lpm_mux:lpm_mux_component|mux_5oc:auto_generated|l1_w1_n1_mux_dataout~1 ; |butter(buffer)|lpm_mux_6:inst9|lpm_mux:lpm_mux_component|mux_5oc:auto_generated|l1_w1_n1_mux_dataout~1 ; out0             ;
; |butter(buffer)|lpm_mux_6:inst9|lpm_mux:lpm_mux_component|mux_5oc:auto_generated|l1_w1_n1_mux_dataout   ; |butter(buffer)|lpm_mux_6:inst9|lpm_mux:lpm_mux_component|mux_5oc:auto_generated|l1_w1_n1_mux_dataout   ; out0             ;
; |butter(buffer)|lpm_mux_6:inst9|lpm_mux:lpm_mux_component|mux_5oc:auto_generated|l1_w1_n2_mux_dataout~0 ; |butter(buffer)|lpm_mux_6:inst9|lpm_mux:lpm_mux_component|mux_5oc:auto_generated|l1_w1_n2_mux_dataout~0 ; out0             ;
; |butter(buffer)|lpm_mux_6:inst9|lpm_mux:lpm_mux_component|mux_5oc:auto_generated|l1_w1_n2_mux_dataout~1 ; |butter(buffer)|lpm_mux_6:inst9|lpm_mux:lpm_mux_component|mux_5oc:auto_generated|l1_w1_n2_mux_dataout~1 ; out0             ;
; |butter(buffer)|lpm_mux_6:inst9|lpm_mux:lpm_mux_component|mux_5oc:auto_generated|l1_w1_n2_mux_dataout   ; |butter(buffer)|lpm_mux_6:inst9|lpm_mux:lpm_mux_component|mux_5oc:auto_generated|l1_w1_n2_mux_dataout   ; out0             ;
; |butter(buffer)|lpm_mux_6:inst9|lpm_mux:lpm_mux_component|mux_5oc:auto_generated|l1_w1_n3_mux_dataout~1 ; |butter(buffer)|lpm_mux_6:inst9|lpm_mux:lpm_mux_component|mux_5oc:auto_generated|l1_w1_n3_mux_dataout~1 ; out0             ;
; |butter(buffer)|lpm_mux_6:inst9|lpm_mux:lpm_mux_component|mux_5oc:auto_generated|l1_w3_n0_mux_dataout~0 ; |butter(buffer)|lpm_mux_6:inst9|lpm_mux:lpm_mux_component|mux_5oc:auto_generated|l1_w3_n0_mux_dataout~0 ; out0             ;
; |butter(buffer)|lpm_mux_6:inst9|lpm_mux:lpm_mux_component|mux_5oc:auto_generated|l1_w3_n1_mux_dataout~0 ; |butter(buffer)|lpm_mux_6:inst9|lpm_mux:lpm_mux_component|mux_5oc:auto_generated|l1_w3_n1_mux_dataout~0 ; out0             ;
; |butter(buffer)|lpm_mux_6:inst9|lpm_mux:lpm_mux_component|mux_5oc:auto_generated|l1_w3_n1_mux_dataout~1 ; |butter(buffer)|lpm_mux_6:inst9|lpm_mux:lpm_mux_component|mux_5oc:auto_generated|l1_w3_n1_mux_dataout~1 ; out0             ;
; |butter(buffer)|lpm_mux_6:inst9|lpm_mux:lpm_mux_component|mux_5oc:auto_generated|l1_w3_n1_mux_dataout   ; |butter(buffer)|lpm_mux_6:inst9|lpm_mux:lpm_mux_component|mux_5oc:auto_generated|l1_w3_n1_mux_dataout   ; out0             ;
; |butter(buffer)|lpm_mux_6:inst9|lpm_mux:lpm_mux_component|mux_5oc:auto_generated|l1_w3_n2_mux_dataout~0 ; |butter(buffer)|lpm_mux_6:inst9|lpm_mux:lpm_mux_component|mux_5oc:auto_generated|l1_w3_n2_mux_dataout~0 ; out0             ;
; |butter(buffer)|lpm_mux_6:inst9|lpm_mux:lpm_mux_component|mux_5oc:auto_generated|l1_w3_n2_mux_dataout~1 ; |butter(buffer)|lpm_mux_6:inst9|lpm_mux:lpm_mux_component|mux_5oc:auto_generated|l1_w3_n2_mux_dataout~1 ; out0             ;
; |butter(buffer)|lpm_mux_6:inst9|lpm_mux:lpm_mux_component|mux_5oc:auto_generated|l1_w3_n2_mux_dataout   ; |butter(buffer)|lpm_mux_6:inst9|lpm_mux:lpm_mux_component|mux_5oc:auto_generated|l1_w3_n2_mux_dataout   ; out0             ;
; |butter(buffer)|lpm_mux_6:inst9|lpm_mux:lpm_mux_component|mux_5oc:auto_generated|l1_w3_n3_mux_dataout~1 ; |butter(buffer)|lpm_mux_6:inst9|lpm_mux:lpm_mux_component|mux_5oc:auto_generated|l1_w3_n3_mux_dataout~1 ; out0             ;
; |butter(buffer)|lpm_mux_6:inst9|lpm_mux:lpm_mux_component|mux_5oc:auto_generated|l1_w4_n0_mux_dataout~0 ; |butter(buffer)|lpm_mux_6:inst9|lpm_mux:lpm_mux_component|mux_5oc:auto_generated|l1_w4_n0_mux_dataout~0 ; out0             ;
; |butter(buffer)|lpm_mux_6:inst9|lpm_mux:lpm_mux_component|mux_5oc:auto_generated|l1_w4_n1_mux_dataout~0 ; |butter(buffer)|lpm_mux_6:inst9|lpm_mux:lpm_mux_component|mux_5oc:auto_generated|l1_w4_n1_mux_dataout~0 ; out0             ;
; |butter(buffer)|lpm_mux_6:inst9|lpm_mux:lpm_mux_component|mux_5oc:auto_generated|l1_w4_n2_mux_dataout~0 ; |butter(buffer)|lpm_mux_6:inst9|lpm_mux:lpm_mux_component|mux_5oc:auto_generated|l1_w4_n2_mux_dataout~0 ; out0             ;
; |butter(buffer)|lpm_mux_6:inst9|lpm_mux:lpm_mux_component|mux_5oc:auto_generated|l1_w7_n0_mux_dataout~0 ; |butter(buffer)|lpm_mux_6:inst9|lpm_mux:lpm_mux_component|mux_5oc:auto_generated|l1_w7_n0_mux_dataout~0 ; out0             ;
; |butter(buffer)|lpm_mux_6:inst9|lpm_mux:lpm_mux_component|mux_5oc:auto_generated|l1_w7_n1_mux_dataout~0 ; |butter(buffer)|lpm_mux_6:inst9|lpm_mux:lpm_mux_component|mux_5oc:auto_generated|l1_w7_n1_mux_dataout~0 ; out0             ;
; |butter(buffer)|lpm_mux_6:inst9|lpm_mux:lpm_mux_component|mux_5oc:auto_generated|l1_w7_n1_mux_dataout~1 ; |butter(buffer)|lpm_mux_6:inst9|lpm_mux:lpm_mux_component|mux_5oc:auto_generated|l1_w7_n1_mux_dataout~1 ; out0             ;
; |butter(buffer)|lpm_mux_6:inst9|lpm_mux:lpm_mux_component|mux_5oc:auto_generated|l1_w7_n1_mux_dataout   ; |butter(buffer)|lpm_mux_6:inst9|lpm_mux:lpm_mux_component|mux_5oc:auto_generated|l1_w7_n1_mux_dataout   ; out0             ;
; |butter(buffer)|lpm_mux_6:inst9|lpm_mux:lpm_mux_component|mux_5oc:auto_generated|l1_w7_n2_mux_dataout~0 ; |butter(buffer)|lpm_mux_6:inst9|lpm_mux:lpm_mux_component|mux_5oc:auto_generated|l1_w7_n2_mux_dataout~0 ; out0             ;
; |butter(buffer)|lpm_mux_6:inst9|lpm_mux:lpm_mux_component|mux_5oc:auto_generated|l1_w7_n2_mux_dataout~1 ; |butter(buffer)|lpm_mux_6:inst9|lpm_mux:lpm_mux_component|mux_5oc:auto_generated|l1_w7_n2_mux_dataout~1 ; out0             ;
; |butter(buffer)|lpm_mux_6:inst9|lpm_mux:lpm_mux_component|mux_5oc:auto_generated|l1_w7_n2_mux_dataout   ; |butter(buffer)|lpm_mux_6:inst9|lpm_mux:lpm_mux_component|mux_5oc:auto_generated|l1_w7_n2_mux_dataout   ; out0             ;
; |butter(buffer)|lpm_mux_6:inst9|lpm_mux:lpm_mux_component|mux_5oc:auto_generated|l1_w7_n3_mux_dataout~1 ; |butter(buffer)|lpm_mux_6:inst9|lpm_mux:lpm_mux_component|mux_5oc:auto_generated|l1_w7_n3_mux_dataout~1 ; out0             ;
; |butter(buffer)|lpm_mux_6:inst9|lpm_mux:lpm_mux_component|mux_5oc:auto_generated|l2_w0_n0_mux_dataout~0 ; |butter(buffer)|lpm_mux_6:inst9|lpm_mux:lpm_mux_component|mux_5oc:auto_generated|l2_w0_n0_mux_dataout~0 ; out0             ;
; |butter(buffer)|lpm_mux_6:inst9|lpm_mux:lpm_mux_component|mux_5oc:auto_generated|l2_w0_n0_mux_dataout~1 ; |butter(buffer)|lpm_mux_6:inst9|lpm_mux:lpm_mux_component|mux_5oc:auto_generated|l2_w0_n0_mux_dataout~1 ; out0             ;
; |butter(buffer)|lpm_mux_6:inst9|lpm_mux:lpm_mux_component|mux_5oc:auto_generated|l2_w0_n0_mux_dataout   ; |butter(buffer)|lpm_mux_6:inst9|lpm_mux:lpm_mux_component|mux_5oc:auto_generated|l2_w0_n0_mux_dataout   ; out0             ;
; |butter(buffer)|lpm_mux_6:inst9|lpm_mux:lpm_mux_component|mux_5oc:auto_generated|l2_w0_n1_mux_dataout~0 ; |butter(buffer)|lpm_mux_6:inst9|lpm_mux:lpm_mux_component|mux_5oc:auto_generated|l2_w0_n1_mux_dataout~0 ; out0             ;
; |butter(buffer)|lpm_mux_6:inst9|lpm_mux:lpm_mux_component|mux_5oc:auto_generated|l2_w0_n1_mux_dataout~1 ; |butter(buffer)|lpm_mux_6:inst9|lpm_mux:lpm_mux_component|mux_5oc:auto_generated|l2_w0_n1_mux_dataout~1 ; out0             ;
; |butter(buffer)|lpm_mux_6:inst9|lpm_mux:lpm_mux_component|mux_5oc:auto_generated|l2_w0_n1_mux_dataout   ; |butter(buffer)|lpm_mux_6:inst9|lpm_mux:lpm_mux_component|mux_5oc:auto_generated|l2_w0_n1_mux_dataout   ; out0             ;
; |butter(buffer)|lpm_mux_6:inst9|lpm_mux:lpm_mux_component|mux_5oc:auto_generated|l2_w1_n0_mux_dataout~0 ; |butter(buffer)|lpm_mux_6:inst9|lpm_mux:lpm_mux_component|mux_5oc:auto_generated|l2_w1_n0_mux_dataout~0 ; out0             ;
; |butter(buffer)|lpm_mux_6:inst9|lpm_mux:lpm_mux_component|mux_5oc:auto_generated|l2_w1_n0_mux_dataout~1 ; |butter(buffer)|lpm_mux_6:inst9|lpm_mux:lpm_mux_component|mux_5oc:auto_generated|l2_w1_n0_mux_dataout~1 ; out0             ;
; |butter(buffer)|lpm_mux_6:inst9|lpm_mux:lpm_mux_component|mux_5oc:auto_generated|l2_w1_n0_mux_dataout   ; |butter(buffer)|lpm_mux_6:inst9|lpm_mux:lpm_mux_component|mux_5oc:auto_generated|l2_w1_n0_mux_dataout   ; out0             ;
; |butter(buffer)|lpm_mux_6:inst9|lpm_mux:lpm_mux_component|mux_5oc:auto_generated|l2_w1_n1_mux_dataout~0 ; |butter(buffer)|lpm_mux_6:inst9|lpm_mux:lpm_mux_component|mux_5oc:auto_generated|l2_w1_n1_mux_dataout~0 ; out0             ;
; |butter(buffer)|lpm_mux_6:inst9|lpm_mux:lpm_mux_component|mux_5oc:auto_generated|l2_w1_n1_mux_dataout~1 ; |butter(buffer)|lpm_mux_6:inst9|lpm_mux:lpm_mux_component|mux_5oc:auto_generated|l2_w1_n1_mux_dataout~1 ; out0             ;
; |butter(buffer)|lpm_mux_6:inst9|lpm_mux:lpm_mux_component|mux_5oc:auto_generated|l2_w1_n1_mux_dataout   ; |butter(buffer)|lpm_mux_6:inst9|lpm_mux:lpm_mux_component|mux_5oc:auto_generated|l2_w1_n1_mux_dataout   ; out0             ;
; |butter(buffer)|lpm_mux_6:inst9|lpm_mux:lpm_mux_component|mux_5oc:auto_generated|l2_w3_n0_mux_dataout~0 ; |butter(buffer)|lpm_mux_6:inst9|lpm_mux:lpm_mux_component|mux_5oc:auto_generated|l2_w3_n0_mux_dataout~0 ; out0             ;
; |butter(buffer)|lpm_mux_6:inst9|lpm_mux:lpm_mux_component|mux_5oc:auto_generated|l2_w3_n0_mux_dataout~1 ; |butter(buffer)|lpm_mux_6:inst9|lpm_mux:lpm_mux_component|mux_5oc:auto_generated|l2_w3_n0_mux_dataout~1 ; out0             ;
; |butter(buffer)|lpm_mux_6:inst9|lpm_mux:lpm_mux_component|mux_5oc:auto_generated|l2_w3_n0_mux_dataout   ; |butter(buffer)|lpm_mux_6:inst9|lpm_mux:lpm_mux_component|mux_5oc:auto_generated|l2_w3_n0_mux_dataout   ; out0             ;
; |butter(buffer)|lpm_mux_6:inst9|lpm_mux:lpm_mux_component|mux_5oc:auto_generated|l2_w3_n1_mux_dataout~0 ; |butter(buffer)|lpm_mux_6:inst9|lpm_mux:lpm_mux_component|mux_5oc:auto_generated|l2_w3_n1_mux_dataout~0 ; out0             ;
; |butter(buffer)|lpm_mux_6:inst9|lpm_mux:lpm_mux_component|mux_5oc:auto_generated|l2_w3_n1_mux_dataout~1 ; |butter(buffer)|lpm_mux_6:inst9|lpm_mux:lpm_mux_component|mux_5oc:auto_generated|l2_w3_n1_mux_dataout~1 ; out0             ;
; |butter(buffer)|lpm_mux_6:inst9|lpm_mux:lpm_mux_component|mux_5oc:auto_generated|l2_w3_n1_mux_dataout   ; |butter(buffer)|lpm_mux_6:inst9|lpm_mux:lpm_mux_component|mux_5oc:auto_generated|l2_w3_n1_mux_dataout   ; out0             ;
; |butter(buffer)|lpm_mux_6:inst9|lpm_mux:lpm_mux_component|mux_5oc:auto_generated|l2_w4_n0_mux_dataout~1 ; |butter(buffer)|lpm_mux_6:inst9|lpm_mux:lpm_mux_component|mux_5oc:auto_generated|l2_w4_n0_mux_dataout~1 ; out0             ;
; |butter(buffer)|lpm_mux_6:inst9|lpm_mux:lpm_mux_component|mux_5oc:auto_generated|l2_w7_n0_mux_dataout~0 ; |butter(buffer)|lpm_mux_6:inst9|lpm_mux:lpm_mux_component|mux_5oc:auto_generated|l2_w7_n0_mux_dataout~0 ; out0             ;
; |butter(buffer)|lpm_mux_6:inst9|lpm_mux:lpm_mux_component|mux_5oc:auto_generated|l2_w7_n0_mux_dataout~1 ; |butter(buffer)|lpm_mux_6:inst9|lpm_mux:lpm_mux_component|mux_5oc:auto_generated|l2_w7_n0_mux_dataout~1 ; out0             ;
; |butter(buffer)|lpm_mux_6:inst9|lpm_mux:lpm_mux_component|mux_5oc:auto_generated|l2_w7_n0_mux_dataout   ; |butter(buffer)|lpm_mux_6:inst9|lpm_mux:lpm_mux_component|mux_5oc:auto_generated|l2_w7_n0_mux_dataout   ; out0             ;
; |butter(buffer)|lpm_mux_6:inst9|lpm_mux:lpm_mux_component|mux_5oc:auto_generated|l2_w7_n1_mux_dataout~0 ; |butter(buffer)|lpm_mux_6:inst9|lpm_mux:lpm_mux_component|mux_5oc:auto_generated|l2_w7_n1_mux_dataout~0 ; out0             ;
; |butter(buffer)|lpm_mux_6:inst9|lpm_mux:lpm_mux_component|mux_5oc:auto_generated|l2_w7_n1_mux_dataout~1 ; |butter(buffer)|lpm_mux_6:inst9|lpm_mux:lpm_mux_component|mux_5oc:auto_generated|l2_w7_n1_mux_dataout~1 ; out0             ;
; |butter(buffer)|lpm_mux_6:inst9|lpm_mux:lpm_mux_component|mux_5oc:auto_generated|l2_w7_n1_mux_dataout   ; |butter(buffer)|lpm_mux_6:inst9|lpm_mux:lpm_mux_component|mux_5oc:auto_generated|l2_w7_n1_mux_dataout   ; out0             ;
; |butter(buffer)|lpm_mux_6:inst9|lpm_mux:lpm_mux_component|mux_5oc:auto_generated|l3_w0_n0_mux_dataout~0 ; |butter(buffer)|lpm_mux_6:inst9|lpm_mux:lpm_mux_component|mux_5oc:auto_generated|l3_w0_n0_mux_dataout~0 ; out0             ;
; |butter(buffer)|lpm_mux_6:inst9|lpm_mux:lpm_mux_component|mux_5oc:auto_generated|l3_w0_n0_mux_dataout~1 ; |butter(buffer)|lpm_mux_6:inst9|lpm_mux:lpm_mux_component|mux_5oc:auto_generated|l3_w0_n0_mux_dataout~1 ; out0             ;
; |butter(buffer)|lpm_mux_6:inst9|lpm_mux:lpm_mux_component|mux_5oc:auto_generated|l3_w0_n0_mux_dataout   ; |butter(buffer)|lpm_mux_6:inst9|lpm_mux:lpm_mux_component|mux_5oc:auto_generated|l3_w0_n0_mux_dataout   ; out0             ;
; |butter(buffer)|lpm_mux_6:inst9|lpm_mux:lpm_mux_component|mux_5oc:auto_generated|l3_w1_n0_mux_dataout~0 ; |butter(buffer)|lpm_mux_6:inst9|lpm_mux:lpm_mux_component|mux_5oc:auto_generated|l3_w1_n0_mux_dataout~0 ; out0             ;
; |butter(buffer)|lpm_mux_6:inst9|lpm_mux:lpm_mux_component|mux_5oc:auto_generated|l3_w1_n0_mux_dataout~1 ; |butter(buffer)|lpm_mux_6:inst9|lpm_mux:lpm_mux_component|mux_5oc:auto_generated|l3_w1_n0_mux_dataout~1 ; out0             ;
; |butter(buffer)|lpm_mux_6:inst9|lpm_mux:lpm_mux_component|mux_5oc:auto_generated|l3_w1_n0_mux_dataout   ; |butter(buffer)|lpm_mux_6:inst9|lpm_mux:lpm_mux_component|mux_5oc:auto_generated|l3_w1_n0_mux_dataout   ; out0             ;
; |butter(buffer)|lpm_mux_6:inst9|lpm_mux:lpm_mux_component|mux_5oc:auto_generated|l3_w3_n0_mux_dataout~0 ; |butter(buffer)|lpm_mux_6:inst9|lpm_mux:lpm_mux_component|mux_5oc:auto_generated|l3_w3_n0_mux_dataout~0 ; out0             ;
; |butter(buffer)|lpm_mux_6:inst9|lpm_mux:lpm_mux_component|mux_5oc:auto_generated|l3_w3_n0_mux_dataout~1 ; |butter(buffer)|lpm_mux_6:inst9|lpm_mux:lpm_mux_component|mux_5oc:auto_generated|l3_w3_n0_mux_dataout~1 ; out0             ;
; |butter(buffer)|lpm_mux_6:inst9|lpm_mux:lpm_mux_component|mux_5oc:auto_generated|l3_w3_n0_mux_dataout   ; |butter(buffer)|lpm_mux_6:inst9|lpm_mux:lpm_mux_component|mux_5oc:auto_generated|l3_w3_n0_mux_dataout   ; out0             ;
; |butter(buffer)|lpm_mux_6:inst9|lpm_mux:lpm_mux_component|mux_5oc:auto_generated|l3_w7_n0_mux_dataout~0 ; |butter(buffer)|lpm_mux_6:inst9|lpm_mux:lpm_mux_component|mux_5oc:auto_generated|l3_w7_n0_mux_dataout~0 ; out0             ;
; |butter(buffer)|lpm_mux_6:inst9|lpm_mux:lpm_mux_component|mux_5oc:auto_generated|l3_w7_n0_mux_dataout~1 ; |butter(buffer)|lpm_mux_6:inst9|lpm_mux:lpm_mux_component|mux_5oc:auto_generated|l3_w7_n0_mux_dataout~1 ; out0             ;
; |butter(buffer)|lpm_mux_6:inst9|lpm_mux:lpm_mux_component|mux_5oc:auto_generated|l3_w7_n0_mux_dataout   ; |butter(buffer)|lpm_mux_6:inst9|lpm_mux:lpm_mux_component|mux_5oc:auto_generated|l3_w7_n0_mux_dataout   ; out0             ;
+---------------------------------------------------------------------------------------------------------+---------------------------------------------------------------------------------------------------------+------------------+


+---------------------+
; Simulator INI Usage ;
+--------+------------+
; Option ; Usage      ;
+--------+------------+


+--------------------+
; Simulator Messages ;
+--------------------+
Info: *******************************************************************
Info: Running Quartus II Simulator
    Info: Version 9.1 Build 222 10/21/2009 SJ Web Edition
    Info: Processing started: Thu Oct 03 00:24:17 2019
Info: Command: quartus_sim --read_settings_files=on --write_settings_files=off mem -c mem
Info: Using vector source file "d:/altera/quartus/lab3/butter(buffer).vwf"
Info: Overwriting simulation input file with simulation results
    Info: A backup of butter(buffer).vwf called mem.sim_ori.vwf has been created in the db folder
Info: Option to preserve fewer signal transitions to reduce memory requirements is enabled
    Info: Simulation has been partitioned into sub-simulations according to the maximum transition count determined by the engine. Transitions from memory will be flushed out to disk at the end of each sub-simulation to reduce memory requirements.
Info: Simulation partitioned into 1 sub-simulations
Info: Simulation coverage is      45.02 %
Info: Number of transitions in simulation is 13972
Info: Vector file butter(buffer).vwf is saved in VWF text format. You can compress it into CVWF format in order to reduce file size. For more details please refer to the Quartus II Help.
Info: Quartus II Simulator was successful. 0 errors, 0 warnings
    Info: Peak virtual memory: 159 megabytes
    Info: Processing ended: Thu Oct 03 00:24:18 2019
    Info: Elapsed time: 00:00:01
    Info: Total CPU time (on all processors): 00:00:00


