Flow report for micp
Sat Oct 26 02:13:15 2019
Quartus II Version 9.1 Build 222 10/21/2009 SJ Web Edition


---------------------
; Table of Contents ;
---------------------
  1. Legal Notice
  2. Flow Summary
  3. Flow Settings
  4. Flow Non-Default Global Settings
  5. Flow Elapsed Time
  6. Flow OS Summary
  7. Flow Log



----------------
; Legal Notice ;
----------------
Copyright (C) 1991-2009 Altera Corporation
Your use of Altera Corporation's design tools, logic functions 
and other software and tools, and its AMPP partner logic 
functions, and any output files from any of the foregoing 
(including device programming or simulation files), and any 
associated documentation or information are expressly subject 
to the terms and conditions of the Altera Program License 
Subscription Agreement, Altera MegaCore Function License 
Agreement, or other applicable license agreement, including, 
without limitation, that your use is for the sole purpose of 
programming logic devices manufactured by Altera and sold by 
Altera or its authorized distributors.  Please refer to the 
applicable agreement for further details.



+-------------------------------------------------------------------------+
; Flow Summary                                                            ;
+-------------------------------+-----------------------------------------+
; Flow Status                   ; Successful - Sat Oct 26 02:13:15 2019   ;
; Quartus II Version            ; 9.1 Build 222 10/21/2009 SJ Web Edition ;
; Revision Name                 ; micp                                    ;
; Top-level Entity Name         ; result                                  ;
; Family                        ; Stratix II                              ;
; Met timing requirements       ; No                                      ;
; Logic utilization             ; < 1 %                                   ;
;     Combinational ALUTs       ; 80 / 12,480 ( < 1 % )                   ;
;     Dedicated logic registers ; 54 / 12,480 ( < 1 % )                   ;
; Total registers               ; 54                                      ;
; Total pins                    ; 57 / 343 ( 17 % )                       ;
; Total virtual pins            ; 0                                       ;
; Total block memory bits       ; 1,536 / 419,328 ( < 1 % )               ;
; DSP block 9-bit elements      ; 0 / 96 ( 0 % )                          ;
; Total PLLs                    ; 0 / 6 ( 0 % )                           ;
; Total DLLs                    ; 0 / 2 ( 0 % )                           ;
; Device                        ; EP2S15F484C3                            ;
; Timing Models                 ; Final                                   ;
+-------------------------------+-----------------------------------------+


+-----------------------------------------+
; Flow Settings                           ;
+-------------------+---------------------+
; Option            ; Setting             ;
+-------------------+---------------------+
; Start date & time ; 10/26/2019 02:13:05 ;
; Main task         ; Compilation         ;
; Revision Name     ; micp                ;
+-------------------+---------------------+


+--------------------------------------------------------------------------------------------------------------------+
; Flow Non-Default Global Settings                                                                                   ;
+------------------------------------+--------------------------------+---------------+-------------+----------------+
; Assignment Name                    ; Value                          ; Default Value ; Entity Name ; Section Id     ;
+------------------------------------+--------------------------------+---------------+-------------+----------------+
; COMPILER_SIGNATURE_ID              ; 93328261012165.157204518537428 ; --            ; --          ; --             ;
; IP_TOOL_NAME                       ; LPM_ROM                        ; --            ; --          ; --             ;
; IP_TOOL_NAME                       ; LPM_RAM_DQ                     ; --            ; --          ; --             ;
; IP_TOOL_NAME                       ; LPM_BUSTRI                     ; --            ; --          ; --             ;
; IP_TOOL_NAME                       ; LPM_FF                         ; --            ; --          ; --             ;
; IP_TOOL_NAME                       ; LPM_COUNTER                    ; --            ; --          ; --             ;
; IP_TOOL_NAME                       ; LPM_COUNTER                    ; --            ; --          ; --             ;
; IP_TOOL_NAME                       ; LPM_DECODE                     ; --            ; --          ; --             ;
; IP_TOOL_NAME                       ; LPM_COUNTER                    ; --            ; --          ; --             ;
; IP_TOOL_NAME                       ; LPM_FF                         ; --            ; --          ; --             ;
; IP_TOOL_NAME                       ; LPM_FF                         ; --            ; --          ; --             ;
; IP_TOOL_NAME                       ; LPM_FF                         ; --            ; --          ; --             ;
; IP_TOOL_NAME                       ; LPM_FF                         ; --            ; --          ; --             ;
; IP_TOOL_NAME                       ; LPM_DECODE                     ; --            ; --          ; --             ;
; IP_TOOL_NAME                       ; LPM_CONSTANT                   ; --            ; --          ; --             ;
; IP_TOOL_NAME                       ; LPM_BUSTRI                     ; --            ; --          ; --             ;
; IP_TOOL_NAME                       ; LPM_MUX                        ; --            ; --          ; --             ;
; IP_TOOL_NAME                       ; LPM_BUSTRI                     ; --            ; --          ; --             ;
; IP_TOOL_NAME                       ; LPM_MUX                        ; --            ; --          ; --             ;
; IP_TOOL_NAME                       ; LPM_MUX                        ; --            ; --          ; --             ;
; IP_TOOL_NAME                       ; LPM_BUSTRI                     ; --            ; --          ; --             ;
; IP_TOOL_NAME                       ; LPM_BUSTRI                     ; --            ; --          ; --             ;
; IP_TOOL_NAME                       ; LPM_FF                         ; --            ; --          ; --             ;
; IP_TOOL_NAME                       ; LPM_MUX                        ; --            ; --          ; --             ;
; IP_TOOL_NAME                       ; LPM_MUX                        ; --            ; --          ; --             ;
; IP_TOOL_NAME                       ; LPM_MUX                        ; --            ; --          ; --             ;
; IP_TOOL_NAME                       ; LPM_BUSTRI                     ; --            ; --          ; --             ;
; IP_TOOL_NAME                       ; LPM_MUX                        ; --            ; --          ; --             ;
; IP_TOOL_NAME                       ; LPM_BUSTRI                     ; --            ; --          ; --             ;
; IP_TOOL_NAME                       ; LPM_MUX                        ; --            ; --          ; --             ;
; IP_TOOL_NAME                       ; LPM_CONSTANT                   ; --            ; --          ; --             ;
; IP_TOOL_NAME                       ; LPM_CONSTANT                   ; --            ; --          ; --             ;
; IP_TOOL_NAME                       ; LPM_CONSTANT                   ; --            ; --          ; --             ;
; IP_TOOL_VERSION                    ; 9.1                            ; --            ; --          ; --             ;
; IP_TOOL_VERSION                    ; 9.1                            ; --            ; --          ; --             ;
; IP_TOOL_VERSION                    ; 9.1                            ; --            ; --          ; --             ;
; IP_TOOL_VERSION                    ; 9.1                            ; --            ; --          ; --             ;
; IP_TOOL_VERSION                    ; 9.1                            ; --            ; --          ; --             ;
; IP_TOOL_VERSION                    ; 9.1                            ; --            ; --          ; --             ;
; IP_TOOL_VERSION                    ; 9.1                            ; --            ; --          ; --             ;
; IP_TOOL_VERSION                    ; 9.1                            ; --            ; --          ; --             ;
; IP_TOOL_VERSION                    ; 9.1                            ; --            ; --          ; --             ;
; IP_TOOL_VERSION                    ; 9.1                            ; --            ; --          ; --             ;
; IP_TOOL_VERSION                    ; 9.1                            ; --            ; --          ; --             ;
; IP_TOOL_VERSION                    ; 9.1                            ; --            ; --          ; --             ;
; IP_TOOL_VERSION                    ; 9.1                            ; --            ; --          ; --             ;
; IP_TOOL_VERSION                    ; 9.1                            ; --            ; --          ; --             ;
; IP_TOOL_VERSION                    ; 9.1                            ; --            ; --          ; --             ;
; IP_TOOL_VERSION                    ; 9.1                            ; --            ; --          ; --             ;
; IP_TOOL_VERSION                    ; 9.1                            ; --            ; --          ; --             ;
; IP_TOOL_VERSION                    ; 9.1                            ; --            ; --          ; --             ;
; IP_TOOL_VERSION                    ; 9.1                            ; --            ; --          ; --             ;
; IP_TOOL_VERSION                    ; 9.1                            ; --            ; --          ; --             ;
; IP_TOOL_VERSION                    ; 9.1                            ; --            ; --          ; --             ;
; IP_TOOL_VERSION                    ; 9.1                            ; --            ; --          ; --             ;
; IP_TOOL_VERSION                    ; 9.1                            ; --            ; --          ; --             ;
; IP_TOOL_VERSION                    ; 9.1                            ; --            ; --          ; --             ;
; IP_TOOL_VERSION                    ; 9.1                            ; --            ; --          ; --             ;
; IP_TOOL_VERSION                    ; 9.1                            ; --            ; --          ; --             ;
; IP_TOOL_VERSION                    ; 9.1                            ; --            ; --          ; --             ;
; IP_TOOL_VERSION                    ; 9.1                            ; --            ; --          ; --             ;
; IP_TOOL_VERSION                    ; 9.1                            ; --            ; --          ; --             ;
; IP_TOOL_VERSION                    ; 9.1                            ; --            ; --          ; --             ;
; IP_TOOL_VERSION                    ; 9.1                            ; --            ; --          ; --             ;
; IP_TOOL_VERSION                    ; 9.1                            ; --            ; --          ; --             ;
; MISC_FILE                          ; lpm_rom_cmd.tdf                ; --            ; --          ; --             ;
; MISC_FILE                          ; lpm_rom_cmd.bsf                ; --            ; --          ; --             ;
; MISC_FILE                          ; lpm_rom_cmd.inc                ; --            ; --          ; --             ;
; MISC_FILE                          ; lpm_rom_cmd_syn.v              ; --            ; --          ; --             ;
; MISC_FILE                          ; lpm_ram_mem.tdf                ; --            ; --          ; --             ;
; MISC_FILE                          ; lpm_ram_mem.bsf                ; --            ; --          ; --             ;
; MISC_FILE                          ; lpm_ram_mem.inc                ; --            ; --          ; --             ;
; MISC_FILE                          ; lpm_ram_mem_syn.v              ; --            ; --          ; --             ;
; MISC_FILE                          ; lpm_bustri_to_ram.tdf          ; --            ; --          ; --             ;
; MISC_FILE                          ; lpm_bustri_to_ram.bsf          ; --            ; --          ; --             ;
; MISC_FILE                          ; lpm_bustri_to_ram.inc          ; --            ; --          ; --             ;
; MISC_FILE                          ; lpm_bustri_to_ram_syn.v        ; --            ; --          ; --             ;
; MISC_FILE                          ; lpm_dff_register.tdf           ; --            ; --          ; --             ;
; MISC_FILE                          ; lpm_dff_register.bsf           ; --            ; --          ; --             ;
; MISC_FILE                          ; lpm_dff_register.inc           ; --            ; --          ; --             ;
; MISC_FILE                          ; lpm_dff_register_syn.v         ; --            ; --          ; --             ;
; MISC_FILE                          ; lpm_counter_by_up.tdf          ; --            ; --          ; --             ;
; MISC_FILE                          ; lpm_counter_by_up.bsf          ; --            ; --          ; --             ;
; MISC_FILE                          ; lpm_counter_by_up.inc          ; --            ; --          ; --             ;
; MISC_FILE                          ; lpm_counter_by_down.tdf        ; --            ; --          ; --             ;
; MISC_FILE                          ; lpm_counter_by_down.bsf        ; --            ; --          ; --             ;
; MISC_FILE                          ; lpm_counter_by_down.inc        ; --            ; --          ; --             ;
; MISC_FILE                          ; lpm_decode_up.tdf              ; --            ; --          ; --             ;
; MISC_FILE                          ; lpm_decode_up.bsf              ; --            ; --          ; --             ;
; MISC_FILE                          ; lpm_decode_up.inc              ; --            ; --          ; --             ;
; MISC_FILE                          ; lpm_counter_ip.tdf             ; --            ; --          ; --             ;
; MISC_FILE                          ; lpm_counter_ip.bsf             ; --            ; --          ; --             ;
; MISC_FILE                          ; lpm_counter_ip.inc             ; --            ; --          ; --             ;
; MISC_FILE                          ; lpm_dff_ir.tdf                 ; --            ; --          ; --             ;
; MISC_FILE                          ; lpm_dff_ir.bsf                 ; --            ; --          ; --             ;
; MISC_FILE                          ; lpm_dff_ir.inc                 ; --            ; --          ; --             ;
; MISC_FILE                          ; lpm_dff_address.tdf            ; --            ; --          ; --             ;
; MISC_FILE                          ; lpm_dff_address.bsf            ; --            ; --          ; --             ;
; MISC_FILE                          ; lpm_dff_address.inc            ; --            ; --          ; --             ;
; MISC_FILE                          ; lpm_dff_data.tdf               ; --            ; --          ; --             ;
; MISC_FILE                          ; lpm_dff_data.bsf               ; --            ; --          ; --             ;
; MISC_FILE                          ; lpm_dff_data.inc               ; --            ; --          ; --             ;
; MISC_FILE                          ; lpm_dff_flag.tdf               ; --            ; --          ; --             ;
; MISC_FILE                          ; lpm_dff_flag.bsf               ; --            ; --          ; --             ;
; MISC_FILE                          ; lpm_dff_flag.inc               ; --            ; --          ; --             ;
; MISC_FILE                          ; lpm_decode0.tdf                ; --            ; --          ; --             ;
; MISC_FILE                          ; lpm_decode0.bsf                ; --            ; --          ; --             ;
; MISC_FILE                          ; lpm_decode0.inc                ; --            ; --          ; --             ;
; MISC_FILE                          ; lpm_constant0.tdf              ; --            ; --          ; --             ;
; MISC_FILE                          ; lpm_constant0.bsf              ; --            ; --          ; --             ;
; MISC_FILE                          ; lpm_constant0.inc              ; --            ; --          ; --             ;
; MISC_FILE                          ; lpm_bustri0.tdf                ; --            ; --          ; --             ;
; MISC_FILE                          ; lpm_bustri0.bsf                ; --            ; --          ; --             ;
; MISC_FILE                          ; lpm_bustri0.inc                ; --            ; --          ; --             ;
; MISC_FILE                          ; ../test/lpm_mux0.tdf           ; --            ; --          ; --             ;
; MISC_FILE                          ; ../test/lpm_mux0.bsf           ; --            ; --          ; --             ;
; MISC_FILE                          ; ../test/lpm_mux0.inc           ; --            ; --          ; --             ;
; MISC_FILE                          ; ../test/lpm_bustri1.tdf        ; --            ; --          ; --             ;
; MISC_FILE                          ; ../test/lpm_bustri1.bsf        ; --            ; --          ; --             ;
; MISC_FILE                          ; ../test/lpm_bustri1.inc        ; --            ; --          ; --             ;
; MISC_FILE                          ; ../test/lpm_mux1.tdf           ; --            ; --          ; --             ;
; MISC_FILE                          ; ../test/lpm_mux1.bsf           ; --            ; --          ; --             ;
; MISC_FILE                          ; ../test/lpm_mux1.inc           ; --            ; --          ; --             ;
; MISC_FILE                          ; ../test/lpm_mux2.tdf           ; --            ; --          ; --             ;
; MISC_FILE                          ; ../test/lpm_mux2.bsf           ; --            ; --          ; --             ;
; MISC_FILE                          ; ../test/lpm_mux2.inc           ; --            ; --          ; --             ;
; MISC_FILE                          ; ../test/lpm_bustri3.tdf        ; --            ; --          ; --             ;
; MISC_FILE                          ; ../test/lpm_bustri3.bsf        ; --            ; --          ; --             ;
; MISC_FILE                          ; ../test/lpm_bustri3.inc        ; --            ; --          ; --             ;
; MISC_FILE                          ; lpm_bustri1.tdf                ; --            ; --          ; --             ;
; MISC_FILE                          ; lpm_bustri1.bsf                ; --            ; --          ; --             ;
; MISC_FILE                          ; lpm_bustri1.inc                ; --            ; --          ; --             ;
; MISC_FILE                          ; ../test/lpm_dff2.tdf           ; --            ; --          ; --             ;
; MISC_FILE                          ; ../test/lpm_dff2.bsf           ; --            ; --          ; --             ;
; MISC_FILE                          ; ../test/lpm_dff2.inc           ; --            ; --          ; --             ;
; MISC_FILE                          ; ../test/lpm_mux3.tdf           ; --            ; --          ; --             ;
; MISC_FILE                          ; ../test/lpm_mux3.bsf           ; --            ; --          ; --             ;
; MISC_FILE                          ; ../test/lpm_mux3.inc           ; --            ; --          ; --             ;
; MISC_FILE                          ; lpm_mux4.tdf                   ; --            ; --          ; --             ;
; MISC_FILE                          ; lpm_mux4.bsf                   ; --            ; --          ; --             ;
; MISC_FILE                          ; lpm_mux4.inc                   ; --            ; --          ; --             ;
; MISC_FILE                          ; lpm_mux5.tdf                   ; --            ; --          ; --             ;
; MISC_FILE                          ; lpm_mux5.bsf                   ; --            ; --          ; --             ;
; MISC_FILE                          ; lpm_mux5.inc                   ; --            ; --          ; --             ;
; MISC_FILE                          ; lpm_bustri4.tdf                ; --            ; --          ; --             ;
; MISC_FILE                          ; lpm_bustri4.bsf                ; --            ; --          ; --             ;
; MISC_FILE                          ; lpm_bustri4.inc                ; --            ; --          ; --             ;
; MISC_FILE                          ; lpm_mux6.tdf                   ; --            ; --          ; --             ;
; MISC_FILE                          ; lpm_mux6.bsf                   ; --            ; --          ; --             ;
; MISC_FILE                          ; lpm_mux6.inc                   ; --            ; --          ; --             ;
; MISC_FILE                          ; lpm_bustri2.tdf                ; --            ; --          ; --             ;
; MISC_FILE                          ; lpm_bustri2.bsf                ; --            ; --          ; --             ;
; MISC_FILE                          ; lpm_bustri2.inc                ; --            ; --          ; --             ;
; MISC_FILE                          ; lpm_mux7.tdf                   ; --            ; --          ; --             ;
; MISC_FILE                          ; lpm_mux7.bsf                   ; --            ; --          ; --             ;
; MISC_FILE                          ; lpm_mux7.inc                   ; --            ; --          ; --             ;
; MISC_FILE                          ; lpm_constant1.tdf              ; --            ; --          ; --             ;
; MISC_FILE                          ; lpm_constant1.bsf              ; --            ; --          ; --             ;
; MISC_FILE                          ; lpm_constant1.inc              ; --            ; --          ; --             ;
; MISC_FILE                          ; lpm_constant2.tdf              ; --            ; --          ; --             ;
; MISC_FILE                          ; lpm_constant2.bsf              ; --            ; --          ; --             ;
; MISC_FILE                          ; lpm_constant2.inc              ; --            ; --          ; --             ;
; MISC_FILE                          ; lpm_constant3.tdf              ; --            ; --          ; --             ;
; MISC_FILE                          ; lpm_constant3.bsf              ; --            ; --          ; --             ;
; MISC_FILE                          ; lpm_constant3.inc              ; --            ; --          ; --             ;
; PARTITION_COLOR                    ; 16764057                       ; --            ; result      ; Top            ;
; PARTITION_NETLIST_TYPE             ; SOURCE                         ; --            ; result      ; Top            ;
; TOP_LEVEL_ENTITY                   ; result                         ; micp          ; --          ; --             ;
; USE_GENERATED_PHYSICAL_CONSTRAINTS ; Off                            ; --            ; --          ; eda_blast_fpga ;
+------------------------------------+--------------------------------+---------------+-------------+----------------+


+-----------------------------------------------------------------------------------------------------------------------------+
; Flow Elapsed Time                                                                                                           ;
+-------------------------+--------------+-------------------------+---------------------+------------------------------------+
; Module Name             ; Elapsed Time ; Average Processors Used ; Peak Virtual Memory ; Total CPU Time (on all processors) ;
+-------------------------+--------------+-------------------------+---------------------+------------------------------------+
; Analysis & Synthesis    ; 00:00:03     ; 1.0                     ; 249 MB              ; 00:00:04                           ;
; Fitter                  ; 00:00:04     ; 1.0                     ; 292 MB              ; 00:00:04                           ;
; Assembler               ; 00:00:01     ; 1.0                     ; 251 MB              ; 00:00:01                           ;
; Classic Timing Analyzer ; 00:00:00     ; 1.0                     ; 181 MB              ; 00:00:00                           ;
; Total                   ; 00:00:08     ; --                      ; --                  ; 00:00:09                           ;
+-------------------------+--------------+-------------------------+---------------------+------------------------------------+


+------------------------------------------------------------------------------------------+
; Flow OS Summary                                                                          ;
+-------------------------+------------------+---------------+------------+----------------+
; Module Name             ; Machine Hostname ; OS Name       ; OS Version ; Processor type ;
+-------------------------+------------------+---------------+------------+----------------+
; Analysis & Synthesis    ; DESKTOP-2D3TMC8  ; Windows Vista ; 6.2        ; x86_64         ;
; Fitter                  ; DESKTOP-2D3TMC8  ; Windows Vista ; 6.2        ; x86_64         ;
; Assembler               ; DESKTOP-2D3TMC8  ; Windows Vista ; 6.2        ; x86_64         ;
; Classic Timing Analyzer ; DESKTOP-2D3TMC8  ; Windows Vista ; 6.2        ; x86_64         ;
+-------------------------+------------------+---------------+------------+----------------+


------------
; Flow Log ;
------------
quartus_map --read_settings_files=on --write_settings_files=off micp -c micp
quartus_fit --read_settings_files=off --write_settings_files=off micp -c micp
quartus_asm --read_settings_files=off --write_settings_files=off micp -c micp
quartus_tan --read_settings_files=off --write_settings_files=off micp -c micp --timing_analysis_only



