Flow report for arbi
Fri Nov 08 23:08:20 2019
Quartus II Version 9.1 Build 222 10/21/2009 SJ Web Edition


---------------------
; Table of Contents ;
---------------------
  1. Legal Notice
  2. Flow Summary
  3. Flow Settings
  4. Flow Non-Default Global Settings
  5. Flow Elapsed Time
  6. Flow OS Summary
  7. Flow Log



----------------
; Legal Notice ;
----------------
Copyright (C) 1991-2009 Altera Corporation
Your use of Altera Corporation's design tools, logic functions 
and other software and tools, and its AMPP partner logic 
functions, and any output files from any of the foregoing 
(including device programming or simulation files), and any 
associated documentation or information are expressly subject 
to the terms and conditions of the Altera Program License 
Subscription Agreement, Altera MegaCore Function License 
Agreement, or other applicable license agreement, including, 
without limitation, that your use is for the sole purpose of 
programming logic devices manufactured by Altera and sold by 
Altera or its authorized distributors.  Please refer to the 
applicable agreement for further details.



+-------------------------------------------------------------------------+
; Flow Summary                                                            ;
+-------------------------------+-----------------------------------------+
; Flow Status                   ; Successful - Fri Nov 08 23:08:20 2019   ;
; Quartus II Version            ; 9.1 Build 222 10/21/2009 SJ Web Edition ;
; Revision Name                 ; arbi                                    ;
; Top-level Entity Name         ; result2                                 ;
; Family                        ; Stratix II                              ;
; Met timing requirements       ; No                                      ;
; Logic utilization             ; 2 %                                     ;
;     Combinational ALUTs       ; 203 / 12,480 ( 2 % )                    ;
;     Dedicated logic registers ; 152 / 12,480 ( 1 % )                    ;
; Total registers               ; 152                                     ;
; Total pins                    ; 42 / 343 ( 12 % )                       ;
; Total virtual pins            ; 0                                       ;
; Total block memory bits       ; 0 / 419,328 ( 0 % )                     ;
; DSP block 9-bit elements      ; 0 / 96 ( 0 % )                          ;
; Total PLLs                    ; 0 / 6 ( 0 % )                           ;
; Total DLLs                    ; 0 / 2 ( 0 % )                           ;
; Device                        ; EP2S15F484C3                            ;
; Timing Models                 ; Final                                   ;
+-------------------------------+-----------------------------------------+


+-----------------------------------------+
; Flow Settings                           ;
+-------------------+---------------------+
; Option            ; Setting             ;
+-------------------+---------------------+
; Start date & time ; 11/08/2019 23:08:10 ;
; Main task         ; Compilation         ;
; Revision Name     ; arbi                ;
+-------------------+---------------------+


+--------------------------------------------------------------------------------------------------------------------+
; Flow Non-Default Global Settings                                                                                   ;
+------------------------------------+--------------------------------+---------------+-------------+----------------+
; Assignment Name                    ; Value                          ; Default Value ; Entity Name ; Section Id     ;
+------------------------------------+--------------------------------+---------------+-------------+----------------+
; COMPILER_SIGNATURE_ID              ; 93328261012165.157324369003544 ; --            ; --          ; --             ;
; IP_TOOL_NAME                       ; LPM_FF                         ; --            ; --          ; --             ;
; IP_TOOL_NAME                       ; LPM_FF                         ; --            ; --          ; --             ;
; IP_TOOL_NAME                       ; LPM_MUX                        ; --            ; --          ; --             ;
; IP_TOOL_NAME                       ; LPM_CONSTANT                   ; --            ; --          ; --             ;
; IP_TOOL_NAME                       ; LPM_CONSTANT                   ; --            ; --          ; --             ;
; IP_TOOL_NAME                       ; LPM_BUSTRI                     ; --            ; --          ; --             ;
; IP_TOOL_NAME                       ; LPM_COUNTER                    ; --            ; --          ; --             ;
; IP_TOOL_NAME                       ; LPM_COMPARE                    ; --            ; --          ; --             ;
; IP_TOOL_NAME                       ; LPM_CONSTANT                   ; --            ; --          ; --             ;
; IP_TOOL_NAME                       ; LPM_FF                         ; --            ; --          ; --             ;
; IP_TOOL_NAME                       ; LPM_CONSTANT                   ; --            ; --          ; --             ;
; IP_TOOL_NAME                       ; LPM_CONSTANT                   ; --            ; --          ; --             ;
; IP_TOOL_NAME                       ; LPM_BUSTRI                     ; --            ; --          ; --             ;
; IP_TOOL_NAME                       ; LPM_COUNTER                    ; --            ; --          ; --             ;
; IP_TOOL_NAME                       ; LPM_COMPARE                    ; --            ; --          ; --             ;
; IP_TOOL_NAME                       ; LPM_OR                         ; --            ; --          ; --             ;
; IP_TOOL_NAME                       ; LPM_OR                         ; --            ; --          ; --             ;
; IP_TOOL_NAME                       ; LPM_CONSTANT                   ; --            ; --          ; --             ;
; IP_TOOL_NAME                       ; LPM_CONSTANT                   ; --            ; --          ; --             ;
; IP_TOOL_NAME                       ; LPM_CONSTANT                   ; --            ; --          ; --             ;
; IP_TOOL_NAME                       ; LPM_CONSTANT                   ; --            ; --          ; --             ;
; IP_TOOL_NAME                       ; LPM_CONSTANT                   ; --            ; --          ; --             ;
; IP_TOOL_NAME                       ; LPM_CONSTANT                   ; --            ; --          ; --             ;
; IP_TOOL_NAME                       ; LPM_CONSTANT                   ; --            ; --          ; --             ;
; IP_TOOL_NAME                       ; LPM_CONSTANT                   ; --            ; --          ; --             ;
; IP_TOOL_NAME                       ; LPM_CONSTANT                   ; --            ; --          ; --             ;
; IP_TOOL_NAME                       ; LPM_CONSTANT                   ; --            ; --          ; --             ;
; IP_TOOL_NAME                       ; LPM_CONSTANT                   ; --            ; --          ; --             ;
; IP_TOOL_NAME                       ; LPM_CONSTANT                   ; --            ; --          ; --             ;
; IP_TOOL_NAME                       ; LPM_DECODE                     ; --            ; --          ; --             ;
; IP_TOOL_NAME                       ; LPM_MUX                        ; --            ; --          ; --             ;
; IP_TOOL_NAME                       ; LPM_DECODE                     ; --            ; --          ; --             ;
; IP_TOOL_NAME                       ; LPM_CONSTANT                   ; --            ; --          ; --             ;
; IP_TOOL_NAME                       ; LPM_FF                         ; --            ; --          ; --             ;
; IP_TOOL_VERSION                    ; 9.1                            ; --            ; --          ; --             ;
; IP_TOOL_VERSION                    ; 9.1                            ; --            ; --          ; --             ;
; IP_TOOL_VERSION                    ; 9.1                            ; --            ; --          ; --             ;
; IP_TOOL_VERSION                    ; 9.1                            ; --            ; --          ; --             ;
; IP_TOOL_VERSION                    ; 9.1                            ; --            ; --          ; --             ;
; IP_TOOL_VERSION                    ; 9.1                            ; --            ; --          ; --             ;
; IP_TOOL_VERSION                    ; 9.1                            ; --            ; --          ; --             ;
; IP_TOOL_VERSION                    ; 9.1                            ; --            ; --          ; --             ;
; IP_TOOL_VERSION                    ; 9.1                            ; --            ; --          ; --             ;
; IP_TOOL_VERSION                    ; 9.1                            ; --            ; --          ; --             ;
; IP_TOOL_VERSION                    ; 9.1                            ; --            ; --          ; --             ;
; IP_TOOL_VERSION                    ; 9.1                            ; --            ; --          ; --             ;
; IP_TOOL_VERSION                    ; 9.1                            ; --            ; --          ; --             ;
; IP_TOOL_VERSION                    ; 9.1                            ; --            ; --          ; --             ;
; IP_TOOL_VERSION                    ; 9.1                            ; --            ; --          ; --             ;
; IP_TOOL_VERSION                    ; 9.1                            ; --            ; --          ; --             ;
; IP_TOOL_VERSION                    ; 9.1                            ; --            ; --          ; --             ;
; IP_TOOL_VERSION                    ; 9.1                            ; --            ; --          ; --             ;
; IP_TOOL_VERSION                    ; 9.1                            ; --            ; --          ; --             ;
; IP_TOOL_VERSION                    ; 9.1                            ; --            ; --          ; --             ;
; IP_TOOL_VERSION                    ; 9.1                            ; --            ; --          ; --             ;
; IP_TOOL_VERSION                    ; 9.1                            ; --            ; --          ; --             ;
; IP_TOOL_VERSION                    ; 9.1                            ; --            ; --          ; --             ;
; IP_TOOL_VERSION                    ; 9.1                            ; --            ; --          ; --             ;
; IP_TOOL_VERSION                    ; 9.1                            ; --            ; --          ; --             ;
; IP_TOOL_VERSION                    ; 9.1                            ; --            ; --          ; --             ;
; IP_TOOL_VERSION                    ; 9.1                            ; --            ; --          ; --             ;
; IP_TOOL_VERSION                    ; 9.1                            ; --            ; --          ; --             ;
; IP_TOOL_VERSION                    ; 9.1                            ; --            ; --          ; --             ;
; IP_TOOL_VERSION                    ; 9.1                            ; --            ; --          ; --             ;
; IP_TOOL_VERSION                    ; 9.1                            ; --            ; --          ; --             ;
; IP_TOOL_VERSION                    ; 9.1                            ; --            ; --          ; --             ;
; IP_TOOL_VERSION                    ; 9.1                            ; --            ; --          ; --             ;
; IP_TOOL_VERSION                    ; 9.1                            ; --            ; --          ; --             ;
; MISC_FILE                          ; lpm_dff0.tdf                   ; --            ; --          ; --             ;
; MISC_FILE                          ; lpm_dff0.bsf                   ; --            ; --          ; --             ;
; MISC_FILE                          ; lpm_dff0.inc                   ; --            ; --          ; --             ;
; MISC_FILE                          ; lpm_dff1.tdf                   ; --            ; --          ; --             ;
; MISC_FILE                          ; lpm_dff1.bsf                   ; --            ; --          ; --             ;
; MISC_FILE                          ; lpm_dff1.inc                   ; --            ; --          ; --             ;
; MISC_FILE                          ; lpm_mux0.tdf                   ; --            ; --          ; --             ;
; MISC_FILE                          ; lpm_mux0.bsf                   ; --            ; --          ; --             ;
; MISC_FILE                          ; lpm_mux0.inc                   ; --            ; --          ; --             ;
; MISC_FILE                          ; lpm_constant4.tdf              ; --            ; --          ; --             ;
; MISC_FILE                          ; lpm_constant4.bsf              ; --            ; --          ; --             ;
; MISC_FILE                          ; lpm_constant4.inc              ; --            ; --          ; --             ;
; MISC_FILE                          ; lpm_constant0.tdf              ; --            ; --          ; --             ;
; MISC_FILE                          ; lpm_constant0.bsf              ; --            ; --          ; --             ;
; MISC_FILE                          ; lpm_constant0.inc              ; --            ; --          ; --             ;
; MISC_FILE                          ; lpm_bustri3.tdf                ; --            ; --          ; --             ;
; MISC_FILE                          ; lpm_bustri3.bsf                ; --            ; --          ; --             ;
; MISC_FILE                          ; lpm_bustri3.inc                ; --            ; --          ; --             ;
; MISC_FILE                          ; lpm_counter0.tdf               ; --            ; --          ; --             ;
; MISC_FILE                          ; lpm_counter0.bsf               ; --            ; --          ; --             ;
; MISC_FILE                          ; lpm_counter0.inc               ; --            ; --          ; --             ;
; MISC_FILE                          ; lpm_compare0.tdf               ; --            ; --          ; --             ;
; MISC_FILE                          ; lpm_compare0.bsf               ; --            ; --          ; --             ;
; MISC_FILE                          ; lpm_compare0.inc               ; --            ; --          ; --             ;
; MISC_FILE                          ; lpm_constant1.tdf              ; --            ; --          ; --             ;
; MISC_FILE                          ; lpm_constant1.bsf              ; --            ; --          ; --             ;
; MISC_FILE                          ; lpm_constant1.inc              ; --            ; --          ; --             ;
; MISC_FILE                          ; lpm_dff2.tdf                   ; --            ; --          ; --             ;
; MISC_FILE                          ; lpm_dff2.bsf                   ; --            ; --          ; --             ;
; MISC_FILE                          ; lpm_dff2.inc                   ; --            ; --          ; --             ;
; MISC_FILE                          ; lpm_constant2.tdf              ; --            ; --          ; --             ;
; MISC_FILE                          ; lpm_constant2.bsf              ; --            ; --          ; --             ;
; MISC_FILE                          ; lpm_constant2.inc              ; --            ; --          ; --             ;
; MISC_FILE                          ; lpm_constant3.tdf              ; --            ; --          ; --             ;
; MISC_FILE                          ; lpm_constant3.bsf              ; --            ; --          ; --             ;
; MISC_FILE                          ; lpm_constant3.inc              ; --            ; --          ; --             ;
; MISC_FILE                          ; lpm_bustri0.tdf                ; --            ; --          ; --             ;
; MISC_FILE                          ; lpm_bustri0.bsf                ; --            ; --          ; --             ;
; MISC_FILE                          ; lpm_bustri0.inc                ; --            ; --          ; --             ;
; MISC_FILE                          ; lpm_counter1.tdf               ; --            ; --          ; --             ;
; MISC_FILE                          ; lpm_counter1.bsf               ; --            ; --          ; --             ;
; MISC_FILE                          ; lpm_counter1.inc               ; --            ; --          ; --             ;
; MISC_FILE                          ; lpm_compare1.tdf               ; --            ; --          ; --             ;
; MISC_FILE                          ; lpm_compare1.bsf               ; --            ; --          ; --             ;
; MISC_FILE                          ; lpm_compare1.inc               ; --            ; --          ; --             ;
; MISC_FILE                          ; lpm_or0.tdf                    ; --            ; --          ; --             ;
; MISC_FILE                          ; lpm_or0.bsf                    ; --            ; --          ; --             ;
; MISC_FILE                          ; lpm_or0.inc                    ; --            ; --          ; --             ;
; MISC_FILE                          ; lpm_or1.tdf                    ; --            ; --          ; --             ;
; MISC_FILE                          ; lpm_or1.bsf                    ; --            ; --          ; --             ;
; MISC_FILE                          ; lpm_or1.inc                    ; --            ; --          ; --             ;
; MISC_FILE                          ; lpm_constant5.tdf              ; --            ; --          ; --             ;
; MISC_FILE                          ; lpm_constant5.bsf              ; --            ; --          ; --             ;
; MISC_FILE                          ; lpm_constant5.inc              ; --            ; --          ; --             ;
; MISC_FILE                          ; lpm_constant6.tdf              ; --            ; --          ; --             ;
; MISC_FILE                          ; lpm_constant6.bsf              ; --            ; --          ; --             ;
; MISC_FILE                          ; lpm_constant6.inc              ; --            ; --          ; --             ;
; MISC_FILE                          ; lpm_constant7.tdf              ; --            ; --          ; --             ;
; MISC_FILE                          ; lpm_constant7.bsf              ; --            ; --          ; --             ;
; MISC_FILE                          ; lpm_constant7.inc              ; --            ; --          ; --             ;
; MISC_FILE                          ; lpm_constant8.tdf              ; --            ; --          ; --             ;
; MISC_FILE                          ; lpm_constant8.bsf              ; --            ; --          ; --             ;
; MISC_FILE                          ; lpm_constant8.inc              ; --            ; --          ; --             ;
; MISC_FILE                          ; lpm_constant9.tdf              ; --            ; --          ; --             ;
; MISC_FILE                          ; lpm_constant9.bsf              ; --            ; --          ; --             ;
; MISC_FILE                          ; lpm_constant9.inc              ; --            ; --          ; --             ;
; MISC_FILE                          ; lpm_constant10.tdf             ; --            ; --          ; --             ;
; MISC_FILE                          ; lpm_constant10.bsf             ; --            ; --          ; --             ;
; MISC_FILE                          ; lpm_constant10.inc             ; --            ; --          ; --             ;
; MISC_FILE                          ; lpm_constant11.tdf             ; --            ; --          ; --             ;
; MISC_FILE                          ; lpm_constant11.bsf             ; --            ; --          ; --             ;
; MISC_FILE                          ; lpm_constant11.inc             ; --            ; --          ; --             ;
; MISC_FILE                          ; lpm_constant12.tdf             ; --            ; --          ; --             ;
; MISC_FILE                          ; lpm_constant12.bsf             ; --            ; --          ; --             ;
; MISC_FILE                          ; lpm_constant12.inc             ; --            ; --          ; --             ;
; MISC_FILE                          ; lpm_constant13.tdf             ; --            ; --          ; --             ;
; MISC_FILE                          ; lpm_constant13.bsf             ; --            ; --          ; --             ;
; MISC_FILE                          ; lpm_constant13.inc             ; --            ; --          ; --             ;
; MISC_FILE                          ; lpm_constant14.tdf             ; --            ; --          ; --             ;
; MISC_FILE                          ; lpm_constant14.bsf             ; --            ; --          ; --             ;
; MISC_FILE                          ; lpm_constant14.inc             ; --            ; --          ; --             ;
; MISC_FILE                          ; lpm_constant15.tdf             ; --            ; --          ; --             ;
; MISC_FILE                          ; lpm_constant15.bsf             ; --            ; --          ; --             ;
; MISC_FILE                          ; lpm_constant15.inc             ; --            ; --          ; --             ;
; MISC_FILE                          ; lpm_constant16.tdf             ; --            ; --          ; --             ;
; MISC_FILE                          ; lpm_constant16.bsf             ; --            ; --          ; --             ;
; MISC_FILE                          ; lpm_constant16.inc             ; --            ; --          ; --             ;
; MISC_FILE                          ; lpm_decode0.tdf                ; --            ; --          ; --             ;
; MISC_FILE                          ; lpm_decode0.bsf                ; --            ; --          ; --             ;
; MISC_FILE                          ; lpm_decode0.inc                ; --            ; --          ; --             ;
; MISC_FILE                          ; lpm_mux1.tdf                   ; --            ; --          ; --             ;
; MISC_FILE                          ; lpm_mux1.bsf                   ; --            ; --          ; --             ;
; MISC_FILE                          ; lpm_mux1.inc                   ; --            ; --          ; --             ;
; MISC_FILE                          ; lpm_decode1.tdf                ; --            ; --          ; --             ;
; MISC_FILE                          ; lpm_decode1.bsf                ; --            ; --          ; --             ;
; MISC_FILE                          ; lpm_decode1.inc                ; --            ; --          ; --             ;
; MISC_FILE                          ; lpm_constant17.tdf             ; --            ; --          ; --             ;
; MISC_FILE                          ; lpm_constant17.bsf             ; --            ; --          ; --             ;
; MISC_FILE                          ; lpm_constant17.inc             ; --            ; --          ; --             ;
; MISC_FILE                          ; lpm_dff3.tdf                   ; --            ; --          ; --             ;
; MISC_FILE                          ; lpm_dff3.bsf                   ; --            ; --          ; --             ;
; MISC_FILE                          ; lpm_dff3.inc                   ; --            ; --          ; --             ;
; PARTITION_COLOR                    ; 16764057                       ; --            ; result2     ; Top            ;
; PARTITION_NETLIST_TYPE             ; SOURCE                         ; --            ; result2     ; Top            ;
; TOP_LEVEL_ENTITY                   ; result2                        ; arbi          ; --          ; --             ;
; USE_GENERATED_PHYSICAL_CONSTRAINTS ; Off                            ; --            ; --          ; eda_blast_fpga ;
+------------------------------------+--------------------------------+---------------+-------------+----------------+


+-----------------------------------------------------------------------------------------------------------------------------+
; Flow Elapsed Time                                                                                                           ;
+-------------------------+--------------+-------------------------+---------------------+------------------------------------+
; Module Name             ; Elapsed Time ; Average Processors Used ; Peak Virtual Memory ; Total CPU Time (on all processors) ;
+-------------------------+--------------+-------------------------+---------------------+------------------------------------+
; Analysis & Synthesis    ; 00:00:02     ; 1.0                     ; 244 MB              ; 00:00:03                           ;
; Fitter                  ; 00:00:03     ; 1.0                     ; 293 MB              ; 00:00:04                           ;
; Assembler               ; 00:00:01     ; 1.0                     ; 251 MB              ; 00:00:01                           ;
; Classic Timing Analyzer ; 00:00:00     ; 1.0                     ; 182 MB              ; 00:00:00                           ;
; Total                   ; 00:00:06     ; --                      ; --                  ; 00:00:08                           ;
+-------------------------+--------------+-------------------------+---------------------+------------------------------------+


+------------------------------------------------------------------------------------------+
; Flow OS Summary                                                                          ;
+-------------------------+------------------+---------------+------------+----------------+
; Module Name             ; Machine Hostname ; OS Name       ; OS Version ; Processor type ;
+-------------------------+------------------+---------------+------------+----------------+
; Analysis & Synthesis    ; DESKTOP-2D3TMC8  ; Windows Vista ; 6.2        ; x86_64         ;
; Fitter                  ; DESKTOP-2D3TMC8  ; Windows Vista ; 6.2        ; x86_64         ;
; Assembler               ; DESKTOP-2D3TMC8  ; Windows Vista ; 6.2        ; x86_64         ;
; Classic Timing Analyzer ; DESKTOP-2D3TMC8  ; Windows Vista ; 6.2        ; x86_64         ;
+-------------------------+------------------+---------------+------------+----------------+


------------
; Flow Log ;
------------
quartus_map --read_settings_files=on --write_settings_files=off arbi -c arbi
quartus_fit --read_settings_files=off --write_settings_files=off arbi -c arbi
quartus_asm --read_settings_files=off --write_settings_files=off arbi -c arbi
quartus_tan --read_settings_files=off --write_settings_files=off arbi -c arbi --timing_analysis_only



